::1 - - [30/Apr/2020:18:54:50 +0530] "GET /us_splash/index.php HTTP/1.1" 200 1511 "-" "Mozilla/5.0 (Windows NT 6.3; WOW64; Trident/7.0; rv:11.0) like Gecko"
::1 - - [30/Apr/2020:18:54:50 +0530] "GET /index.php HTTP/1.1" 200 1161 "-" "Mozilla/5.0 (Windows NT 6.3; WOW64; Trident/7.0; rv:11.0) like Gecko"
::1 - - [30/Apr/2020:18:54:50 +0530] "GET /us_splash/css/style.css HTTP/1.1" 200 749 "http://localhost:81/us_splash/index.php" "Mozilla/5.0 (Windows NT 6.3; WOW64; Trident/7.0; rv:11.0) like Gecko"
::1 - - [30/Apr/2020:18:54:50 +0530] "GET /images/logo.png HTTP/1.1" 200 28212 "http://localhost:81/index.php" "Mozilla/5.0 (Windows NT 6.3; WOW64; Trident/7.0; rv:11.0) like Gecko"
::1 - - [30/Apr/2020:18:54:50 +0530] "GET /css/style.css HTTP/1.1" 200 735 "http://localhost:81/index.php" "Mozilla/5.0 (Windows NT 6.3; WOW64; Trident/7.0; rv:11.0) like Gecko"
::1 - - [30/Apr/2020:18:54:50 +0530] "GET /images/padlock2.gif HTTP/1.1" 200 1144 "http://localhost:81/index.php" "Mozilla/5.0 (Windows NT 6.3; WOW64; Trident/7.0; rv:11.0) like Gecko"
::1 - - [30/Apr/2020:18:54:50 +0530] "GET /us_splash/images/logo.png HTTP/1.1" 200 28212 "http://localhost:81/us_splash/index.php" "Mozilla/5.0 (Windows NT 6.3; WOW64; Trident/7.0; rv:11.0) like Gecko"
::1 - - [30/Apr/2020:18:54:51 +0530] "GET /images/branding_bg.png HTTP/1.1" 200 2889 "http://localhost:81/index.php" "Mozilla/5.0 (Windows NT 6.3; WOW64; Trident/7.0; rv:11.0) like Gecko"
::1 - - [30/Apr/2020:18:54:51 +0530] "GET /us_splash/images/branding_bg.png HTTP/1.1" 200 2889 "http://localhost:81/us_splash/index.php" "Mozilla/5.0 (Windows NT 6.3; WOW64; Trident/7.0; rv:11.0) like Gecko"
::1 - - [30/Apr/2020:18:54:51 +0530] "GET /favicon.ico HTTP/1.1" 200 584 "-" "Mozilla/5.0 (Windows NT 6.3; WOW64; Trident/7.0; rv:11.0) like Gecko"
::1 - - [30/Apr/2020:18:59:02 +0530] "GET / HTTP/1.1" 200 1161 "-" "Mozilla/5.0 (Windows NT 6.3; WOW64; Trident/7.0; rv:11.0) like Gecko"
::1 - - [30/Apr/2020:18:59:17 +0530] "GET /us_opt1/index.php HTTP/1.1" 200 14252 "-" "Mozilla/5.0 (Windows NT 6.3; WOW64; Trident/7.0; rv:11.0) like Gecko"
::1 - - [30/Apr/2020:18:59:30 +0530] "GET /us_opt1/js/vendor/codemirror/addon/lint/lint.css?v=5.0.2 HTTP/1.1" 200 1265 "http://localhost:81/us_opt1/index.php" "Mozilla/5.0 (Windows NT 6.3; WOW64; Trident/7.0; rv:11.0) like Gecko"
::1 - - [30/Apr/2020:18:59:30 +0530] "GET /us_opt1/themes/pmahomme/jquery/jquery-ui.css HTTP/1.1" 200 8438 "http://localhost:81/us_opt1/index.php" "Mozilla/5.0 (Windows NT 6.3; WOW64; Trident/7.0; rv:11.0) like Gecko"
::1 - - [30/Apr/2020:18:59:30 +0530] "GET /us_opt1/js/vendor/codemirror/addon/hint/show-hint.css?v=5.0.2 HTTP/1.1" 200 324 "http://localhost:81/us_opt1/index.php" "Mozilla/5.0 (Windows NT 6.3; WOW64; Trident/7.0; rv:11.0) like Gecko"
::1 - - [30/Apr/2020:18:59:30 +0530] "GET /us_opt1/js/vendor/codemirror/lib/codemirror.css?v=5.0.2 HTTP/1.1" 200 2534 "http://localhost:81/us_opt1/index.php" "Mozilla/5.0 (Windows NT 6.3; WOW64; Trident/7.0; rv:11.0) like Gecko"
::1 - - [30/Apr/2020:18:59:30 +0530] "GET /us_opt1/themes/pmahomme/css/printview.css?v=5.0.2 HTTP/1.1" 200 647 "http://localhost:81/us_opt1/index.php" "Mozilla/5.0 (Windows NT 6.3; WOW64; Trident/7.0; rv:11.0) like Gecko"
::1 - - [30/Apr/2020:18:59:30 +0530] "GET /us_opt1/js/vendor/jquery/jquery-migrate.js?v=5.0.2 HTTP/1.1" 200 6146 "http://localhost:81/us_opt1/index.php" "Mozilla/5.0 (Windows NT 6.3; WOW64; Trident/7.0; rv:11.0) like Gecko"
::1 - - [30/Apr/2020:18:59:30 +0530] "GET /us_opt1/themes/pmahomme/css/theme.css?v=5.0.2&nocache=2044905578ltr&server=1 HTTP/1.1" 200 20189 "http://localhost:81/us_opt1/index.php" "Mozilla/5.0 (Windows NT 6.3; WOW64; Trident/7.0; rv:11.0) like Gecko"
::1 - - [30/Apr/2020:18:59:30 +0530] "GET /us_opt1/js/vendor/jquery/jquery.min.js?v=5.0.2 HTTP/1.1" 200 30599 "http://localhost:81/us_opt1/index.php" "Mozilla/5.0 (Windows NT 6.3; WOW64; Trident/7.0; rv:11.0) like Gecko"
::1 - - [30/Apr/2020:18:59:30 +0530] "GET /us_opt1/js/ajax.js?v=5.0.2 HTTP/1.1" 200 8331 "http://localhost:81/us_opt1/index.php" "Mozilla/5.0 (Windows NT 6.3; WOW64; Trident/7.0; rv:11.0) like Gecko"
::1 - - [30/Apr/2020:18:59:30 +0530] "GET /us_opt1/js/keyhandler.js?v=5.0.2 HTTP/1.1" 200 1065 "http://localhost:81/us_opt1/index.php" "Mozilla/5.0 (Windows NT 6.3; WOW64; Trident/7.0; rv:11.0) like Gecko"
::1 - - [30/Apr/2020:18:59:30 +0530] "GET /us_opt1/js/vendor/sprintf.js?v=5.0.2 HTTP/1.1" 200 2552 "http://localhost:81/us_opt1/index.php" "Mozilla/5.0 (Windows NT 6.3; WOW64; Trident/7.0; rv:11.0) like Gecko"
::1 - - [30/Apr/2020:18:59:30 +0530] "GET /us_opt1/js/vendor/bootstrap/bootstrap.bundle.min.js?v=5.0.2 HTTP/1.1" 200 22230 "http://localhost:81/us_opt1/index.php" "Mozilla/5.0 (Windows NT 6.3; WOW64; Trident/7.0; rv:11.0) like Gecko"
::1 - - [30/Apr/2020:18:59:30 +0530] "GET /us_opt1/js/vendor/jquery/jquery.mousewheel.js?v=5.0.2 HTTP/1.1" 200 2545 "http://localhost:81/us_opt1/index.php" "Mozilla/5.0 (Windows NT 6.3; WOW64; Trident/7.0; rv:11.0) like Gecko"
::1 - - [30/Apr/2020:18:59:30 +0530] "GET /us_opt1/js/vendor/jquery/jquery.event.drag-2.2.js?v=5.0.2 HTTP/1.1" 200 4233 "http://localhost:81/us_opt1/index.php" "Mozilla/5.0 (Windows NT 6.3; WOW64; Trident/7.0; rv:11.0) like Gecko"
::1 - - [30/Apr/2020:18:59:30 +0530] "GET /us_opt1/js/vendor/jquery/jquery.validate.js?v=5.0.2 HTTP/1.1" 200 13446 "http://localhost:81/us_opt1/index.php" "Mozilla/5.0 (Windows NT 6.3; WOW64; Trident/7.0; rv:11.0) like Gecko"
::1 - - [30/Apr/2020:18:59:30 +0530] "GET /us_opt1/js/vendor/js.cookie.js?v=5.0.2 HTTP/1.1" 200 1526 "http://localhost:81/us_opt1/index.php" "Mozilla/5.0 (Windows NT 6.3; WOW64; Trident/7.0; rv:11.0) like Gecko"
::1 - - [30/Apr/2020:18:59:30 +0530] "GET /us_opt1/js/vendor/jquery/jquery-ui.min.js?v=5.0.2 HTTP/1.1" 200 67446 "http://localhost:81/us_opt1/index.php" "Mozilla/5.0 (Windows NT 6.3; WOW64; Trident/7.0; rv:11.0) like Gecko"
::1 - - [30/Apr/2020:18:59:31 +0530] "GET /us_opt1/js/vendor/jquery/jquery.debounce-1.0.5.js?v=5.0.2 HTTP/1.1" 200 529 "http://localhost:81/us_opt1/index.php" "Mozilla/5.0 (Windows NT 6.3; WOW64; Trident/7.0; rv:11.0) like Gecko"
::1 - - [30/Apr/2020:18:59:31 +0530] "GET /us_opt1/js/vendor/jquery/jquery.ba-hashchange-1.3.js?v=5.0.2 HTTP/1.1" 200 5332 "http://localhost:81/us_opt1/index.php" "Mozilla/5.0 (Windows NT 6.3; WOW64; Trident/7.0; rv:11.0) like Gecko"
::1 - - [30/Apr/2020:18:59:30 +0530] "GET /us_opt1/js/vendor/jquery/jquery-ui-timepicker-addon.js?v=5.0.2 HTTP/1.1" 200 18805 "http://localhost:81/us_opt1/index.php" "Mozilla/5.0 (Windows NT 6.3; WOW64; Trident/7.0; rv:11.0) like Gecko"
::1 - - [30/Apr/2020:18:59:31 +0530] "GET /us_opt1/js/cross_framing_protection.js?v=5.0.2 HTTP/1.1" 200 299 "http://localhost:81/us_opt1/index.php" "Mozilla/5.0 (Windows NT 6.3; WOW64; Trident/7.0; rv:11.0) like Gecko"
::1 - - [30/Apr/2020:18:59:31 +0530] "GET /us_opt1/js/menu_resizer.js?v=5.0.2 HTTP/1.1" 200 2274 "http://localhost:81/us_opt1/index.php" "Mozilla/5.0 (Windows NT 6.3; WOW64; Trident/7.0; rv:11.0) like Gecko"
::1 - - [30/Apr/2020:18:59:31 +0530] "GET /us_opt1/js/rte.js?v=5.0.2 HTTP/1.1" 200 8376 "http://localhost:81/us_opt1/index.php" "Mozilla/5.0 (Windows NT 6.3; WOW64; Trident/7.0; rv:11.0) like Gecko"
::1 - - [30/Apr/2020:18:59:31 +0530] "GET /us_opt1/js/vendor/tracekit.js?v=5.0.2 HTTP/1.1" 200 11271 "http://localhost:81/us_opt1/index.php" "Mozilla/5.0 (Windows NT 6.3; WOW64; Trident/7.0; rv:11.0) like Gecko"
::1 - - [30/Apr/2020:18:59:31 +0530] "GET /us_opt1/js/error_report.js?v=5.0.2 HTTP/1.1" 200 2672 "http://localhost:81/us_opt1/index.php" "Mozilla/5.0 (Windows NT 6.3; WOW64; Trident/7.0; rv:11.0) like Gecko"
::1 - - [30/Apr/2020:18:59:31 +0530] "GET /us_opt1/js/doclinks.js?v=5.0.2 HTTP/1.1" 200 3743 "http://localhost:81/us_opt1/index.php" "Mozilla/5.0 (Windows NT 6.3; WOW64; Trident/7.0; rv:11.0) like Gecko"
::1 - - [30/Apr/2020:18:59:30 +0530] "GET /us_opt1/js/whitelist.php?v=5.0.2 HTTP/1.1" 200 478 "http://localhost:81/us_opt1/index.php" "Mozilla/5.0 (Windows NT 6.3; WOW64; Trident/7.0; rv:11.0) like Gecko"
::1 - - [30/Apr/2020:18:59:31 +0530] "GET /us_opt1/js/config.js?v=5.0.2 HTTP/1.1" 200 6767 "http://localhost:81/us_opt1/index.php" "Mozilla/5.0 (Windows NT 6.3; WOW64; Trident/7.0; rv:11.0) like Gecko"
::1 - - [30/Apr/2020:18:59:31 +0530] "GET /us_opt1/js/common.js?v=5.0.2 HTTP/1.1" 200 1439 "http://localhost:81/us_opt1/index.php" "Mozilla/5.0 (Windows NT 6.3; WOW64; Trident/7.0; rv:11.0) like Gecko"
::1 - - [30/Apr/2020:18:59:31 +0530] "GET /us_opt1/js/page_settings.js?v=5.0.2 HTTP/1.1" 200 640 "http://localhost:81/us_opt1/index.php" "Mozilla/5.0 (Windows NT 6.3; WOW64; Trident/7.0; rv:11.0) like Gecko"
::1 - - [30/Apr/2020:18:59:31 +0530] "GET /us_opt1/js/navigation.js?v=5.0.2 HTTP/1.1" 200 12279 "http://localhost:81/us_opt1/index.php" "Mozilla/5.0 (Windows NT 6.3; WOW64; Trident/7.0; rv:11.0) like Gecko"
::1 - - [30/Apr/2020:18:59:31 +0530] "GET /us_opt1/js/drag_drop_import.js?v=5.0.2 HTTP/1.1" 200 3573 "http://localhost:81/us_opt1/index.php" "Mozilla/5.0 (Windows NT 6.3; WOW64; Trident/7.0; rv:11.0) like Gecko"
::1 - - [30/Apr/2020:18:59:31 +0530] "GET /us_opt1/js/indexes.js?v=5.0.2 HTTP/1.1" 200 6419 "http://localhost:81/us_opt1/index.php" "Mozilla/5.0 (Windows NT 6.3; WOW64; Trident/7.0; rv:11.0) like Gecko"
::1 - - [30/Apr/2020:18:59:31 +0530] "GET /us_opt1/js/shortcuts_handler.js?v=5.0.2 HTTP/1.1" 200 883 "http://localhost:81/us_opt1/index.php" "Mozilla/5.0 (Windows NT 6.3; WOW64; Trident/7.0; rv:11.0) like Gecko"
::1 - - [30/Apr/2020:18:59:31 +0530] "GET /us_opt1/js/functions.js?v=5.0.2 HTTP/1.1" 200 41336 "http://localhost:81/us_opt1/index.php" "Mozilla/5.0 (Windows NT 6.3; WOW64; Trident/7.0; rv:11.0) like Gecko"
::1 - - [30/Apr/2020:18:59:31 +0530] "GET /us_opt1/js/vendor/codemirror/mode/sql/sql.js?v=5.0.2 HTTP/1.1" 200 13275 "http://localhost:81/us_opt1/index.php" "Mozilla/5.0 (Windows NT 6.3; WOW64; Trident/7.0; rv:11.0) like Gecko"
::1 - - [30/Apr/2020:18:59:31 +0530] "GET /us_opt1/js/vendor/codemirror/addon/runmode/runmode.js?v=5.0.2 HTTP/1.1" 200 1040 "http://localhost:81/us_opt1/index.php" "Mozilla/5.0 (Windows NT 6.3; WOW64; Trident/7.0; rv:11.0) like Gecko"
::1 - - [30/Apr/2020:18:59:31 +0530] "GET /us_opt1/js/vendor/codemirror/addon/hint/show-hint.js?v=5.0.2 HTTP/1.1" 200 4930 "http://localhost:81/us_opt1/index.php" "Mozilla/5.0 (Windows NT 6.3; WOW64; Trident/7.0; rv:11.0) like Gecko"
::1 - - [30/Apr/2020:18:59:31 +0530] "GET /us_opt1/js/codemirror/addon/lint/sql-lint.js?v=5.0.2 HTTP/1.1" 200 459 "http://localhost:81/us_opt1/index.php" "Mozilla/5.0 (Windows NT 6.3; WOW64; Trident/7.0; rv:11.0) like Gecko"
::1 - - [30/Apr/2020:18:59:31 +0530] "GET /us_opt1/js/vendor/codemirror/addon/hint/sql-hint.js?v=5.0.2 HTTP/1.1" 200 2739 "http://localhost:81/us_opt1/index.php" "Mozilla/5.0 (Windows NT 6.3; WOW64; Trident/7.0; rv:11.0) like Gecko"
::1 - - [30/Apr/2020:18:59:31 +0530] "GET /us_opt1/js/vendor/codemirror/addon/lint/lint.js?v=5.0.2 HTTP/1.1" 200 2574 "http://localhost:81/us_opt1/index.php" "Mozilla/5.0 (Windows NT 6.3; WOW64; Trident/7.0; rv:11.0) like Gecko"
::1 - - [30/Apr/2020:18:59:31 +0530] "GET /us_opt1/themes/pmahomme/img/logo_left.png HTTP/1.1" 200 2713 "http://localhost:81/us_opt1/index.php" "Mozilla/5.0 (Windows NT 6.3; WOW64; Trident/7.0; rv:11.0) like Gecko"
::1 - - [30/Apr/2020:18:59:31 +0530] "GET /us_opt1/js/console.js?v=5.0.2 HTTP/1.1" 200 10254 "http://localhost:81/us_opt1/index.php" "Mozilla/5.0 (Windows NT 6.3; WOW64; Trident/7.0; rv:11.0) like Gecko"
::1 - - [30/Apr/2020:18:59:31 +0530] "GET /us_opt1/themes/dot.gif HTTP/1.1" 200 43 "http://localhost:81/us_opt1/index.php" "Mozilla/5.0 (Windows NT 6.3; WOW64; Trident/7.0; rv:11.0) like Gecko"
::1 - - [30/Apr/2020:18:59:31 +0530] "GET /us_opt1/js/messages.php?l=en&v=5.0.2 HTTP/1.1" 200 8852 "http://localhost:81/us_opt1/index.php" "Mozilla/5.0 (Windows NT 6.3; WOW64; Trident/7.0; rv:11.0) like Gecko"
::1 - - [30/Apr/2020:18:59:31 +0530] "GET /us_opt1/js/vendor/codemirror/lib/codemirror.js?v=5.0.2 HTTP/1.1" 200 104369 "http://localhost:81/us_opt1/index.php" "Mozilla/5.0 (Windows NT 6.3; WOW64; Trident/7.0; rv:11.0) like Gecko"
::1 - - [30/Apr/2020:18:59:32 +0530] "GET /us_opt1/themes/pmahomme/img/left_nav_bg.png HTTP/1.1" 200 146 "http://localhost:81/us_opt1/index.php" "Mozilla/5.0 (Windows NT 6.3; WOW64; Trident/7.0; rv:11.0) like Gecko"
::1 - - [30/Apr/2020:18:59:32 +0530] "GET /us_opt1/themes/pmahomme/img/b_home.png HTTP/1.1" 200 734 "http://localhost:81/us_opt1/index.php" "Mozilla/5.0 (Windows NT 6.3; WOW64; Trident/7.0; rv:11.0) like Gecko"
::1 - - [30/Apr/2020:18:59:32 +0530] "GET /us_opt1/themes/pmahomme/img/b_sqlhelp.png HTTP/1.1" 200 512 "http://localhost:81/us_opt1/index.php" "Mozilla/5.0 (Windows NT 6.3; WOW64; Trident/7.0; rv:11.0) like Gecko"
::1 - - [30/Apr/2020:18:59:32 +0530] "GET /us_opt1/themes/pmahomme/img/b_docs.png HTTP/1.1" 200 705 "http://localhost:81/us_opt1/index.php" "Mozilla/5.0 (Windows NT 6.3; WOW64; Trident/7.0; rv:11.0) like Gecko"
::1 - - [30/Apr/2020:18:59:32 +0530] "GET /us_opt1/themes/pmahomme/img/s_loggoff.png HTTP/1.1" 200 626 "http://localhost:81/us_opt1/index.php" "Mozilla/5.0 (Windows NT 6.3; WOW64; Trident/7.0; rv:11.0) like Gecko"
::1 - - [30/Apr/2020:18:59:32 +0530] "GET /us_opt1/themes/pmahomme/img/s_cog.png HTTP/1.1" 200 442 "http://localhost:81/us_opt1/index.php" "Mozilla/5.0 (Windows NT 6.3; WOW64; Trident/7.0; rv:11.0) like Gecko"
::1 - - [30/Apr/2020:18:59:32 +0530] "GET /us_opt1/themes/pmahomme/img/s_reload.png HTTP/1.1" 200 527 "http://localhost:81/us_opt1/index.php" "Mozilla/5.0 (Windows NT 6.3; WOW64; Trident/7.0; rv:11.0) like Gecko"
::1 - - [30/Apr/2020:18:59:32 +0530] "GET /us_opt1/themes/pmahomme/img/ajax_clock_small.gif HTTP/1.1" 200 1810 "http://localhost:81/us_opt1/index.php" "Mozilla/5.0 (Windows NT 6.3; WOW64; Trident/7.0; rv:11.0) like Gecko"
::1 - - [30/Apr/2020:18:59:32 +0530] "GET /us_opt1/themes/pmahomme/img/s_link.png HTTP/1.1" 200 280 "http://localhost:81/us_opt1/index.php" "Mozilla/5.0 (Windows NT 6.3; WOW64; Trident/7.0; rv:11.0) like Gecko"
::1 - - [30/Apr/2020:18:59:32 +0530] "GET /us_opt1/themes/pmahomme/img/b_newdb.png HTTP/1.1" 200 585 "http://localhost:81/us_opt1/index.php" "Mozilla/5.0 (Windows NT 6.3; WOW64; Trident/7.0; rv:11.0) like Gecko"
::1 - - [30/Apr/2020:18:59:32 +0530] "GET /us_opt1/themes/pmahomme/img/s_db.png HTTP/1.1" 200 328 "http://localhost:81/us_opt1/index.php" "Mozilla/5.0 (Windows NT 6.3; WOW64; Trident/7.0; rv:11.0) like Gecko"
::1 - - [30/Apr/2020:18:59:32 +0530] "GET /us_opt1/themes/pmahomme/img/s_host.png HTTP/1.1" 200 591 "http://localhost:81/us_opt1/index.php" "Mozilla/5.0 (Windows NT 6.3; WOW64; Trident/7.0; rv:11.0) like Gecko"
::1 - - [30/Apr/2020:18:59:32 +0530] "GET /us_opt1/themes/pmahomme/img/b_plus.png HTTP/1.1" 200 143 "http://localhost:81/us_opt1/index.php" "Mozilla/5.0 (Windows NT 6.3; WOW64; Trident/7.0; rv:11.0) like Gecko"
::1 - - [30/Apr/2020:18:59:32 +0530] "GET /us_opt1/themes/pmahomme/img/b_sql.png HTTP/1.1" 200 680 "http://localhost:81/us_opt1/index.php" "Mozilla/5.0 (Windows NT 6.3; WOW64; Trident/7.0; rv:11.0) like Gecko"
::1 - - [30/Apr/2020:18:59:32 +0530] "GET /us_opt1/themes/pmahomme/img/s_rights.png HTTP/1.1" 200 461 "http://localhost:81/us_opt1/index.php" "Mozilla/5.0 (Windows NT 6.3; WOW64; Trident/7.0; rv:11.0) like Gecko"
::1 - - [30/Apr/2020:18:59:32 +0530] "GET /us_opt1/themes/pmahomme/img/b_tblops.png HTTP/1.1" 200 537 "http://localhost:81/us_opt1/index.php" "Mozilla/5.0 (Windows NT 6.3; WOW64; Trident/7.0; rv:11.0) like Gecko"
::1 - - [30/Apr/2020:18:59:32 +0530] "GET /us_opt1/themes/pmahomme/img/b_export.png HTTP/1.1" 200 514 "http://localhost:81/us_opt1/index.php" "Mozilla/5.0 (Windows NT 6.3; WOW64; Trident/7.0; rv:11.0) like Gecko"
::1 - - [30/Apr/2020:18:59:32 +0530] "GET /us_opt1/themes/pmahomme/img/s_status.png HTTP/1.1" 200 600 "http://localhost:81/us_opt1/index.php" "Mozilla/5.0 (Windows NT 6.3; WOW64; Trident/7.0; rv:11.0) like Gecko"
::1 - - [30/Apr/2020:18:59:32 +0530] "GET /us_opt1/themes/pmahomme/img/s_tbl.png HTTP/1.1" 200 645 "http://localhost:81/us_opt1/index.php" "Mozilla/5.0 (Windows NT 6.3; WOW64; Trident/7.0; rv:11.0) like Gecko"
::1 - - [30/Apr/2020:18:59:32 +0530] "GET /us_opt1/themes/pmahomme/img/b_import.png HTTP/1.1" 200 556 "http://localhost:81/us_opt1/index.php" "Mozilla/5.0 (Windows NT 6.3; WOW64; Trident/7.0; rv:11.0) like Gecko"
::1 - - [30/Apr/2020:18:59:32 +0530] "GET /us_opt1/themes/pmahomme/img/s_vars.png HTTP/1.1" 200 523 "http://localhost:81/us_opt1/index.php" "Mozilla/5.0 (Windows NT 6.3; WOW64; Trident/7.0; rv:11.0) like Gecko"
::1 - - [30/Apr/2020:18:59:32 +0530] "GET /us_opt1/themes/pmahomme/img/s_asci.png HTTP/1.1" 200 148 "http://localhost:81/us_opt1/index.php" "Mozilla/5.0 (Windows NT 6.3; WOW64; Trident/7.0; rv:11.0) like Gecko"
::1 - - [30/Apr/2020:18:59:32 +0530] "GET /us_opt1/themes/pmahomme/img/s_top.png HTTP/1.1" 200 220 "http://localhost:81/us_opt1/index.php" "Mozilla/5.0 (Windows NT 6.3; WOW64; Trident/7.0; rv:11.0) like Gecko"
::1 - - [30/Apr/2020:18:59:32 +0530] "GET /us_opt1/themes/pmahomme/img/s_replication.png HTTP/1.1" 200 399 "http://localhost:81/us_opt1/index.php" "Mozilla/5.0 (Windows NT 6.3; WOW64; Trident/7.0; rv:11.0) like Gecko"
::1 - - [30/Apr/2020:18:59:32 +0530] "GET /us_opt1/themes/pmahomme/img/b_engine.png HTTP/1.1" 200 398 "http://localhost:81/us_opt1/index.php" "Mozilla/5.0 (Windows NT 6.3; WOW64; Trident/7.0; rv:11.0) like Gecko"
::1 - - [30/Apr/2020:18:59:32 +0530] "GET /us_opt1/themes/pmahomme/img/console.png HTTP/1.1" 200 292 "http://localhost:81/us_opt1/index.php" "Mozilla/5.0 (Windows NT 6.3; WOW64; Trident/7.0; rv:11.0) like Gecko"
::1 - - [30/Apr/2020:18:59:32 +0530] "GET /us_opt1/themes/pmahomme/img/b_plugin.png HTTP/1.1" 200 512 "http://localhost:81/us_opt1/index.php" "Mozilla/5.0 (Windows NT 6.3; WOW64; Trident/7.0; rv:11.0) like Gecko"
::1 - - [30/Apr/2020:18:59:32 +0530] "GET /us_opt1/themes/pmahomme/img/b_help.png HTTP/1.1" 200 705 "http://localhost:81/us_opt1/index.php" "Mozilla/5.0 (Windows NT 6.3; WOW64; Trident/7.0; rv:11.0) like Gecko"
::1 - - [30/Apr/2020:18:59:32 +0530] "GET /us_opt1/themes/pmahomme/img/window-new.png HTTP/1.1" 200 468 "http://localhost:81/us_opt1/index.php" "Mozilla/5.0 (Windows NT 6.3; WOW64; Trident/7.0; rv:11.0) like Gecko"
::1 - - [30/Apr/2020:18:59:32 +0530] "GET /us_opt1/themes/pmahomme/img/s_theme.png HTTP/1.1" 200 772 "http://localhost:81/us_opt1/index.php" "Mozilla/5.0 (Windows NT 6.3; WOW64; Trident/7.0; rv:11.0) like Gecko"
::1 - - [30/Apr/2020:18:59:32 +0530] "GET /us_opt1/themes/pmahomme/img/s_lang.png HTTP/1.1" 200 659 "http://localhost:81/us_opt1/index.php" "Mozilla/5.0 (Windows NT 6.3; WOW64; Trident/7.0; rv:11.0) like Gecko"
::1 - - [30/Apr/2020:18:59:33 +0530] "POST /us_opt1/ajax.php HTTP/1.1" 200 1453 "http://localhost:81/us_opt1/index.php" "Mozilla/5.0 (Windows NT 6.3; WOW64; Trident/7.0; rv:11.0) like Gecko"
::1 - - [30/Apr/2020:18:59:34 +0530] "POST /us_opt1/ajax.php HTTP/1.1" 200 1551 "http://localhost:81/us_opt1/index.php" "Mozilla/5.0 (Windows NT 6.3; WOW64; Trident/7.0; rv:11.0) like Gecko"
::1 - - [30/Apr/2020:18:59:34 +0530] "GET /us_opt1/index.php HTTP/1.1" 200 14250 "-" "Mozilla/5.0 (Windows NT 6.3; Win64; x64) AppleWebKit/537.36 (KHTML, like Gecko) Chrome/81.0.4044.129 Safari/537.36"
::1 - - [30/Apr/2020:18:59:34 +0530] "POST /us_opt1/navigation.php?ajax_request=1 HTTP/1.1" 200 2134 "http://localhost:81/us_opt1/index.php" "Mozilla/5.0 (Windows NT 6.3; WOW64; Trident/7.0; rv:11.0) like Gecko"
::1 - - [30/Apr/2020:18:59:36 +0530] "GET /us_opt1/themes/pmahomme/img/b_left.png HTTP/1.1" 200 114 "http://localhost:81/us_opt1/index.php" "Mozilla/5.0 (Windows NT 6.3; WOW64; Trident/7.0; rv:11.0) like Gecko"
::1 - - [30/Apr/2020:18:59:36 +0530] "GET /us_opt1/themes/pmahomme/jquery/jquery-ui.css HTTP/1.1" 200 8438 "-" "Mozilla/5.0 (Windows NT 6.3; Win64; x64) AppleWebKit/537.36 (KHTML, like Gecko) Chrome/81.0.4044.129 Safari/537.36"
::1 - - [30/Apr/2020:18:59:36 +0530] "GET /us_opt1/themes/pmahomme/img/b_right.png HTTP/1.1" 200 113 "http://localhost:81/us_opt1/index.php" "Mozilla/5.0 (Windows NT 6.3; WOW64; Trident/7.0; rv:11.0) like Gecko"
::1 - - [30/Apr/2020:18:59:36 +0530] "GET /us_opt1/themes/pmahomme/img/b_more.png HTTP/1.1" 200 111 "http://localhost:81/us_opt1/index.php" "Mozilla/5.0 (Windows NT 6.3; WOW64; Trident/7.0; rv:11.0) like Gecko"
::1 - - [30/Apr/2020:18:59:36 +0530] "GET /us_opt1/js/vendor/codemirror/addon/lint/lint.css?v=5.0.2 HTTP/1.1" 200 1265 "-" "Mozilla/5.0 (Windows NT 6.3; Win64; x64) AppleWebKit/537.36 (KHTML, like Gecko) Chrome/81.0.4044.129 Safari/537.36"
::1 - - [30/Apr/2020:18:59:36 +0530] "GET /us_opt1/js/vendor/codemirror/addon/hint/show-hint.css?v=5.0.2 HTTP/1.1" 200 324 "-" "Mozilla/5.0 (Windows NT 6.3; Win64; x64) AppleWebKit/537.36 (KHTML, like Gecko) Chrome/81.0.4044.129 Safari/537.36"
::1 - - [30/Apr/2020:18:59:36 +0530] "GET /us_opt1/js/vendor/jquery/jquery.min.js?v=5.0.2 HTTP/1.1" 200 30599 "-" "Mozilla/5.0 (Windows NT 6.3; Win64; x64) AppleWebKit/537.36 (KHTML, like Gecko) Chrome/81.0.4044.129 Safari/537.36"
::1 - - [30/Apr/2020:18:59:36 +0530] "GET /us_opt1/js/vendor/codemirror/lib/codemirror.css?v=5.0.2 HTTP/1.1" 200 2534 "-" "Mozilla/5.0 (Windows NT 6.3; Win64; x64) AppleWebKit/537.36 (KHTML, like Gecko) Chrome/81.0.4044.129 Safari/537.36"
::1 - - [30/Apr/2020:18:59:36 +0530] "GET /us_opt1/js/vendor/jquery/jquery-migrate.js?v=5.0.2 HTTP/1.1" 200 6146 "-" "Mozilla/5.0 (Windows NT 6.3; Win64; x64) AppleWebKit/537.36 (KHTML, like Gecko) Chrome/81.0.4044.129 Safari/537.36"
::1 - - [30/Apr/2020:18:59:36 +0530] "GET /us_opt1/js/vendor/sprintf.js?v=5.0.2 HTTP/1.1" 200 2552 "-" "Mozilla/5.0 (Windows NT 6.3; Win64; x64) AppleWebKit/537.36 (KHTML, like Gecko) Chrome/81.0.4044.129 Safari/537.36"
::1 - - [30/Apr/2020:18:59:36 +0530] "GET /us_opt1/themes/pmahomme/css/theme.css?v=5.0.2&nocache=2044905578ltr&server=1 HTTP/1.1" 200 20189 "-" "Mozilla/5.0 (Windows NT 6.3; Win64; x64) AppleWebKit/537.36 (KHTML, like Gecko) Chrome/81.0.4044.129 Safari/537.36"
::1 - - [30/Apr/2020:18:59:37 +0530] "GET /us_opt1/js/ajax.js?v=5.0.2 HTTP/1.1" 200 8331 "-" "Mozilla/5.0 (Windows NT 6.3; Win64; x64) AppleWebKit/537.36 (KHTML, like Gecko) Chrome/81.0.4044.129 Safari/537.36"
::1 - - [30/Apr/2020:18:59:37 +0530] "GET /us_opt1/js/keyhandler.js?v=5.0.2 HTTP/1.1" 200 1065 "-" "Mozilla/5.0 (Windows NT 6.3; Win64; x64) AppleWebKit/537.36 (KHTML, like Gecko) Chrome/81.0.4044.129 Safari/537.36"
::1 - - [30/Apr/2020:18:59:37 +0530] "GET /us_opt1/js/vendor/bootstrap/bootstrap.bundle.min.js?v=5.0.2 HTTP/1.1" 200 22230 "-" "Mozilla/5.0 (Windows NT 6.3; Win64; x64) AppleWebKit/537.36 (KHTML, like Gecko) Chrome/81.0.4044.129 Safari/537.36"
::1 - - [30/Apr/2020:18:59:37 +0530] "GET /us_opt1/js/vendor/js.cookie.js?v=5.0.2 HTTP/1.1" 200 1526 "-" "Mozilla/5.0 (Windows NT 6.3; Win64; x64) AppleWebKit/537.36 (KHTML, like Gecko) Chrome/81.0.4044.129 Safari/537.36"
::1 - - [30/Apr/2020:18:59:37 +0530] "GET /us_opt1/js/vendor/jquery/jquery.event.drag-2.2.js?v=5.0.2 HTTP/1.1" 200 4233 "-" "Mozilla/5.0 (Windows NT 6.3; Win64; x64) AppleWebKit/537.36 (KHTML, like Gecko) Chrome/81.0.4044.129 Safari/537.36"
::1 - - [30/Apr/2020:18:59:37 +0530] "GET /us_opt1/js/vendor/jquery/jquery.mousewheel.js?v=5.0.2 HTTP/1.1" 200 2545 "-" "Mozilla/5.0 (Windows NT 6.3; Win64; x64) AppleWebKit/537.36 (KHTML, like Gecko) Chrome/81.0.4044.129 Safari/537.36"
::1 - - [30/Apr/2020:18:59:37 +0530] "GET /us_opt1/js/vendor/jquery/jquery-ui.min.js?v=5.0.2 HTTP/1.1" 200 67446 "-" "Mozilla/5.0 (Windows NT 6.3; Win64; x64) AppleWebKit/537.36 (KHTML, like Gecko) Chrome/81.0.4044.129 Safari/537.36"
::1 - - [30/Apr/2020:18:59:36 +0530] "GET /us_opt1/js/whitelist.php?v=5.0.2 HTTP/1.1" 200 478 "-" "Mozilla/5.0 (Windows NT 6.3; Win64; x64) AppleWebKit/537.36 (KHTML, like Gecko) Chrome/81.0.4044.129 Safari/537.36"
::1 - - [30/Apr/2020:18:59:37 +0530] "GET /us_opt1/favicon.ico HTTP/1.1" 200 9211 "-" "Mozilla/5.0 (Windows NT 6.3; WOW64; Trident/7.0; rv:11.0) like Gecko"
::1 - - [30/Apr/2020:18:59:37 +0530] "GET /us_opt1/js/vendor/jquery/jquery.validate.js?v=5.0.2 HTTP/1.1" 200 13446 "-" "Mozilla/5.0 (Windows NT 6.3; Win64; x64) AppleWebKit/537.36 (KHTML, like Gecko) Chrome/81.0.4044.129 Safari/537.36"
::1 - - [30/Apr/2020:18:59:37 +0530] "GET /us_opt1/js/vendor/jquery/jquery-ui-timepicker-addon.js?v=5.0.2 HTTP/1.1" 200 18805 "-" "Mozilla/5.0 (Windows NT 6.3; Win64; x64) AppleWebKit/537.36 (KHTML, like Gecko) Chrome/81.0.4044.129 Safari/537.36"
::1 - - [30/Apr/2020:18:59:37 +0530] "GET /us_opt1/js/menu_resizer.js?v=5.0.2 HTTP/1.1" 200 2274 "-" "Mozilla/5.0 (Windows NT 6.3; Win64; x64) AppleWebKit/537.36 (KHTML, like Gecko) Chrome/81.0.4044.129 Safari/537.36"
::1 - - [30/Apr/2020:18:59:37 +0530] "GET /us_opt1/js/vendor/jquery/jquery.debounce-1.0.5.js?v=5.0.2 HTTP/1.1" 200 529 "-" "Mozilla/5.0 (Windows NT 6.3; Win64; x64) AppleWebKit/537.36 (KHTML, like Gecko) Chrome/81.0.4044.129 Safari/537.36"
::1 - - [30/Apr/2020:18:59:37 +0530] "GET /us_opt1/js/vendor/jquery/jquery.ba-hashchange-1.3.js?v=5.0.2 HTTP/1.1" 200 5332 "-" "Mozilla/5.0 (Windows NT 6.3; Win64; x64) AppleWebKit/537.36 (KHTML, like Gecko) Chrome/81.0.4044.129 Safari/537.36"
::1 - - [30/Apr/2020:18:59:36 +0530] "POST /us_opt1/db_structure.php?ajax_request=1&favorite_table=1&sync_favorite_tables=1 HTTP/1.1" 200 134 "http://localhost:81/us_opt1/index.php" "Mozilla/5.0 (Windows NT 6.3; WOW64; Trident/7.0; rv:11.0) like Gecko"
::1 - - [30/Apr/2020:18:59:37 +0530] "GET /us_opt1/js/cross_framing_protection.js?v=5.0.2 HTTP/1.1" 200 299 "-" "Mozilla/5.0 (Windows NT 6.3; Win64; x64) AppleWebKit/537.36 (KHTML, like Gecko) Chrome/81.0.4044.129 Safari/537.36"
::1 - - [30/Apr/2020:18:59:38 +0530] "GET /us_opt1/js/rte.js?v=5.0.2 HTTP/1.1" 200 8376 "-" "Mozilla/5.0 (Windows NT 6.3; Win64; x64) AppleWebKit/537.36 (KHTML, like Gecko) Chrome/81.0.4044.129 Safari/537.36"
::1 - - [30/Apr/2020:18:59:38 +0530] "GET /us_opt1/js/vendor/tracekit.js?v=5.0.2 HTTP/1.1" 200 11271 "-" "Mozilla/5.0 (Windows NT 6.3; Win64; x64) AppleWebKit/537.36 (KHTML, like Gecko) Chrome/81.0.4044.129 Safari/537.36"
::1 - - [30/Apr/2020:18:59:38 +0530] "GET /us_opt1/js/config.js?v=5.0.2 HTTP/1.1" 200 6767 "-" "Mozilla/5.0 (Windows NT 6.3; Win64; x64) AppleWebKit/537.36 (KHTML, like Gecko) Chrome/81.0.4044.129 Safari/537.36"
::1 - - [30/Apr/2020:18:59:38 +0530] "GET /us_opt1/js/error_report.js?v=5.0.2 HTTP/1.1" 200 2672 "-" "Mozilla/5.0 (Windows NT 6.3; Win64; x64) AppleWebKit/537.36 (KHTML, like Gecko) Chrome/81.0.4044.129 Safari/537.36"
::1 - - [30/Apr/2020:18:59:38 +0530] "GET /us_opt1/js/doclinks.js?v=5.0.2 HTTP/1.1" 200 3743 "-" "Mozilla/5.0 (Windows NT 6.3; Win64; x64) AppleWebKit/537.36 (KHTML, like Gecko) Chrome/81.0.4044.129 Safari/537.36"
::1 - - [30/Apr/2020:18:59:36 +0530] "POST /us_opt1/version_check.php HTTP/1.1" 200 28 "http://localhost:81/us_opt1/index.php" "Mozilla/5.0 (Windows NT 6.3; WOW64; Trident/7.0; rv:11.0) like Gecko"
::1 - - [30/Apr/2020:18:59:38 +0530] "GET /us_opt1/js/indexes.js?v=5.0.2 HTTP/1.1" 200 6419 "-" "Mozilla/5.0 (Windows NT 6.3; Win64; x64) AppleWebKit/537.36 (KHTML, like Gecko) Chrome/81.0.4044.129 Safari/537.36"
::1 - - [30/Apr/2020:18:59:38 +0530] "GET /us_opt1/js/common.js?v=5.0.2 HTTP/1.1" 200 1439 "-" "Mozilla/5.0 (Windows NT 6.3; Win64; x64) AppleWebKit/537.36 (KHTML, like Gecko) Chrome/81.0.4044.129 Safari/537.36"
::1 - - [30/Apr/2020:18:59:38 +0530] "GET /us_opt1/js/page_settings.js?v=5.0.2 HTTP/1.1" 200 640 "-" "Mozilla/5.0 (Windows NT 6.3; Win64; x64) AppleWebKit/537.36 (KHTML, like Gecko) Chrome/81.0.4044.129 Safari/537.36"
::1 - - [30/Apr/2020:18:59:38 +0530] "GET /us_opt1/js/navigation.js?v=5.0.2 HTTP/1.1" 200 12279 "-" "Mozilla/5.0 (Windows NT 6.3; Win64; x64) AppleWebKit/537.36 (KHTML, like Gecko) Chrome/81.0.4044.129 Safari/537.36"
::1 - - [30/Apr/2020:18:59:38 +0530] "GET /us_opt1/js/drag_drop_import.js?v=5.0.2 HTTP/1.1" 200 3573 "-" "Mozilla/5.0 (Windows NT 6.3; Win64; x64) AppleWebKit/537.36 (KHTML, like Gecko) Chrome/81.0.4044.129 Safari/537.36"
::1 - - [30/Apr/2020:18:59:38 +0530] "GET /us_opt1/js/shortcuts_handler.js?v=5.0.2 HTTP/1.1" 200 883 "-" "Mozilla/5.0 (Windows NT 6.3; Win64; x64) AppleWebKit/537.36 (KHTML, like Gecko) Chrome/81.0.4044.129 Safari/537.36"
::1 - - [30/Apr/2020:18:59:38 +0530] "GET /us_opt1/js/functions.js?v=5.0.2 HTTP/1.1" 200 41336 "-" "Mozilla/5.0 (Windows NT 6.3; Win64; x64) AppleWebKit/537.36 (KHTML, like Gecko) Chrome/81.0.4044.129 Safari/537.36"
::1 - - [30/Apr/2020:18:59:39 +0530] "GET /us_opt1/js/vendor/codemirror/mode/sql/sql.js?v=5.0.2 HTTP/1.1" 200 13275 "-" "Mozilla/5.0 (Windows NT 6.3; Win64; x64) AppleWebKit/537.36 (KHTML, like Gecko) Chrome/81.0.4044.129 Safari/537.36"
::1 - - [30/Apr/2020:18:59:38 +0530] "GET /us_opt1/js/messages.php?l=en&v=5.0.2 HTTP/1.1" 200 8852 "-" "Mozilla/5.0 (Windows NT 6.3; Win64; x64) AppleWebKit/537.36 (KHTML, like Gecko) Chrome/81.0.4044.129 Safari/537.36"
::1 - - [30/Apr/2020:18:59:39 +0530] "GET /us_opt1/js/vendor/codemirror/addon/runmode/runmode.js?v=5.0.2 HTTP/1.1" 200 1040 "-" "Mozilla/5.0 (Windows NT 6.3; Win64; x64) AppleWebKit/537.36 (KHTML, like Gecko) Chrome/81.0.4044.129 Safari/537.36"
::1 - - [30/Apr/2020:18:59:39 +0530] "GET /us_opt1/js/vendor/codemirror/addon/hint/show-hint.js?v=5.0.2 HTTP/1.1" 200 4930 "-" "Mozilla/5.0 (Windows NT 6.3; Win64; x64) AppleWebKit/537.36 (KHTML, like Gecko) Chrome/81.0.4044.129 Safari/537.36"
::1 - - [30/Apr/2020:18:59:39 +0530] "GET /us_opt1/js/vendor/codemirror/addon/hint/sql-hint.js?v=5.0.2 HTTP/1.1" 200 2739 "-" "Mozilla/5.0 (Windows NT 6.3; Win64; x64) AppleWebKit/537.36 (KHTML, like Gecko) Chrome/81.0.4044.129 Safari/537.36"
::1 - - [30/Apr/2020:18:59:39 +0530] "GET /us_opt1/js/vendor/codemirror/addon/lint/lint.js?v=5.0.2 HTTP/1.1" 200 2574 "-" "Mozilla/5.0 (Windows NT 6.3; Win64; x64) AppleWebKit/537.36 (KHTML, like Gecko) Chrome/81.0.4044.129 Safari/537.36"
::1 - - [30/Apr/2020:18:59:38 +0530] "GET /us_opt1/js/vendor/codemirror/lib/codemirror.js?v=5.0.2 HTTP/1.1" 200 104369 "-" "Mozilla/5.0 (Windows NT 6.3; Win64; x64) AppleWebKit/537.36 (KHTML, like Gecko) Chrome/81.0.4044.129 Safari/537.36"
::1 - - [30/Apr/2020:18:59:39 +0530] "GET /us_opt1/js/codemirror/addon/lint/sql-lint.js?v=5.0.2 HTTP/1.1" 200 459 "-" "Mozilla/5.0 (Windows NT 6.3; Win64; x64) AppleWebKit/537.36 (KHTML, like Gecko) Chrome/81.0.4044.129 Safari/537.36"
::1 - - [30/Apr/2020:18:59:36 +0530] "POST /us_opt1/ajax.php HTTP/1.1" 200 1445 "http://localhost:81/us_opt1/index.php" "Mozilla/5.0 (Windows NT 6.3; WOW64; Trident/7.0; rv:11.0) like Gecko"
::1 - - [30/Apr/2020:18:59:39 +0530] "GET /us_opt1/js/console.js?v=5.0.2 HTTP/1.1" 200 10254 "-" "Mozilla/5.0 (Windows NT 6.3; Win64; x64) AppleWebKit/537.36 (KHTML, like Gecko) Chrome/81.0.4044.129 Safari/537.36"
::1 - - [30/Apr/2020:18:59:39 +0530] "GET /us_opt1/themes/pmahomme/img/logo_left.png HTTP/1.1" 200 2713 "-" "Mozilla/5.0 (Windows NT 6.3; Win64; x64) AppleWebKit/537.36 (KHTML, like Gecko) Chrome/81.0.4044.129 Safari/537.36"
::1 - - [30/Apr/2020:18:59:39 +0530] "GET /us_opt1/themes/dot.gif HTTP/1.1" 200 43 "-" "Mozilla/5.0 (Windows NT 6.3; Win64; x64) AppleWebKit/537.36 (KHTML, like Gecko) Chrome/81.0.4044.129 Safari/537.36"
::1 - - [30/Apr/2020:18:59:39 +0530] "GET /us_opt1/themes/pmahomme/css/printview.css?v=5.0.2 HTTP/1.1" 200 647 "-" "Mozilla/5.0 (Windows NT 6.3; Win64; x64) AppleWebKit/537.36 (KHTML, like Gecko) Chrome/81.0.4044.129 Safari/537.36"
::1 - - [30/Apr/2020:18:59:39 +0530] "GET /us_opt1/themes/pmahomme/img/left_nav_bg.png HTTP/1.1" 200 146 "http://localhost:81/us_opt1/themes/pmahomme/css/theme.css?v=5.0.2&nocache=2044905578ltr&server=1" "Mozilla/5.0 (Windows NT 6.3; Win64; x64) AppleWebKit/537.36 (KHTML, like Gecko) Chrome/81.0.4044.129 Safari/537.36"
::1 - - [30/Apr/2020:18:59:39 +0530] "GET /us_opt1/themes/pmahomme/img/b_home.png HTTP/1.1" 200 734 "http://localhost:81/us_opt1/themes/pmahomme/css/theme.css?v=5.0.2&nocache=2044905578ltr&server=1" "Mozilla/5.0 (Windows NT 6.3; Win64; x64) AppleWebKit/537.36 (KHTML, like Gecko) Chrome/81.0.4044.129 Safari/537.36"
::1 - - [30/Apr/2020:18:59:39 +0530] "GET /us_opt1/themes/pmahomme/img/s_loggoff.png HTTP/1.1" 200 626 "http://localhost:81/us_opt1/themes/pmahomme/css/theme.css?v=5.0.2&nocache=2044905578ltr&server=1" "Mozilla/5.0 (Windows NT 6.3; Win64; x64) AppleWebKit/537.36 (KHTML, like Gecko) Chrome/81.0.4044.129 Safari/537.36"
::1 - - [30/Apr/2020:18:59:39 +0530] "GET /us_opt1/themes/pmahomme/img/b_docs.png HTTP/1.1" 200 705 "http://localhost:81/us_opt1/themes/pmahomme/css/theme.css?v=5.0.2&nocache=2044905578ltr&server=1" "Mozilla/5.0 (Windows NT 6.3; Win64; x64) AppleWebKit/537.36 (KHTML, like Gecko) Chrome/81.0.4044.129 Safari/537.36"
::1 - - [30/Apr/2020:18:59:39 +0530] "GET /us_opt1/themes/pmahomme/img/b_sqlhelp.png HTTP/1.1" 200 512 "http://localhost:81/us_opt1/themes/pmahomme/css/theme.css?v=5.0.2&nocache=2044905578ltr&server=1" "Mozilla/5.0 (Windows NT 6.3; Win64; x64) AppleWebKit/537.36 (KHTML, like Gecko) Chrome/81.0.4044.129 Safari/537.36"
::1 - - [30/Apr/2020:18:59:39 +0530] "GET /us_opt1/themes/pmahomme/img/s_cog.png HTTP/1.1" 200 442 "http://localhost:81/us_opt1/themes/pmahomme/css/theme.css?v=5.0.2&nocache=2044905578ltr&server=1" "Mozilla/5.0 (Windows NT 6.3; Win64; x64) AppleWebKit/537.36 (KHTML, like Gecko) Chrome/81.0.4044.129 Safari/537.36"
::1 - - [30/Apr/2020:18:59:39 +0530] "GET /us_opt1/themes/pmahomme/img/s_reload.png HTTP/1.1" 200 527 "http://localhost:81/us_opt1/themes/pmahomme/css/theme.css?v=5.0.2&nocache=2044905578ltr&server=1" "Mozilla/5.0 (Windows NT 6.3; Win64; x64) AppleWebKit/537.36 (KHTML, like Gecko) Chrome/81.0.4044.129 Safari/537.36"
::1 - - [30/Apr/2020:18:59:39 +0530] "GET /us_opt1/themes/pmahomme/img/ajax_clock_small.gif HTTP/1.1" 200 1810 "http://localhost:81/us_opt1/themes/pmahomme/css/theme.css?v=5.0.2&nocache=2044905578ltr&server=1" "Mozilla/5.0 (Windows NT 6.3; Win64; x64) AppleWebKit/537.36 (KHTML, like Gecko) Chrome/81.0.4044.129 Safari/537.36"
::1 - - [30/Apr/2020:18:59:39 +0530] "GET /us_opt1/themes/pmahomme/img/s_link.png HTTP/1.1" 200 280 "http://localhost:81/us_opt1/themes/pmahomme/css/theme.css?v=5.0.2&nocache=2044905578ltr&server=1" "Mozilla/5.0 (Windows NT 6.3; Win64; x64) AppleWebKit/537.36 (KHTML, like Gecko) Chrome/81.0.4044.129 Safari/537.36"
::1 - - [30/Apr/2020:18:59:39 +0530] "GET /us_opt1/themes/pmahomme/img/b_newdb.png HTTP/1.1" 200 585 "http://localhost:81/us_opt1/themes/pmahomme/css/theme.css?v=5.0.2&nocache=2044905578ltr&server=1" "Mozilla/5.0 (Windows NT 6.3; Win64; x64) AppleWebKit/537.36 (KHTML, like Gecko) Chrome/81.0.4044.129 Safari/537.36"
::1 - - [30/Apr/2020:18:59:39 +0530] "GET /us_opt1/themes/pmahomme/img/b_plus.png HTTP/1.1" 200 143 "http://localhost:81/us_opt1/themes/pmahomme/css/theme.css?v=5.0.2&nocache=2044905578ltr&server=1" "Mozilla/5.0 (Windows NT 6.3; Win64; x64) AppleWebKit/537.36 (KHTML, like Gecko) Chrome/81.0.4044.129 Safari/537.36"
::1 - - [30/Apr/2020:18:59:39 +0530] "GET /us_opt1/themes/pmahomme/img/s_db.png HTTP/1.1" 200 328 "http://localhost:81/us_opt1/themes/pmahomme/css/theme.css?v=5.0.2&nocache=2044905578ltr&server=1" "Mozilla/5.0 (Windows NT 6.3; Win64; x64) AppleWebKit/537.36 (KHTML, like Gecko) Chrome/81.0.4044.129 Safari/537.36"
::1 - - [30/Apr/2020:18:59:39 +0530] "GET /us_opt1/themes/pmahomme/img/s_host.png HTTP/1.1" 200 591 "http://localhost:81/us_opt1/themes/pmahomme/css/theme.css?v=5.0.2&nocache=2044905578ltr&server=1" "Mozilla/5.0 (Windows NT 6.3; Win64; x64) AppleWebKit/537.36 (KHTML, like Gecko) Chrome/81.0.4044.129 Safari/537.36"
::1 - - [30/Apr/2020:18:59:39 +0530] "GET /us_opt1/themes/pmahomme/img/b_sql.png HTTP/1.1" 200 680 "http://localhost:81/us_opt1/themes/pmahomme/css/theme.css?v=5.0.2&nocache=2044905578ltr&server=1" "Mozilla/5.0 (Windows NT 6.3; Win64; x64) AppleWebKit/537.36 (KHTML, like Gecko) Chrome/81.0.4044.129 Safari/537.36"
::1 - - [30/Apr/2020:18:59:39 +0530] "GET /us_opt1/themes/pmahomme/img/s_status.png HTTP/1.1" 200 600 "http://localhost:81/us_opt1/themes/pmahomme/css/theme.css?v=5.0.2&nocache=2044905578ltr&server=1" "Mozilla/5.0 (Windows NT 6.3; Win64; x64) AppleWebKit/537.36 (KHTML, like Gecko) Chrome/81.0.4044.129 Safari/537.36"
::1 - - [30/Apr/2020:18:59:39 +0530] "GET /us_opt1/themes/pmahomme/img/s_rights.png HTTP/1.1" 200 461 "http://localhost:81/us_opt1/themes/pmahomme/css/theme.css?v=5.0.2&nocache=2044905578ltr&server=1" "Mozilla/5.0 (Windows NT 6.3; Win64; x64) AppleWebKit/537.36 (KHTML, like Gecko) Chrome/81.0.4044.129 Safari/537.36"
::1 - - [30/Apr/2020:18:59:39 +0530] "GET /us_opt1/themes/pmahomme/img/b_export.png HTTP/1.1" 200 514 "http://localhost:81/us_opt1/themes/pmahomme/css/theme.css?v=5.0.2&nocache=2044905578ltr&server=1" "Mozilla/5.0 (Windows NT 6.3; Win64; x64) AppleWebKit/537.36 (KHTML, like Gecko) Chrome/81.0.4044.129 Safari/537.36"
::1 - - [30/Apr/2020:18:59:39 +0530] "GET /us_opt1/themes/pmahomme/img/b_import.png HTTP/1.1" 200 556 "http://localhost:81/us_opt1/themes/pmahomme/css/theme.css?v=5.0.2&nocache=2044905578ltr&server=1" "Mozilla/5.0 (Windows NT 6.3; Win64; x64) AppleWebKit/537.36 (KHTML, like Gecko) Chrome/81.0.4044.129 Safari/537.36"
::1 - - [30/Apr/2020:18:59:39 +0530] "GET /us_opt1/themes/pmahomme/img/b_tblops.png HTTP/1.1" 200 537 "http://localhost:81/us_opt1/themes/pmahomme/css/theme.css?v=5.0.2&nocache=2044905578ltr&server=1" "Mozilla/5.0 (Windows NT 6.3; Win64; x64) AppleWebKit/537.36 (KHTML, like Gecko) Chrome/81.0.4044.129 Safari/537.36"
::1 - - [30/Apr/2020:18:59:39 +0530] "GET /us_opt1/themes/pmahomme/img/s_tbl.png HTTP/1.1" 200 645 "http://localhost:81/us_opt1/themes/pmahomme/css/theme.css?v=5.0.2&nocache=2044905578ltr&server=1" "Mozilla/5.0 (Windows NT 6.3; Win64; x64) AppleWebKit/537.36 (KHTML, like Gecko) Chrome/81.0.4044.129 Safari/537.36"
::1 - - [30/Apr/2020:18:59:39 +0530] "GET /us_opt1/themes/pmahomme/img/s_replication.png HTTP/1.1" 200 399 "http://localhost:81/us_opt1/themes/pmahomme/css/theme.css?v=5.0.2&nocache=2044905578ltr&server=1" "Mozilla/5.0 (Windows NT 6.3; Win64; x64) AppleWebKit/537.36 (KHTML, like Gecko) Chrome/81.0.4044.129 Safari/537.36"
::1 - - [30/Apr/2020:18:59:39 +0530] "GET /us_opt1/themes/pmahomme/img/s_vars.png HTTP/1.1" 200 523 "http://localhost:81/us_opt1/themes/pmahomme/css/theme.css?v=5.0.2&nocache=2044905578ltr&server=1" "Mozilla/5.0 (Windows NT 6.3; Win64; x64) AppleWebKit/537.36 (KHTML, like Gecko) Chrome/81.0.4044.129 Safari/537.36"
::1 - - [30/Apr/2020:18:59:39 +0530] "GET /us_opt1/themes/pmahomme/img/s_asci.png HTTP/1.1" 200 148 "http://localhost:81/us_opt1/themes/pmahomme/css/theme.css?v=5.0.2&nocache=2044905578ltr&server=1" "Mozilla/5.0 (Windows NT 6.3; Win64; x64) AppleWebKit/537.36 (KHTML, like Gecko) Chrome/81.0.4044.129 Safari/537.36"
::1 - - [30/Apr/2020:18:59:39 +0530] "GET /us_opt1/themes/pmahomme/img/b_engine.png HTTP/1.1" 200 398 "http://localhost:81/us_opt1/themes/pmahomme/css/theme.css?v=5.0.2&nocache=2044905578ltr&server=1" "Mozilla/5.0 (Windows NT 6.3; Win64; x64) AppleWebKit/537.36 (KHTML, like Gecko) Chrome/81.0.4044.129 Safari/537.36"
::1 - - [30/Apr/2020:18:59:39 +0530] "GET /us_opt1/themes/pmahomme/img/b_plugin.png HTTP/1.1" 200 512 "http://localhost:81/us_opt1/themes/pmahomme/css/theme.css?v=5.0.2&nocache=2044905578ltr&server=1" "Mozilla/5.0 (Windows NT 6.3; Win64; x64) AppleWebKit/537.36 (KHTML, like Gecko) Chrome/81.0.4044.129 Safari/537.36"
::1 - - [30/Apr/2020:18:59:39 +0530] "GET /us_opt1/themes/pmahomme/img/s_top.png HTTP/1.1" 200 220 "http://localhost:81/us_opt1/themes/pmahomme/css/theme.css?v=5.0.2&nocache=2044905578ltr&server=1" "Mozilla/5.0 (Windows NT 6.3; Win64; x64) AppleWebKit/537.36 (KHTML, like Gecko) Chrome/81.0.4044.129 Safari/537.36"
::1 - - [30/Apr/2020:18:59:39 +0530] "GET /us_opt1/themes/pmahomme/img/console.png HTTP/1.1" 200 292 "http://localhost:81/us_opt1/themes/pmahomme/css/theme.css?v=5.0.2&nocache=2044905578ltr&server=1" "Mozilla/5.0 (Windows NT 6.3; Win64; x64) AppleWebKit/537.36 (KHTML, like Gecko) Chrome/81.0.4044.129 Safari/537.36"
::1 - - [30/Apr/2020:18:59:39 +0530] "GET /us_opt1/themes/pmahomme/img/b_help.png HTTP/1.1" 200 705 "http://localhost:81/us_opt1/themes/pmahomme/css/theme.css?v=5.0.2&nocache=2044905578ltr&server=1" "Mozilla/5.0 (Windows NT 6.3; Win64; x64) AppleWebKit/537.36 (KHTML, like Gecko) Chrome/81.0.4044.129 Safari/537.36"
::1 - - [30/Apr/2020:18:59:39 +0530] "GET /us_opt1/themes/pmahomme/img/s_lang.png HTTP/1.1" 200 659 "http://localhost:81/us_opt1/themes/pmahomme/css/theme.css?v=5.0.2&nocache=2044905578ltr&server=1" "Mozilla/5.0 (Windows NT 6.3; Win64; x64) AppleWebKit/537.36 (KHTML, like Gecko) Chrome/81.0.4044.129 Safari/537.36"
::1 - - [30/Apr/2020:18:59:39 +0530] "GET /us_opt1/themes/pmahomme/img/s_theme.png HTTP/1.1" 200 772 "http://localhost:81/us_opt1/themes/pmahomme/css/theme.css?v=5.0.2&nocache=2044905578ltr&server=1" "Mozilla/5.0 (Windows NT 6.3; Win64; x64) AppleWebKit/537.36 (KHTML, like Gecko) Chrome/81.0.4044.129 Safari/537.36"
::1 - - [30/Apr/2020:18:59:39 +0530] "GET /us_opt1/themes/pmahomme/img/window-new.png HTTP/1.1" 200 468 "http://localhost:81/us_opt1/themes/pmahomme/css/theme.css?v=5.0.2&nocache=2044905578ltr&server=1" "Mozilla/5.0 (Windows NT 6.3; Win64; x64) AppleWebKit/537.36 (KHTML, like Gecko) Chrome/81.0.4044.129 Safari/537.36"
::1 - - [30/Apr/2020:18:59:40 +0530] "POST /us_opt1/ajax.php HTTP/1.1" 200 1455 "-" "Mozilla/5.0 (Windows NT 6.3; Win64; x64) AppleWebKit/537.36 (KHTML, like Gecko) Chrome/81.0.4044.129 Safari/537.36"
::1 - - [30/Apr/2020:18:59:41 +0530] "GET /us_opt1/themes/pmahomme/img/b_more.png HTTP/1.1" 200 111 "http://localhost:81/us_opt1/themes/pmahomme/css/theme.css?v=5.0.2&nocache=2044905578ltr&server=1" "Mozilla/5.0 (Windows NT 6.3; Win64; x64) AppleWebKit/537.36 (KHTML, like Gecko) Chrome/81.0.4044.129 Safari/537.36"
::1 - - [30/Apr/2020:18:59:41 +0530] "POST /us_opt1/navigation.php?ajax_request=1 HTTP/1.1" 200 2135 "-" "Mozilla/5.0 (Windows NT 6.3; Win64; x64) AppleWebKit/537.36 (KHTML, like Gecko) Chrome/81.0.4044.129 Safari/537.36"
::1 - - [30/Apr/2020:18:59:41 +0530] "POST /us_opt1/ajax.php HTTP/1.1" 200 1552 "-" "Mozilla/5.0 (Windows NT 6.3; Win64; x64) AppleWebKit/537.36 (KHTML, like Gecko) Chrome/81.0.4044.129 Safari/537.36"
::1 - - [30/Apr/2020:18:59:43 +0530] "GET /us_opt1/favicon.ico HTTP/1.1" 200 9211 "-" "Mozilla/5.0 (Windows NT 6.3; Win64; x64) AppleWebKit/537.36 (KHTML, like Gecko) Chrome/81.0.4044.129 Safari/537.36"
::1 - - [30/Apr/2020:18:59:43 +0530] "POST /us_opt1/version_check.php HTTP/1.1" 200 28 "-" "Mozilla/5.0 (Windows NT 6.3; Win64; x64) AppleWebKit/537.36 (KHTML, like Gecko) Chrome/81.0.4044.129 Safari/537.36"
::1 - - [30/Apr/2020:18:59:43 +0530] "POST /us_opt1/db_structure.php?ajax_request=1&favorite_table=1&sync_favorite_tables=1 HTTP/1.1" 200 134 "-" "Mozilla/5.0 (Windows NT 6.3; Win64; x64) AppleWebKit/537.36 (KHTML, like Gecko) Chrome/81.0.4044.129 Safari/537.36"
::1 - - [30/Apr/2020:18:59:42 +0530] "POST /us_opt1/ajax.php HTTP/1.1" 200 1447 "-" "Mozilla/5.0 (Windows NT 6.3; Win64; x64) AppleWebKit/537.36 (KHTML, like Gecko) Chrome/81.0.4044.129 Safari/537.36"
::1 - - [30/Apr/2020:18:59:49 +0530] "GET /us_opt1/server_privileges.php?viewing_mode=server&ajax_request=true&ajax_page_request=true&_nocache=1588253389321755804&token=252f727b475e69686f7c6d726935602a HTTP/1.1" 200 3078 "-" "Mozilla/5.0 (Windows NT 6.3; Win64; x64) AppleWebKit/537.36 (KHTML, like Gecko) Chrome/81.0.4044.129 Safari/537.36"
::1 - - [30/Apr/2020:18:59:50 +0530] "GET /us_opt1/themes/pmahomme/img/b_tblexport.png HTTP/1.1" 200 514 "http://localhost:81/us_opt1/themes/pmahomme/css/theme.css?v=5.0.2&nocache=2044905578ltr&server=1" "Mozilla/5.0 (Windows NT 6.3; Win64; x64) AppleWebKit/537.36 (KHTML, like Gecko) Chrome/81.0.4044.129 Safari/537.36"
::1 - - [30/Apr/2020:18:59:50 +0530] "GET /us_opt1/themes/pmahomme/img/b_usrlist.png HTTP/1.1" 200 677 "http://localhost:81/us_opt1/themes/pmahomme/css/theme.css?v=5.0.2&nocache=2044905578ltr&server=1" "Mozilla/5.0 (Windows NT 6.3; Win64; x64) AppleWebKit/537.36 (KHTML, like Gecko) Chrome/81.0.4044.129 Safari/537.36"
::1 - - [30/Apr/2020:18:59:50 +0530] "GET /us_opt1/themes/pmahomme/img/b_usredit.png HTTP/1.1" 200 757 "http://localhost:81/us_opt1/themes/pmahomme/css/theme.css?v=5.0.2&nocache=2044905578ltr&server=1" "Mozilla/5.0 (Windows NT 6.3; Win64; x64) AppleWebKit/537.36 (KHTML, like Gecko) Chrome/81.0.4044.129 Safari/537.36"
::1 - - [30/Apr/2020:18:59:50 +0530] "GET /us_opt1/themes/pmahomme/img/b_usradd.png HTTP/1.1" 200 670 "http://localhost:81/us_opt1/themes/pmahomme/css/theme.css?v=5.0.2&nocache=2044905578ltr&server=1" "Mozilla/5.0 (Windows NT 6.3; Win64; x64) AppleWebKit/537.36 (KHTML, like Gecko) Chrome/81.0.4044.129 Safari/537.36"
::1 - - [30/Apr/2020:18:59:50 +0530] "GET /us_opt1/themes/pmahomme/img/b_usrdrop.png HTTP/1.1" 200 697 "http://localhost:81/us_opt1/themes/pmahomme/css/theme.css?v=5.0.2&nocache=2044905578ltr&server=1" "Mozilla/5.0 (Windows NT 6.3; Win64; x64) AppleWebKit/537.36 (KHTML, like Gecko) Chrome/81.0.4044.129 Safari/537.36"
::1 - - [30/Apr/2020:18:59:50 +0530] "GET /us_opt1/themes/pmahomme/img/s_notice.png HTTP/1.1" 200 567 "http://localhost:81/us_opt1/themes/pmahomme/css/theme.css?v=5.0.2&nocache=2044905578ltr&server=1" "Mozilla/5.0 (Windows NT 6.3; Win64; x64) AppleWebKit/537.36 (KHTML, like Gecko) Chrome/81.0.4044.129 Safari/537.36"
::1 - - [30/Apr/2020:18:59:50 +0530] "GET /us_opt1/themes/pmahomme/img/arrow_ltr.png HTTP/1.1" 200 101 "-" "Mozilla/5.0 (Windows NT 6.3; Win64; x64) AppleWebKit/537.36 (KHTML, like Gecko) Chrome/81.0.4044.129 Safari/537.36"
::1 - - [30/Apr/2020:18:59:50 +0530] "GET /us_opt1/js/server/privileges.js?v=5.0.2 HTTP/1.1" 200 4358 "-" "Mozilla/5.0 (Windows NT 6.3; Win64; x64) AppleWebKit/537.36 (KHTML, like Gecko) Chrome/81.0.4044.129 Safari/537.36"
::1 - - [30/Apr/2020:18:59:50 +0530] "GET /us_opt1/js/vendor/zxcvbn.js?v=5.0.2 HTTP/1.1" 200 398714 "-" "Mozilla/5.0 (Windows NT 6.3; Win64; x64) AppleWebKit/537.36 (KHTML, like Gecko) Chrome/81.0.4044.129 Safari/537.36"
::1 - - [30/Apr/2020:18:59:59 +0530] "GET /us_opt1/index.php?ajax_request=true&ajax_page_request=true&_nocache=1588253399326983197&token=252f727b475e69686f7c6d726935602a HTTP/1.1" 200 7822 "-" "Mozilla/5.0 (Windows NT 6.3; Win64; x64) AppleWebKit/537.36 (KHTML, like Gecko) Chrome/81.0.4044.129 Safari/537.36"
::1 - - [30/Apr/2020:19:00:00 +0530] "POST /us_opt1/db_structure.php?ajax_request=1&favorite_table=1&sync_favorite_tables=1 HTTP/1.1" 200 134 "-" "Mozilla/5.0 (Windows NT 6.3; Win64; x64) AppleWebKit/537.36 (KHTML, like Gecko) Chrome/81.0.4044.129 Safari/537.36"
::1 - - [30/Apr/2020:19:00:00 +0530] "POST /us_opt1/version_check.php HTTP/1.1" 200 28 "-" "Mozilla/5.0 (Windows NT 6.3; Win64; x64) AppleWebKit/537.36 (KHTML, like Gecko) Chrome/81.0.4044.129 Safari/537.36"
