bvquoc‣WRESTLING: 6.00
WRESTLING.cpp
"C:\Program Files (x86)\Themis\gcc\bin\g++.exe" -std=c++14 "WRESTLING.cpp" -pipe -O2 -s -static -lm -x c++ -o"WRESTLING.exe" -Wl,--stack,66060288|@WorkDir=C:\ProgramData\ThemisWorkSpace\WaitRoom4689\
Dịch thành công.

bvquoc‣WRESTLING‣test01: 0.06
Thời gian ≈ 0.046997900 giây
Kết quả khớp đáp án!
bvquoc‣WRESTLING‣test02: 0.06
Thời gian ≈ 0.039184900 giây
Kết quả khớp đáp án!
bvquoc‣WRESTLING‣test03: 0.06
Thời gian ≈ 0.041255800 giây
Kết quả khớp đáp án!
bvquoc‣WRESTLING‣test04: 0.06
Thời gian ≈ 0.037363800 giây
Kết quả khớp đáp án!
bvquoc‣WRESTLING‣test05: 0.06
Thời gian ≈ 0.035554200 giây
Kết quả khớp đáp án!
bvquoc‣WRESTLING‣test06: 0.06
Thời gian ≈ 0.055100100 giây
Kết quả khớp đáp án!
bvquoc‣WRESTLING‣test07: 0.06
Thời gian ≈ 0.036880700 giây
Kết quả khớp đáp án!
bvquoc‣WRESTLING‣test08: 0.06
Thời gian ≈ 0.034624300 giây
Kết quả khớp đáp án!
bvquoc‣WRESTLING‣test09: 0.06
Thời gian ≈ 0.036289800 giây
Kết quả khớp đáp án!
bvquoc‣WRESTLING‣test10: 0.06
Thời gian ≈ 0.036916700 giây
Kết quả khớp đáp án!
bvquoc‣WRESTLING‣test100: 0.06
Thời gian ≈ 0.114579000 giây
Kết quả khớp đáp án!
bvquoc‣WRESTLING‣test11: 0.06
Thời gian ≈ 0.036169200 giây
Kết quả khớp đáp án!
bvquoc‣WRESTLING‣test12: 0.06
Thời gian ≈ 0.036205700 giây
Kết quả khớp đáp án!
bvquoc‣WRESTLING‣test13: 0.06
Thời gian ≈ 0.056204400 giây
Kết quả khớp đáp án!
bvquoc‣WRESTLING‣test14: 0.06
Thời gian ≈ 0.038930300 giây
Kết quả khớp đáp án!
bvquoc‣WRESTLING‣test15: 0.06
Thời gian ≈ 0.040590200 giây
Kết quả khớp đáp án!
bvquoc‣WRESTLING‣test16: 0.06
Thời gian ≈ 0.037035300 giây
Kết quả khớp đáp án!
bvquoc‣WRESTLING‣test17: 0.06
Thời gian ≈ 0.035834900 giây
Kết quả khớp đáp án!
bvquoc‣WRESTLING‣test18: 0.06
Thời gian ≈ 0.036554500 giây
Kết quả khớp đáp án!
bvquoc‣WRESTLING‣test19: 0.06
Thời gian ≈ 0.036751100 giây
Kết quả khớp đáp án!
bvquoc‣WRESTLING‣test20: 0.06
Thời gian ≈ 0.040986900 giây
Kết quả khớp đáp án!
bvquoc‣WRESTLING‣test21: 0.06
Thời gian ≈ 0.047234400 giây
Kết quả khớp đáp án!
bvquoc‣WRESTLING‣test22: 0.06
Thời gian ≈ 0.036404800 giây
Kết quả khớp đáp án!
bvquoc‣WRESTLING‣test23: 0.06
Thời gian ≈ 0.036039600 giây
Kết quả khớp đáp án!
bvquoc‣WRESTLING‣test24: 0.06
Thời gian ≈ 0.034753300 giây
Kết quả khớp đáp án!
bvquoc‣WRESTLING‣test25: 0.06
Thời gian ≈ 0.036128800 giây
Kết quả khớp đáp án!
bvquoc‣WRESTLING‣test26: 0.06
Thời gian ≈ 0.038434100 giây
Kết quả khớp đáp án!
bvquoc‣WRESTLING‣test27: 0.06
Thời gian ≈ 0.043173000 giây
Kết quả khớp đáp án!
bvquoc‣WRESTLING‣test28: 0.06
Thời gian ≈ 0.035601400 giây
Kết quả khớp đáp án!
bvquoc‣WRESTLING‣test29: 0.06
Thời gian ≈ 0.042314000 giây
Kết quả khớp đáp án!
bvquoc‣WRESTLING‣test30: 0.06
Thời gian ≈ 0.061871500 giây
Kết quả khớp đáp án!
bvquoc‣WRESTLING‣test31: 0.06
Thời gian ≈ 0.054789500 giây
Kết quả khớp đáp án!
bvquoc‣WRESTLING‣test32: 0.06
Thời gian ≈ 0.058969800 giây
Kết quả khớp đáp án!
bvquoc‣WRESTLING‣test33: 0.06
Thời gian ≈ 0.068077000 giây
Kết quả khớp đáp án!
bvquoc‣WRESTLING‣test34: 0.06
Thời gian ≈ 0.036854800 giây
Kết quả khớp đáp án!
bvquoc‣WRESTLING‣test35: 0.06
Thời gian ≈ 0.053488500 giây
Kết quả khớp đáp án!
bvquoc‣WRESTLING‣test36: 0.06
Thời gian ≈ 0.043129300 giây
Kết quả khớp đáp án!
bvquoc‣WRESTLING‣test37: 0.06
Thời gian ≈ 0.068733500 giây
Kết quả khớp đáp án!
bvquoc‣WRESTLING‣test38: 0.06
Thời gian ≈ 0.048470200 giây
Kết quả khớp đáp án!
bvquoc‣WRESTLING‣test39: 0.06
Thời gian ≈ 0.040082000 giây
Kết quả khớp đáp án!
bvquoc‣WRESTLING‣test40: 0.06
Thời gian ≈ 0.069405300 giây
Kết quả khớp đáp án!
bvquoc‣WRESTLING‣test41: 0.06
Thời gian ≈ 0.073100400 giây
Kết quả khớp đáp án!
bvquoc‣WRESTLING‣test42: 0.06
Thời gian ≈ 0.052639600 giây
Kết quả khớp đáp án!
bvquoc‣WRESTLING‣test43: 0.06
Thời gian ≈ 0.048855400 giây
Kết quả khớp đáp án!
bvquoc‣WRESTLING‣test44: 0.06
Thời gian ≈ 0.036255500 giây
Kết quả khớp đáp án!
bvquoc‣WRESTLING‣test45: 0.06
Thời gian ≈ 0.037170500 giây
Kết quả khớp đáp án!
bvquoc‣WRESTLING‣test46: 0.06
Thời gian ≈ 0.043723700 giây
Kết quả khớp đáp án!
bvquoc‣WRESTLING‣test47: 0.06
Thời gian ≈ 0.038337200 giây
Kết quả khớp đáp án!
bvquoc‣WRESTLING‣test48: 0.06
Thời gian ≈ 0.051703200 giây
Kết quả khớp đáp án!
bvquoc‣WRESTLING‣test49: 0.06
Thời gian ≈ 0.036546300 giây
Kết quả khớp đáp án!
bvquoc‣WRESTLING‣test50: 0.06
Thời gian ≈ 0.036518400 giây
Kết quả khớp đáp án!
bvquoc‣WRESTLING‣test51: 0.06
Thời gian ≈ 0.037793200 giây
Kết quả khớp đáp án!
bvquoc‣WRESTLING‣test52: 0.06
Thời gian ≈ 0.043628500 giây
Kết quả khớp đáp án!
bvquoc‣WRESTLING‣test53: 0.06
Thời gian ≈ 0.037418100 giây
Kết quả khớp đáp án!
bvquoc‣WRESTLING‣test54: 0.06
Thời gian ≈ 0.045982800 giây
Kết quả khớp đáp án!
bvquoc‣WRESTLING‣test55: 0.06
Thời gian ≈ 0.039278700 giây
Kết quả khớp đáp án!
bvquoc‣WRESTLING‣test56: 0.06
Thời gian ≈ 0.037096000 giây
Kết quả khớp đáp án!
bvquoc‣WRESTLING‣test57: 0.06
Thời gian ≈ 0.052767500 giây
Kết quả khớp đáp án!
bvquoc‣WRESTLING‣test58: 0.06
Thời gian ≈ 0.037323300 giây
Kết quả khớp đáp án!
bvquoc‣WRESTLING‣test59: 0.06
Thời gian ≈ 0.067719800 giây
Kết quả khớp đáp án!
bvquoc‣WRESTLING‣test60: 0.06
Thời gian ≈ 0.064280700 giây
Kết quả khớp đáp án!
bvquoc‣WRESTLING‣test61: 0.06
Thời gian ≈ 0.048574000 giây
Kết quả khớp đáp án!
bvquoc‣WRESTLING‣test62: 0.06
Thời gian ≈ 0.045231700 giây
Kết quả khớp đáp án!
bvquoc‣WRESTLING‣test63: 0.06
Thời gian ≈ 0.045523300 giây
Kết quả khớp đáp án!
bvquoc‣WRESTLING‣test64: 0.06
Thời gian ≈ 0.045448700 giây
Kết quả khớp đáp án!
bvquoc‣WRESTLING‣test65: 0.06
Thời gian ≈ 0.051391000 giây
Kết quả khớp đáp án!
bvquoc‣WRESTLING‣test66: 0.06
Thời gian ≈ 0.049556300 giây
Kết quả khớp đáp án!
bvquoc‣WRESTLING‣test67: 0.06
Thời gian ≈ 0.064714100 giây
Kết quả khớp đáp án!
bvquoc‣WRESTLING‣test68: 0.06
Thời gian ≈ 0.049784500 giây
Kết quả khớp đáp án!
bvquoc‣WRESTLING‣test69: 0.06
Thời gian ≈ 0.057089000 giây
Kết quả khớp đáp án!
bvquoc‣WRESTLING‣test70: 0.06
Thời gian ≈ 0.044555300 giây
Kết quả khớp đáp án!
bvquoc‣WRESTLING‣test71: 0.06
Thời gian ≈ 0.044022100 giây
Kết quả khớp đáp án!
bvquoc‣WRESTLING‣test72: 0.06
Thời gian ≈ 0.153335300 giây
Kết quả khớp đáp án!
bvquoc‣WRESTLING‣test73: 0.06
Thời gian ≈ 0.042260500 giây
Kết quả khớp đáp án!
bvquoc‣WRESTLING‣test74: 0.06
Thời gian ≈ 0.052220100 giây
Kết quả khớp đáp án!
bvquoc‣WRESTLING‣test75: 0.06
Thời gian ≈ 0.036339900 giây
Kết quả khớp đáp án!
bvquoc‣WRESTLING‣test76: 0.06
Thời gian ≈ 0.046369600 giây
Kết quả khớp đáp án!
bvquoc‣WRESTLING‣test77: 0.06
Thời gian ≈ 0.047129200 giây
Kết quả khớp đáp án!
bvquoc‣WRESTLING‣test78: 0.06
Thời gian ≈ 0.042973100 giây
Kết quả khớp đáp án!
bvquoc‣WRESTLING‣test79: 0.06
Thời gian ≈ 0.069465900 giây
Kết quả khớp đáp án!
bvquoc‣WRESTLING‣test80: 0.06
Thời gian ≈ 0.044600400 giây
Kết quả khớp đáp án!
bvquoc‣WRESTLING‣test81: 0.06
Thời gian ≈ 0.039840000 giây
Kết quả khớp đáp án!
bvquoc‣WRESTLING‣test82: 0.06
Thời gian ≈ 0.046158800 giây
Kết quả khớp đáp án!
bvquoc‣WRESTLING‣test83: 0.06
Thời gian ≈ 0.041934200 giây
Kết quả khớp đáp án!
bvquoc‣WRESTLING‣test84: 0.06
Thời gian ≈ 0.048985600 giây
Kết quả khớp đáp án!
bvquoc‣WRESTLING‣test85: 0.06
Thời gian ≈ 0.046975300 giây
Kết quả khớp đáp án!
bvquoc‣WRESTLING‣test86: 0.06
Thời gian ≈ 0.047727100 giây
Kết quả khớp đáp án!
bvquoc‣WRESTLING‣test87: 0.06
Thời gian ≈ 0.048444100 giây
Kết quả khớp đáp án!
bvquoc‣WRESTLING‣test88: 0.06
Thời gian ≈ 0.049763000 giây
Kết quả khớp đáp án!
bvquoc‣WRESTLING‣test89: 0.06
Thời gian ≈ 0.053495300 giây
Kết quả khớp đáp án!
bvquoc‣WRESTLING‣test90: 0.06
Thời gian ≈ 0.052487700 giây
Kết quả khớp đáp án!
bvquoc‣WRESTLING‣test91: 0.06
Thời gian ≈ 0.127029100 giây
Kết quả khớp đáp án!
bvquoc‣WRESTLING‣test92: 0.06
Thời gian ≈ 0.060985500 giây
Kết quả khớp đáp án!
bvquoc‣WRESTLING‣test93: 0.06
Thời gian ≈ 0.079537500 giây
Kết quả khớp đáp án!
bvquoc‣WRESTLING‣test94: 0.06
Thời gian ≈ 0.067545200 giây
Kết quả khớp đáp án!
bvquoc‣WRESTLING‣test95: 0.06
Thời gian ≈ 0.096358700 giây
Kết quả khớp đáp án!
bvquoc‣WRESTLING‣test96: 0.06
Thời gian ≈ 0.072267400 giây
Kết quả khớp đáp án!
bvquoc‣WRESTLING‣test97: 0.06
Thời gian ≈ 0.074955900 giây
Kết quả khớp đáp án!
bvquoc‣WRESTLING‣test98: 0.06
Thời gian ≈ 0.071774200 giây
Kết quả khớp đáp án!
bvquoc‣WRESTLING‣test99: 0.06
Thời gian ≈ 0.076260600 giây
Kết quả khớp đáp án!
