bvquoc‣CONCOMP: 4.90
CONCOMP.cpp
"C:\Program Files (x86)\Themis\gcc\bin\g++.exe" -std=c++14 "CONCOMP.cpp" -pipe -O2 -s -static -lm -x c++ -o"CONCOMP.exe" -Wl,--stack,66060288|@WorkDir=C:\ProgramData\ThemisWorkSpace\WaitRoom45177\
Dịch thành công.

bvquoc‣CONCOMP‣Test01: 0.35
Thời gian ≈ 0.049854900 giây
Kết quả khớp đáp án!
bvquoc‣CONCOMP‣Test02: 0.35
Thời gian ≈ 0.045775900 giây
Kết quả khớp đáp án!
bvquoc‣CONCOMP‣Test03: 0.35
Thời gian ≈ 0.055744700 giây
Kết quả khớp đáp án!
bvquoc‣CONCOMP‣Test04: 0.35
Thời gian ≈ 0.049991600 giây
Kết quả khớp đáp án!
bvquoc‣CONCOMP‣Test05: 0.35
Thời gian ≈ 0.043315400 giây
Kết quả khớp đáp án!
bvquoc‣CONCOMP‣Test06: 0.35
Thời gian ≈ 0.048819500 giây
Kết quả khớp đáp án!
bvquoc‣CONCOMP‣Test07: 0.35
Thời gian ≈ 0.811186900 giây
Kết quả khớp đáp án!
bvquoc‣CONCOMP‣Test08: 0.35
Thời gian ≈ 0.941135100 giây
Kết quả khớp đáp án!
bvquoc‣CONCOMP‣Test09: 0.35
Thời gian ≈ 0.843795100 giây
Kết quả khớp đáp án!
bvquoc‣CONCOMP‣Test10: 0.35
Thời gian ≈ 0.722828900 giây
Kết quả khớp đáp án!
bvquoc‣CONCOMP‣Test11: 0.35
Thời gian ≈ 0.690730900 giây
Kết quả khớp đáp án!
bvquoc‣CONCOMP‣Test12: 0.35
Thời gian ≈ 0.722134900 giây
Kết quả khớp đáp án!
bvquoc‣CONCOMP‣Test13: 0.35
Thời gian ≈ 0.699402300 giây
Kết quả khớp đáp án!
bvquoc‣CONCOMP‣Test14: 0.35
Thời gian ≈ 0.633381900 giây
Kết quả khớp đáp án!
bvquoc‣CONCOMP‣Test15: 0.00
Chạy quá thời gian
bvquoc‣CONCOMP‣Test16: 0.00
Chạy quá thời gian
bvquoc‣CONCOMP‣Test17: 0.00
Chạy quá thời gian
bvquoc‣CONCOMP‣Test18: 0.00
Chạy quá thời gian
bvquoc‣CONCOMP‣Test19: 0.00
Chạy quá thời gian
bvquoc‣CONCOMP‣Test20: 0.00
Chạy quá thời gian
