tvhson‣CONCOMP: 4.90
CONCOMP.cpp
"C:\Program Files (x86)\Themis\gcc\bin\g++.exe" -std=c++14 "CONCOMP.cpp" -pipe -O2 -s -static -lm -x c++ -o"CONCOMP.exe" -Wl,--stack,66060288|@WorkDir=C:\ProgramData\ThemisWorkSpace\WaitRoom26883\
Dịch thành công.

tvhson‣CONCOMP‣Test01: 0.35
Thời gian ≈ 0.092518900 giây
Kết quả khớp đáp án!
tvhson‣CONCOMP‣Test02: 0.35
Thời gian ≈ 0.058921200 giây
Kết quả khớp đáp án!
tvhson‣CONCOMP‣Test03: 0.35
Thời gian ≈ 0.054674700 giây
Kết quả khớp đáp án!
tvhson‣CONCOMP‣Test04: 0.35
Thời gian ≈ 0.056305900 giây
Kết quả khớp đáp án!
tvhson‣CONCOMP‣Test05: 0.35
Thời gian ≈ 0.049799300 giây
Kết quả khớp đáp án!
tvhson‣CONCOMP‣Test06: 0.35
Thời gian ≈ 0.058102200 giây
Kết quả khớp đáp án!
tvhson‣CONCOMP‣Test07: 0.35
Thời gian ≈ 0.825359700 giây
Kết quả khớp đáp án!
tvhson‣CONCOMP‣Test08: 0.35
Thời gian ≈ 0.742106200 giây
Kết quả khớp đáp án!
tvhson‣CONCOMP‣Test09: 0.35
Thời gian ≈ 0.682673800 giây
Kết quả khớp đáp án!
tvhson‣CONCOMP‣Test10: 0.35
Thời gian ≈ 0.775735100 giây
Kết quả khớp đáp án!
tvhson‣CONCOMP‣Test11: 0.35
Thời gian ≈ 0.831095700 giây
Kết quả khớp đáp án!
tvhson‣CONCOMP‣Test12: 0.35
Thời gian ≈ 0.735486400 giây
Kết quả khớp đáp án!
tvhson‣CONCOMP‣Test13: 0.35
Thời gian ≈ 0.589870300 giây
Kết quả khớp đáp án!
tvhson‣CONCOMP‣Test14: 0.35
Thời gian ≈ 0.608894000 giây
Kết quả khớp đáp án!
tvhson‣CONCOMP‣Test15: 0.00
Chạy quá thời gian
tvhson‣CONCOMP‣Test16: 0.00
Chạy quá thời gian
tvhson‣CONCOMP‣Test17: 0.00
Chạy quá thời gian
tvhson‣CONCOMP‣Test18: 0.00
Chạy quá thời gian
tvhson‣CONCOMP‣Test19: 0.00
Chạy quá thời gian
tvhson‣CONCOMP‣Test20: 0.00
Chạy quá thời gian
