tvhson‣SPIRIT: 100.00
SPIRIT.cpp
"C:\Program Files (x86)\Themis\gcc\bin\g++.exe" -std=c++14 "SPIRIT.cpp" -pipe -O2 -s -static -lm -x c++ -o"SPIRIT.exe" -Wl,--stack,66060288|@WorkDir=C:\ProgramData\ThemisWorkSpace\WaitRoom14871\
Dịch thành công.

tvhson‣SPIRIT‣Test00: 2.22
Thời gian ≈ 0.037517800 giây
Kết quả khớp đáp án!
tvhson‣SPIRIT‣Test01: 2.22
Thời gian ≈ 0.037595800 giây
Kết quả khớp đáp án!
tvhson‣SPIRIT‣Test02: 2.22
Thời gian ≈ 0.036336500 giây
Kết quả khớp đáp án!
tvhson‣SPIRIT‣Test03: 2.22
Thời gian ≈ 0.037423500 giây
Kết quả khớp đáp án!
tvhson‣SPIRIT‣Test04: 2.22
Thời gian ≈ 0.038629500 giây
Kết quả khớp đáp án!
tvhson‣SPIRIT‣Test05: 2.22
Thời gian ≈ 0.035911000 giây
Kết quả khớp đáp án!
tvhson‣SPIRIT‣Test06: 2.22
Thời gian ≈ 0.036676000 giây
Kết quả khớp đáp án!
tvhson‣SPIRIT‣Test07: 2.22
Thời gian ≈ 0.038957600 giây
Kết quả khớp đáp án!
tvhson‣SPIRIT‣Test08: 2.22
Thời gian ≈ 0.035774200 giây
Kết quả khớp đáp án!
tvhson‣SPIRIT‣Test09: 2.22
Thời gian ≈ 0.035730900 giây
Kết quả khớp đáp án!
tvhson‣SPIRIT‣Test10: 2.22
Thời gian ≈ 0.038286100 giây
Kết quả khớp đáp án!
tvhson‣SPIRIT‣Test11: 2.22
Thời gian ≈ 0.036131600 giây
Kết quả khớp đáp án!
tvhson‣SPIRIT‣Test12: 2.22
Thời gian ≈ 0.036624800 giây
Kết quả khớp đáp án!
tvhson‣SPIRIT‣Test13: 2.22
Thời gian ≈ 0.036929700 giây
Kết quả khớp đáp án!
tvhson‣SPIRIT‣Test14: 2.22
Thời gian ≈ 0.036586000 giây
Kết quả khớp đáp án!
tvhson‣SPIRIT‣Test15: 2.22
Thời gian ≈ 0.036968500 giây
Kết quả khớp đáp án!
tvhson‣SPIRIT‣Test16: 2.22
Thời gian ≈ 0.036881400 giây
Kết quả khớp đáp án!
tvhson‣SPIRIT‣Test17: 2.22
Thời gian ≈ 0.037830500 giây
Kết quả khớp đáp án!
tvhson‣SPIRIT‣Test18: 2.22
Thời gian ≈ 0.036461300 giây
Kết quả khớp đáp án!
tvhson‣SPIRIT‣Test19: 2.22
Thời gian ≈ 0.037717400 giây
Kết quả khớp đáp án!
tvhson‣SPIRIT‣Test20: 2.22
Thời gian ≈ 0.037235100 giây
Kết quả khớp đáp án!
tvhson‣SPIRIT‣Test21: 2.22
Thời gian ≈ 0.036321700 giây
Kết quả khớp đáp án!
tvhson‣SPIRIT‣Test22: 2.22
Thời gian ≈ 0.037665100 giây
Kết quả khớp đáp án!
tvhson‣SPIRIT‣Test23: 2.22
Thời gian ≈ 0.037915900 giây
Kết quả khớp đáp án!
tvhson‣SPIRIT‣Test24: 2.22
Thời gian ≈ 0.040964100 giây
Kết quả khớp đáp án!
tvhson‣SPIRIT‣Test25: 2.22
Thời gian ≈ 0.037903400 giây
Kết quả khớp đáp án!
tvhson‣SPIRIT‣Test26: 2.22
Thời gian ≈ 0.041568700 giây
Kết quả khớp đáp án!
tvhson‣SPIRIT‣Test27: 2.22
Thời gian ≈ 0.037338000 giây
Kết quả khớp đáp án!
tvhson‣SPIRIT‣Test28: 2.22
Thời gian ≈ 0.036536000 giây
Kết quả khớp đáp án!
tvhson‣SPIRIT‣Test29: 2.22
Thời gian ≈ 0.038502600 giây
Kết quả khớp đáp án!
tvhson‣SPIRIT‣Test30: 2.22
Thời gian ≈ 0.036042900 giây
Kết quả khớp đáp án!
tvhson‣SPIRIT‣Test31: 2.22
Thời gian ≈ 0.036931900 giây
Kết quả khớp đáp án!
tvhson‣SPIRIT‣Test32: 2.22
Thời gian ≈ 0.037362600 giây
Kết quả khớp đáp án!
tvhson‣SPIRIT‣Test33: 2.22
Thời gian ≈ 0.036049800 giây
Kết quả khớp đáp án!
tvhson‣SPIRIT‣Test34: 2.22
Thời gian ≈ 0.044089300 giây
Kết quả khớp đáp án!
tvhson‣SPIRIT‣Test35: 2.22
Thời gian ≈ 0.040537000 giây
Kết quả khớp đáp án!
tvhson‣SPIRIT‣Test36: 2.22
Thời gian ≈ 0.037605500 giây
Kết quả khớp đáp án!
tvhson‣SPIRIT‣Test37: 2.22
Thời gian ≈ 0.039378100 giây
Kết quả khớp đáp án!
tvhson‣SPIRIT‣Test38: 2.22
Thời gian ≈ 0.036761400 giây
Kết quả khớp đáp án!
tvhson‣SPIRIT‣Test39: 2.22
Thời gian ≈ 0.035780900 giây
Kết quả khớp đáp án!
tvhson‣SPIRIT‣Test40: 2.22
Thời gian ≈ 0.037712700 giây
Kết quả khớp đáp án!
tvhson‣SPIRIT‣Test41: 2.22
Thời gian ≈ 0.037399400 giây
Kết quả khớp đáp án!
tvhson‣SPIRIT‣Test42: 2.22
Thời gian ≈ 0.043111600 giây
Kết quả khớp đáp án!
tvhson‣SPIRIT‣Test43: 2.22
Thời gian ≈ 0.037118900 giây
Kết quả khớp đáp án!
tvhson‣SPIRIT‣Test44: 2.22
Thời gian ≈ 0.037899500 giây
Kết quả khớp đáp án!
