tvhson‣WRESTLING: 6.00
WRESTLING.cpp
"C:\Program Files (x86)\Themis\gcc\bin\g++.exe" -std=c++14 "WRESTLING.cpp" -pipe -O2 -s -static -lm -x c++ -o"WRESTLING.exe" -Wl,--stack,66060288|@WorkDir=C:\ProgramData\ThemisWorkSpace\WaitRoom37713\
Dịch thành công.

tvhson‣WRESTLING‣test01: 0.06
Thời gian ≈ 0.043645100 giây
Kết quả khớp đáp án!
tvhson‣WRESTLING‣test02: 0.06
Thời gian ≈ 0.046992500 giây
Kết quả khớp đáp án!
tvhson‣WRESTLING‣test03: 0.06
Thời gian ≈ 0.054840200 giây
Kết quả khớp đáp án!
tvhson‣WRESTLING‣test04: 0.06
Thời gian ≈ 0.050014600 giây
Kết quả khớp đáp án!
tvhson‣WRESTLING‣test05: 0.06
Thời gian ≈ 0.049946000 giây
Kết quả khớp đáp án!
tvhson‣WRESTLING‣test06: 0.06
Thời gian ≈ 0.039596900 giây
Kết quả khớp đáp án!
tvhson‣WRESTLING‣test07: 0.06
Thời gian ≈ 0.048288800 giây
Kết quả khớp đáp án!
tvhson‣WRESTLING‣test08: 0.06
Thời gian ≈ 0.041057900 giây
Kết quả khớp đáp án!
tvhson‣WRESTLING‣test09: 0.06
Thời gian ≈ 0.055947900 giây
Kết quả khớp đáp án!
tvhson‣WRESTLING‣test10: 0.06
Thời gian ≈ 0.038875100 giây
Kết quả khớp đáp án!
tvhson‣WRESTLING‣test100: 0.06
Thời gian ≈ 0.370992700 giây
Kết quả khớp đáp án!
tvhson‣WRESTLING‣test11: 0.06
Thời gian ≈ 0.038073500 giây
Kết quả khớp đáp án!
tvhson‣WRESTLING‣test12: 0.06
Thời gian ≈ 0.060275000 giây
Kết quả khớp đáp án!
tvhson‣WRESTLING‣test13: 0.06
Thời gian ≈ 0.036590200 giây
Kết quả khớp đáp án!
tvhson‣WRESTLING‣test14: 0.06
Thời gian ≈ 0.040400100 giây
Kết quả khớp đáp án!
tvhson‣WRESTLING‣test15: 0.06
Thời gian ≈ 0.042367900 giây
Kết quả khớp đáp án!
tvhson‣WRESTLING‣test16: 0.06
Thời gian ≈ 0.044941800 giây
Kết quả khớp đáp án!
tvhson‣WRESTLING‣test17: 0.06
Thời gian ≈ 0.038694400 giây
Kết quả khớp đáp án!
tvhson‣WRESTLING‣test18: 0.06
Thời gian ≈ 0.049290500 giây
Kết quả khớp đáp án!
tvhson‣WRESTLING‣test19: 0.06
Thời gian ≈ 0.068654000 giây
Kết quả khớp đáp án!
tvhson‣WRESTLING‣test20: 0.06
Thời gian ≈ 0.060367200 giây
Kết quả khớp đáp án!
tvhson‣WRESTLING‣test21: 0.06
Thời gian ≈ 0.056280800 giây
Kết quả khớp đáp án!
tvhson‣WRESTLING‣test22: 0.06
Thời gian ≈ 0.035438400 giây
Kết quả khớp đáp án!
tvhson‣WRESTLING‣test23: 0.06
Thời gian ≈ 0.035199900 giây
Kết quả khớp đáp án!
tvhson‣WRESTLING‣test24: 0.06
Thời gian ≈ 0.033822300 giây
Kết quả khớp đáp án!
tvhson‣WRESTLING‣test25: 0.06
Thời gian ≈ 0.035132500 giây
Kết quả khớp đáp án!
tvhson‣WRESTLING‣test26: 0.06
Thời gian ≈ 0.035521900 giây
Kết quả khớp đáp án!
tvhson‣WRESTLING‣test27: 0.06
Thời gian ≈ 0.035298800 giây
Kết quả khớp đáp án!
tvhson‣WRESTLING‣test28: 0.06
Thời gian ≈ 0.036999400 giây
Kết quả khớp đáp án!
tvhson‣WRESTLING‣test29: 0.06
Thời gian ≈ 0.034319900 giây
Kết quả khớp đáp án!
tvhson‣WRESTLING‣test30: 0.06
Thời gian ≈ 0.034001000 giây
Kết quả khớp đáp án!
tvhson‣WRESTLING‣test31: 0.06
Thời gian ≈ 0.043050100 giây
Kết quả khớp đáp án!
tvhson‣WRESTLING‣test32: 0.06
Thời gian ≈ 0.035018600 giây
Kết quả khớp đáp án!
tvhson‣WRESTLING‣test33: 0.06
Thời gian ≈ 0.035045000 giây
Kết quả khớp đáp án!
tvhson‣WRESTLING‣test34: 0.06
Thời gian ≈ 0.035141900 giây
Kết quả khớp đáp án!
tvhson‣WRESTLING‣test35: 0.06
Thời gian ≈ 0.035407900 giây
Kết quả khớp đáp án!
tvhson‣WRESTLING‣test36: 0.06
Thời gian ≈ 0.037645000 giây
Kết quả khớp đáp án!
tvhson‣WRESTLING‣test37: 0.06
Thời gian ≈ 0.035323700 giây
Kết quả khớp đáp án!
tvhson‣WRESTLING‣test38: 0.06
Thời gian ≈ 0.037424400 giây
Kết quả khớp đáp án!
tvhson‣WRESTLING‣test39: 0.06
Thời gian ≈ 0.034646300 giây
Kết quả khớp đáp án!
tvhson‣WRESTLING‣test40: 0.06
Thời gian ≈ 0.035293300 giây
Kết quả khớp đáp án!
tvhson‣WRESTLING‣test41: 0.06
Thời gian ≈ 0.054226600 giây
Kết quả khớp đáp án!
tvhson‣WRESTLING‣test42: 0.06
Thời gian ≈ 0.052173900 giây
Kết quả khớp đáp án!
tvhson‣WRESTLING‣test43: 0.06
Thời gian ≈ 0.037537200 giây
Kết quả khớp đáp án!
tvhson‣WRESTLING‣test44: 0.06
Thời gian ≈ 0.037455400 giây
Kết quả khớp đáp án!
tvhson‣WRESTLING‣test45: 0.06
Thời gian ≈ 0.037176400 giây
Kết quả khớp đáp án!
tvhson‣WRESTLING‣test46: 0.06
Thời gian ≈ 0.051710700 giây
Kết quả khớp đáp án!
tvhson‣WRESTLING‣test47: 0.06
Thời gian ≈ 0.036331900 giây
Kết quả khớp đáp án!
tvhson‣WRESTLING‣test48: 0.06
Thời gian ≈ 0.038203000 giây
Kết quả khớp đáp án!
tvhson‣WRESTLING‣test49: 0.06
Thời gian ≈ 0.037888100 giây
Kết quả khớp đáp án!
tvhson‣WRESTLING‣test50: 0.06
Thời gian ≈ 0.035886400 giây
Kết quả khớp đáp án!
tvhson‣WRESTLING‣test51: 0.06
Thời gian ≈ 0.039398000 giây
Kết quả khớp đáp án!
tvhson‣WRESTLING‣test52: 0.06
Thời gian ≈ 0.037919300 giây
Kết quả khớp đáp án!
tvhson‣WRESTLING‣test53: 0.06
Thời gian ≈ 0.037037100 giây
Kết quả khớp đáp án!
tvhson‣WRESTLING‣test54: 0.06
Thời gian ≈ 0.046325500 giây
Kết quả khớp đáp án!
tvhson‣WRESTLING‣test55: 0.06
Thời gian ≈ 0.043597500 giây
Kết quả khớp đáp án!
tvhson‣WRESTLING‣test56: 0.06
Thời gian ≈ 0.097345800 giây
Kết quả khớp đáp án!
tvhson‣WRESTLING‣test57: 0.06
Thời gian ≈ 0.079699600 giây
Kết quả khớp đáp án!
tvhson‣WRESTLING‣test58: 0.06
Thời gian ≈ 0.038974100 giây
Kết quả khớp đáp án!
tvhson‣WRESTLING‣test59: 0.06
Thời gian ≈ 0.049972500 giây
Kết quả khớp đáp án!
tvhson‣WRESTLING‣test60: 0.06
Thời gian ≈ 0.071519600 giây
Kết quả khớp đáp án!
tvhson‣WRESTLING‣test61: 0.06
Thời gian ≈ 0.040097000 giây
Kết quả khớp đáp án!
tvhson‣WRESTLING‣test62: 0.06
Thời gian ≈ 0.040495900 giây
Kết quả khớp đáp án!
tvhson‣WRESTLING‣test63: 0.06
Thời gian ≈ 0.041201300 giây
Kết quả khớp đáp án!
tvhson‣WRESTLING‣test64: 0.06
Thời gian ≈ 0.046570600 giây
Kết quả khớp đáp án!
tvhson‣WRESTLING‣test65: 0.06
Thời gian ≈ 0.044254700 giây
Kết quả khớp đáp án!
tvhson‣WRESTLING‣test66: 0.06
Thời gian ≈ 0.044143400 giây
Kết quả khớp đáp án!
tvhson‣WRESTLING‣test67: 0.06
Thời gian ≈ 0.039314800 giây
Kết quả khớp đáp án!
tvhson‣WRESTLING‣test68: 0.06
Thời gian ≈ 0.062673100 giây
Kết quả khớp đáp án!
tvhson‣WRESTLING‣test69: 0.06
Thời gian ≈ 0.061706200 giây
Kết quả khớp đáp án!
tvhson‣WRESTLING‣test70: 0.06
Thời gian ≈ 0.046324100 giây
Kết quả khớp đáp án!
tvhson‣WRESTLING‣test71: 0.06
Thời gian ≈ 0.043630800 giây
Kết quả khớp đáp án!
tvhson‣WRESTLING‣test72: 0.06
Thời gian ≈ 0.042210100 giây
Kết quả khớp đáp án!
tvhson‣WRESTLING‣test73: 0.06
Thời gian ≈ 0.046301200 giây
Kết quả khớp đáp án!
tvhson‣WRESTLING‣test74: 0.06
Thời gian ≈ 0.046668700 giây
Kết quả khớp đáp án!
tvhson‣WRESTLING‣test75: 0.06
Thời gian ≈ 0.043332400 giây
Kết quả khớp đáp án!
tvhson‣WRESTLING‣test76: 0.06
Thời gian ≈ 0.052080100 giây
Kết quả khớp đáp án!
tvhson‣WRESTLING‣test77: 0.06
Thời gian ≈ 0.056329500 giây
Kết quả khớp đáp án!
tvhson‣WRESTLING‣test78: 0.06
Thời gian ≈ 0.045762600 giây
Kết quả khớp đáp án!
tvhson‣WRESTLING‣test79: 0.06
Thời gian ≈ 0.052394500 giây
Kết quả khớp đáp án!
tvhson‣WRESTLING‣test80: 0.06
Thời gian ≈ 0.044781900 giây
Kết quả khớp đáp án!
tvhson‣WRESTLING‣test81: 0.06
Thời gian ≈ 0.049864300 giây
Kết quả khớp đáp án!
tvhson‣WRESTLING‣test82: 0.06
Thời gian ≈ 0.058334800 giây
Kết quả khớp đáp án!
tvhson‣WRESTLING‣test83: 0.06
Thời gian ≈ 0.064483500 giây
Kết quả khớp đáp án!
tvhson‣WRESTLING‣test84: 0.06
Thời gian ≈ 0.097748800 giây
Kết quả khớp đáp án!
tvhson‣WRESTLING‣test85: 0.06
Thời gian ≈ 0.084761200 giây
Kết quả khớp đáp án!
tvhson‣WRESTLING‣test86: 0.06
Thời gian ≈ 0.094246200 giây
Kết quả khớp đáp án!
tvhson‣WRESTLING‣test87: 0.06
Thời gian ≈ 0.102102200 giây
Kết quả khớp đáp án!
tvhson‣WRESTLING‣test88: 0.06
Thời gian ≈ 0.105001600 giây
Kết quả khớp đáp án!
tvhson‣WRESTLING‣test89: 0.06
Thời gian ≈ 0.108012400 giây
Kết quả khớp đáp án!
tvhson‣WRESTLING‣test90: 0.06
Thời gian ≈ 0.119514300 giây
Kết quả khớp đáp án!
tvhson‣WRESTLING‣test91: 0.06
Thời gian ≈ 0.128403900 giây
Kết quả khớp đáp án!
tvhson‣WRESTLING‣test92: 0.06
Thời gian ≈ 0.186936500 giây
Kết quả khớp đáp án!
tvhson‣WRESTLING‣test93: 0.06
Thời gian ≈ 0.225581500 giây
Kết quả khớp đáp án!
tvhson‣WRESTLING‣test94: 0.06
Thời gian ≈ 0.269367500 giây
Kết quả khớp đáp án!
tvhson‣WRESTLING‣test95: 0.06
Thời gian ≈ 0.262177600 giây
Kết quả khớp đáp án!
tvhson‣WRESTLING‣test96: 0.06
Thời gian ≈ 0.332369200 giây
Kết quả khớp đáp án!
tvhson‣WRESTLING‣test97: 0.06
Thời gian ≈ 0.371982300 giây
Kết quả khớp đáp án!
tvhson‣WRESTLING‣test98: 0.06
Thời gian ≈ 0.342788700 giây
Kết quả khớp đáp án!
tvhson‣WRESTLING‣test99: 0.06
Thời gian ≈ 0.379200500 giây
Kết quả khớp đáp án!
