tvhson‣watching: 100.00
watching.cpp
"C:\Program Files (x86)\Themis\gcc\bin\g++.exe" -std=c++14 "watching.cpp" -pipe -O2 -s -static -lm -x c++ -o"watching.exe" -Wl,--stack,66060288|@WorkDir=C:\ProgramData\ThemisWorkSpace\WaitRoom28693\
Dịch thành công.

tvhson‣watching‣Test01: 5.00
Thời gian ≈ 0.040218500 giây
Kết quả khớp đáp án!
tvhson‣watching‣Test02: 5.00
Thời gian ≈ 0.040802500 giây
Kết quả khớp đáp án!
tvhson‣watching‣Test03: 5.00
Thời gian ≈ 0.038384400 giây
Kết quả khớp đáp án!
tvhson‣watching‣Test04: 5.00
Thời gian ≈ 0.042729500 giây
Kết quả khớp đáp án!
tvhson‣watching‣Test05: 5.00
Thời gian ≈ 0.037300100 giây
Kết quả khớp đáp án!
tvhson‣watching‣Test06: 5.00
Thời gian ≈ 0.043176700 giây
Kết quả khớp đáp án!
tvhson‣watching‣Test07: 5.00
Thời gian ≈ 0.038814500 giây
Kết quả khớp đáp án!
tvhson‣watching‣Test08: 5.00
Thời gian ≈ 0.043576700 giây
Kết quả khớp đáp án!
tvhson‣watching‣Test09: 5.00
Thời gian ≈ 0.188057000 giây
Kết quả khớp đáp án!
tvhson‣watching‣Test10: 5.00
Thời gian ≈ 0.160038500 giây
Kết quả khớp đáp án!
tvhson‣watching‣Test11: 5.00
Thời gian ≈ 0.160123000 giây
Kết quả khớp đáp án!
tvhson‣watching‣Test12: 5.00
Thời gian ≈ 0.201088200 giây
Kết quả khớp đáp án!
tvhson‣watching‣Test13: 5.00
Thời gian ≈ 0.167866500 giây
Kết quả khớp đáp án!
tvhson‣watching‣Test14: 5.00
Thời gian ≈ 0.156861400 giây
Kết quả khớp đáp án!
tvhson‣watching‣Test15: 5.00
Thời gian ≈ 0.157672300 giây
Kết quả khớp đáp án!
tvhson‣watching‣Test16: 5.00
Thời gian ≈ 0.213581800 giây
Kết quả khớp đáp án!
tvhson‣watching‣Test17: 5.00
Thời gian ≈ 0.190723000 giây
Kết quả khớp đáp án!
tvhson‣watching‣Test18: 5.00
Thời gian ≈ 0.149414600 giây
Kết quả khớp đáp án!
tvhson‣watching‣Test19: 5.00
Thời gian ≈ 0.167842900 giây
Kết quả khớp đáp án!
tvhson‣watching‣Test20: 5.00
Thời gian ≈ 0.156784100 giây
Kết quả khớp đáp án!
