dtson‣WRESTLING: 4.98
WRESTLING.cpp
"C:\Program Files (x86)\Themis\gcc\bin\g++.exe" -std=c++14 "WRESTLING.cpp" -pipe -O2 -s -static -lm -x c++ -o"WRESTLING.exe" -Wl,--stack,66060288|@WorkDir=C:\ProgramData\ThemisWorkSpace\WaitRoom63705\
WRESTLING.cpp:1:25: warning: extra tokens at end of #include directive
 #include <bits/stdc++.h>;
                         ^
Dịch thành công.

dtson‣WRESTLING‣test01: 0.06
Thời gian ≈ 0.036543500 giây
Kết quả khớp đáp án!
dtson‣WRESTLING‣test02: 0.06
Thời gian ≈ 0.035798100 giây
Kết quả khớp đáp án!
dtson‣WRESTLING‣test03: 0.06
Thời gian ≈ 0.039757300 giây
Kết quả khớp đáp án!
dtson‣WRESTLING‣test04: 0.06
Thời gian ≈ 0.039055200 giây
Kết quả khớp đáp án!
dtson‣WRESTLING‣test05: 0.06
Thời gian ≈ 0.035096300 giây
Kết quả khớp đáp án!
dtson‣WRESTLING‣test06: 0.06
Thời gian ≈ 0.035733300 giây
Kết quả khớp đáp án!
dtson‣WRESTLING‣test07: 0.06
Thời gian ≈ 0.036587500 giây
Kết quả khớp đáp án!
dtson‣WRESTLING‣test08: 0.06
Thời gian ≈ 0.038191700 giây
Kết quả khớp đáp án!
dtson‣WRESTLING‣test09: 0.06
Thời gian ≈ 0.036750100 giây
Kết quả khớp đáp án!
dtson‣WRESTLING‣test10: 0.06
Thời gian ≈ 0.036832600 giây
Kết quả khớp đáp án!
dtson‣WRESTLING‣test100: 0.00
Chạy quá thời gian
dtson‣WRESTLING‣test11: 0.06
Thời gian ≈ 0.050158200 giây
Kết quả khớp đáp án!
dtson‣WRESTLING‣test12: 0.06
Thời gian ≈ 0.044346200 giây
Kết quả khớp đáp án!
dtson‣WRESTLING‣test13: 0.06
Thời gian ≈ 0.037802100 giây
Kết quả khớp đáp án!
dtson‣WRESTLING‣test14: 0.06
Thời gian ≈ 0.039868100 giây
Kết quả khớp đáp án!
dtson‣WRESTLING‣test15: 0.06
Thời gian ≈ 0.038359100 giây
Kết quả khớp đáp án!
dtson‣WRESTLING‣test16: 0.06
Thời gian ≈ 0.043788500 giây
Kết quả khớp đáp án!
dtson‣WRESTLING‣test17: 0.06
Thời gian ≈ 0.035309900 giây
Kết quả khớp đáp án!
dtson‣WRESTLING‣test18: 0.06
Thời gian ≈ 0.038315300 giây
Kết quả khớp đáp án!
dtson‣WRESTLING‣test19: 0.06
Thời gian ≈ 0.036763400 giây
Kết quả khớp đáp án!
dtson‣WRESTLING‣test20: 0.06
Thời gian ≈ 0.037408300 giây
Kết quả khớp đáp án!
dtson‣WRESTLING‣test21: 0.06
Thời gian ≈ 0.037204300 giây
Kết quả khớp đáp án!
dtson‣WRESTLING‣test22: 0.06
Thời gian ≈ 0.036263900 giây
Kết quả khớp đáp án!
dtson‣WRESTLING‣test23: 0.06
Thời gian ≈ 0.040482200 giây
Kết quả khớp đáp án!
dtson‣WRESTLING‣test24: 0.06
Thời gian ≈ 0.052621100 giây
Kết quả khớp đáp án!
dtson‣WRESTLING‣test25: 0.06
Thời gian ≈ 0.040435300 giây
Kết quả khớp đáp án!
dtson‣WRESTLING‣test26: 0.06
Thời gian ≈ 0.036547500 giây
Kết quả khớp đáp án!
dtson‣WRESTLING‣test27: 0.06
Thời gian ≈ 0.036564100 giây
Kết quả khớp đáp án!
dtson‣WRESTLING‣test28: 0.06
Thời gian ≈ 0.037921000 giây
Kết quả khớp đáp án!
dtson‣WRESTLING‣test29: 0.06
Thời gian ≈ 0.038217700 giây
Kết quả khớp đáp án!
dtson‣WRESTLING‣test30: 0.06
Thời gian ≈ 0.037094600 giây
Kết quả khớp đáp án!
dtson‣WRESTLING‣test31: 0.06
Thời gian ≈ 0.037602700 giây
Kết quả khớp đáp án!
dtson‣WRESTLING‣test32: 0.06
Thời gian ≈ 0.045120800 giây
Kết quả khớp đáp án!
dtson‣WRESTLING‣test33: 0.06
Thời gian ≈ 0.036426000 giây
Kết quả khớp đáp án!
dtson‣WRESTLING‣test34: 0.06
Thời gian ≈ 0.038414000 giây
Kết quả khớp đáp án!
dtson‣WRESTLING‣test35: 0.06
Thời gian ≈ 0.036212700 giây
Kết quả khớp đáp án!
dtson‣WRESTLING‣test36: 0.06
Thời gian ≈ 0.040457900 giây
Kết quả khớp đáp án!
dtson‣WRESTLING‣test37: 0.06
Thời gian ≈ 0.037484300 giây
Kết quả khớp đáp án!
dtson‣WRESTLING‣test38: 0.06
Thời gian ≈ 0.035089700 giây
Kết quả khớp đáp án!
dtson‣WRESTLING‣test39: 0.06
Thời gian ≈ 0.035119600 giây
Kết quả khớp đáp án!
dtson‣WRESTLING‣test40: 0.06
Thời gian ≈ 0.036414900 giây
Kết quả khớp đáp án!
dtson‣WRESTLING‣test41: 0.06
Thời gian ≈ 0.039077400 giây
Kết quả khớp đáp án!
dtson‣WRESTLING‣test42: 0.06
Thời gian ≈ 0.038199000 giây
Kết quả khớp đáp án!
dtson‣WRESTLING‣test43: 0.06
Thời gian ≈ 0.037917000 giây
Kết quả khớp đáp án!
dtson‣WRESTLING‣test44: 0.06
Thời gian ≈ 0.037261500 giây
Kết quả khớp đáp án!
dtson‣WRESTLING‣test45: 0.06
Thời gian ≈ 0.040314000 giây
Kết quả khớp đáp án!
dtson‣WRESTLING‣test46: 0.06
Thời gian ≈ 0.041944000 giây
Kết quả khớp đáp án!
dtson‣WRESTLING‣test47: 0.06
Thời gian ≈ 0.039304900 giây
Kết quả khớp đáp án!
dtson‣WRESTLING‣test48: 0.06
Thời gian ≈ 0.036372200 giây
Kết quả khớp đáp án!
dtson‣WRESTLING‣test49: 0.06
Thời gian ≈ 0.035377400 giây
Kết quả khớp đáp án!
dtson‣WRESTLING‣test50: 0.06
Thời gian ≈ 0.043516700 giây
Kết quả khớp đáp án!
dtson‣WRESTLING‣test51: 0.06
Thời gian ≈ 0.049421900 giây
Kết quả khớp đáp án!
dtson‣WRESTLING‣test52: 0.06
Thời gian ≈ 0.039352100 giây
Kết quả khớp đáp án!
dtson‣WRESTLING‣test53: 0.06
Thời gian ≈ 0.037904500 giây
Kết quả khớp đáp án!
dtson‣WRESTLING‣test54: 0.06
Thời gian ≈ 0.050403000 giây
Kết quả khớp đáp án!
dtson‣WRESTLING‣test55: 0.06
Thời gian ≈ 0.042114400 giây
Kết quả khớp đáp án!
dtson‣WRESTLING‣test56: 0.06
Thời gian ≈ 0.043802900 giây
Kết quả khớp đáp án!
dtson‣WRESTLING‣test57: 0.06
Thời gian ≈ 0.057360600 giây
Kết quả khớp đáp án!
dtson‣WRESTLING‣test58: 0.06
Thời gian ≈ 0.046556100 giây
Kết quả khớp đáp án!
dtson‣WRESTLING‣test59: 0.06
Thời gian ≈ 0.050963000 giây
Kết quả khớp đáp án!
dtson‣WRESTLING‣test60: 0.06
Thời gian ≈ 0.062647800 giây
Kết quả khớp đáp án!
dtson‣WRESTLING‣test61: 0.06
Thời gian ≈ 0.047146300 giây
Kết quả khớp đáp án!
dtson‣WRESTLING‣test62: 0.06
Thời gian ≈ 0.035679100 giây
Kết quả khớp đáp án!
dtson‣WRESTLING‣test63: 0.06
Thời gian ≈ 0.038235700 giây
Kết quả khớp đáp án!
dtson‣WRESTLING‣test64: 0.06
Thời gian ≈ 0.042605900 giây
Kết quả khớp đáp án!
dtson‣WRESTLING‣test65: 0.06
Thời gian ≈ 0.038361200 giây
Kết quả khớp đáp án!
dtson‣WRESTLING‣test66: 0.06
Thời gian ≈ 0.039472100 giây
Kết quả khớp đáp án!
dtson‣WRESTLING‣test67: 0.06
Thời gian ≈ 0.039106700 giây
Kết quả khớp đáp án!
dtson‣WRESTLING‣test68: 0.06
Thời gian ≈ 0.040199800 giây
Kết quả khớp đáp án!
dtson‣WRESTLING‣test69: 0.06
Thời gian ≈ 0.066675900 giây
Kết quả khớp đáp án!
dtson‣WRESTLING‣test70: 0.06
Thời gian ≈ 0.062846900 giây
Kết quả khớp đáp án!
dtson‣WRESTLING‣test71: 0.06
Thời gian ≈ 0.056279200 giây
Kết quả khớp đáp án!
dtson‣WRESTLING‣test72: 0.06
Thời gian ≈ 0.066762300 giây
Kết quả khớp đáp án!
dtson‣WRESTLING‣test73: 0.06
Thời gian ≈ 0.076511400 giây
Kết quả khớp đáp án!
dtson‣WRESTLING‣test74: 0.06
Thời gian ≈ 0.105421500 giây
Kết quả khớp đáp án!
dtson‣WRESTLING‣test75: 0.06
Thời gian ≈ 0.098735800 giây
Kết quả khớp đáp án!
dtson‣WRESTLING‣test76: 0.06
Thời gian ≈ 0.133136100 giây
Kết quả khớp đáp án!
dtson‣WRESTLING‣test77: 0.06
Thời gian ≈ 0.135666400 giây
Kết quả khớp đáp án!
dtson‣WRESTLING‣test78: 0.06
Thời gian ≈ 0.124537900 giây
Kết quả khớp đáp án!
dtson‣WRESTLING‣test79: 0.06
Thời gian ≈ 0.124940500 giây
Kết quả khớp đáp án!
dtson‣WRESTLING‣test80: 0.06
Thời gian ≈ 0.139227000 giây
Kết quả khớp đáp án!
dtson‣WRESTLING‣test81: 0.06
Thời gian ≈ 0.246124300 giây
Kết quả khớp đáp án!
dtson‣WRESTLING‣test82: 0.06
Thời gian ≈ 0.824457600 giây
Kết quả khớp đáp án!
dtson‣WRESTLING‣test83: 0.06
Thời gian ≈ 1.207067600 giây
Kết quả khớp đáp án!
dtson‣WRESTLING‣test84: 0.00
Chạy quá thời gian
dtson‣WRESTLING‣test85: 0.00
Chạy quá thời gian
dtson‣WRESTLING‣test86: 0.00
Chạy quá thời gian
dtson‣WRESTLING‣test87: 0.00
Chạy quá thời gian
dtson‣WRESTLING‣test88: 0.00
Chạy quá thời gian
dtson‣WRESTLING‣test89: 0.00
Chạy quá thời gian
dtson‣WRESTLING‣test90: 0.00
Chạy quá thời gian
dtson‣WRESTLING‣test91: 0.00
Chạy quá thời gian
dtson‣WRESTLING‣test92: 0.00
Chạy quá thời gian
dtson‣WRESTLING‣test93: 0.00
Chạy quá thời gian
dtson‣WRESTLING‣test94: 0.00
Chạy quá thời gian
dtson‣WRESTLING‣test95: 0.00
Chạy quá thời gian
dtson‣WRESTLING‣test96: 0.00
Chạy quá thời gian
dtson‣WRESTLING‣test97: 0.00
Chạy quá thời gian
dtson‣WRESTLING‣test98: 0.00
Chạy quá thời gian
dtson‣WRESTLING‣test99: 0.00
Chạy quá thời gian
