dtson‣POLE2: 0.00
POLE2.cpp
"C:\Program Files (x86)\Themis\gcc\bin\g++.exe" -std=c++14 "POLE2.cpp" -pipe -O2 -s -static -lm -x c++ -o"POLE2.exe" -Wl,--stack,66060288|@WorkDir=C:\ProgramData\ThemisWorkSpace\WaitRoom41687\
POLE2.cpp:1:25: warning: extra tokens at end of #include directive
 #include <bits/stdc++.h>;
                         ^
Dịch thành công.

dtson‣POLE2‣Test01: 0.00
Thời gian ≈ 0.038269900 giây
Kết quả KHÁC đáp án!
dtson‣POLE2‣Test02: 0.00
Thời gian ≈ 0.039273000 giây
Kết quả KHÁC đáp án!
dtson‣POLE2‣Test03: 0.00
Thời gian ≈ 0.037478800 giây
Kết quả KHÁC đáp án!
dtson‣POLE2‣Test04: 0.00
Thời gian ≈ 0.036293400 giây
Kết quả KHÁC đáp án!
dtson‣POLE2‣Test05: 0.00
Thời gian ≈ 0.035359200 giây
Kết quả KHÁC đáp án!
dtson‣POLE2‣Test06: 0.00
Thời gian ≈ 0.036698100 giây
Kết quả KHÁC đáp án!
dtson‣POLE2‣Test07: 0.00
Thời gian ≈ 0.048757400 giây
Kết quả KHÁC đáp án!
dtson‣POLE2‣Test08: 0.00
Thời gian ≈ 0.039182300 giây
Kết quả KHÁC đáp án!
dtson‣POLE2‣Test09: 0.00
Thời gian ≈ 0.044924600 giây
Kết quả KHÁC đáp án!
dtson‣POLE2‣Test10: 0.00
Thời gian ≈ 0.047044900 giây
Kết quả KHÁC đáp án!
dtson‣POLE2‣Test11: 0.00
Thời gian ≈ 0.043606100 giây
Kết quả KHÁC đáp án!
dtson‣POLE2‣Test12: 0.00
Thời gian ≈ 0.046957600 giây
Kết quả KHÁC đáp án!
dtson‣POLE2‣Test13: 0.00
Thời gian ≈ 0.041052700 giây
Kết quả KHÁC đáp án!
dtson‣POLE2‣Test14: 0.00
Thời gian ≈ 0.042098700 giây
Kết quả KHÁC đáp án!
dtson‣POLE2‣Test15: 0.00
Thời gian ≈ 0.041986800 giây
Kết quả KHÁC đáp án!
dtson‣POLE2‣Test16: 0.00
Thời gian ≈ 0.049924400 giây
Kết quả KHÁC đáp án!
dtson‣POLE2‣Test17: 0.00
Thời gian ≈ 0.051530600 giây
Kết quả KHÁC đáp án!
dtson‣POLE2‣Test18: 0.00
Thời gian ≈ 0.072330300 giây
Kết quả KHÁC đáp án!
dtson‣POLE2‣Test19: 0.00
Thời gian ≈ 0.058526300 giây
Kết quả KHÁC đáp án!
dtson‣POLE2‣Test20: 0.00
Thời gian ≈ 0.093799300 giây
Kết quả KHÁC đáp án!
