lxnam‣WRESTLING: 3.06
WRESTLING.cpp
"C:\Program Files (x86)\Themis\gcc\bin\g++.exe" -std=c++14 "WRESTLING.cpp" -pipe -O2 -s -static -lm -x c++ -o"WRESTLING.exe" -Wl,--stack,66060288|@WorkDir=C:\ProgramData\ThemisWorkSpace\WaitRoom27089\
Dịch thành công.

lxnam‣WRESTLING‣test01: 0.06
Thời gian ≈ 0.035492800 giây
Kết quả khớp đáp án!
lxnam‣WRESTLING‣test02: 0.06
Thời gian ≈ 0.034866500 giây
Kết quả khớp đáp án!
lxnam‣WRESTLING‣test03: 0.06
Thời gian ≈ 0.041996100 giây
Kết quả khớp đáp án!
lxnam‣WRESTLING‣test04: 0.06
Thời gian ≈ 0.037027900 giây
Kết quả khớp đáp án!
lxnam‣WRESTLING‣test05: 0.00
Thời gian ≈ 0.045531100 giây
Kết quả KHÁC đáp án!
lxnam‣WRESTLING‣test06: 0.06
Thời gian ≈ 0.035333700 giây
Kết quả khớp đáp án!
lxnam‣WRESTLING‣test07: 0.06
Thời gian ≈ 0.035259100 giây
Kết quả khớp đáp án!
lxnam‣WRESTLING‣test08: 0.06
Thời gian ≈ 0.041634400 giây
Kết quả khớp đáp án!
lxnam‣WRESTLING‣test09: 0.06
Thời gian ≈ 0.036930600 giây
Kết quả khớp đáp án!
lxnam‣WRESTLING‣test10: 0.06
Thời gian ≈ 0.037894600 giây
Kết quả khớp đáp án!
lxnam‣WRESTLING‣test100: 0.00
Chạy quá thời gian
lxnam‣WRESTLING‣test11: 0.06
Thời gian ≈ 0.035712600 giây
Kết quả khớp đáp án!
lxnam‣WRESTLING‣test12: 0.00
Thời gian ≈ 0.036769000 giây
Kết quả KHÁC đáp án!
lxnam‣WRESTLING‣test13: 0.06
Thời gian ≈ 0.035891200 giây
Kết quả khớp đáp án!
lxnam‣WRESTLING‣test14: 0.06
Thời gian ≈ 0.038269400 giây
Kết quả khớp đáp án!
lxnam‣WRESTLING‣test15: 0.00
Thời gian ≈ 0.038357400 giây
Kết quả KHÁC đáp án!
lxnam‣WRESTLING‣test16: 0.06
Thời gian ≈ 0.040786200 giây
Kết quả khớp đáp án!
lxnam‣WRESTLING‣test17: 0.00
Thời gian ≈ 0.054897900 giây
Kết quả KHÁC đáp án!
lxnam‣WRESTLING‣test18: 0.00
Thời gian ≈ 0.037201600 giây
Kết quả KHÁC đáp án!
lxnam‣WRESTLING‣test19: 0.06
Thời gian ≈ 0.054545600 giây
Kết quả khớp đáp án!
lxnam‣WRESTLING‣test20: 0.00
Thời gian ≈ 0.037301800 giây
Kết quả KHÁC đáp án!
lxnam‣WRESTLING‣test21: 0.06
Thời gian ≈ 0.034464400 giây
Kết quả khớp đáp án!
lxnam‣WRESTLING‣test22: 0.00
Thời gian ≈ 0.034500100 giây
Kết quả KHÁC đáp án!
lxnam‣WRESTLING‣test23: 0.00
Thời gian ≈ 0.038612600 giây
Kết quả KHÁC đáp án!
lxnam‣WRESTLING‣test24: 0.00
Thời gian ≈ 0.038525500 giây
Kết quả KHÁC đáp án!
lxnam‣WRESTLING‣test25: 0.00
Thời gian ≈ 0.057175600 giây
Kết quả KHÁC đáp án!
lxnam‣WRESTLING‣test26: 0.00
Thời gian ≈ 0.034639500 giây
Kết quả KHÁC đáp án!
lxnam‣WRESTLING‣test27: 0.06
Thời gian ≈ 0.039936600 giây
Kết quả khớp đáp án!
lxnam‣WRESTLING‣test28: 0.06
Thời gian ≈ 0.036628700 giây
Kết quả khớp đáp án!
lxnam‣WRESTLING‣test29: 0.00
Thời gian ≈ 0.037256100 giây
Kết quả KHÁC đáp án!
lxnam‣WRESTLING‣test30: 0.00
Thời gian ≈ 0.037182800 giây
Kết quả KHÁC đáp án!
lxnam‣WRESTLING‣test31: 0.06
Thời gian ≈ 0.034518700 giây
Kết quả khớp đáp án!
lxnam‣WRESTLING‣test32: 0.00
Thời gian ≈ 0.035273800 giây
Kết quả KHÁC đáp án!
lxnam‣WRESTLING‣test33: 0.06
Thời gian ≈ 0.052020700 giây
Kết quả khớp đáp án!
lxnam‣WRESTLING‣test34: 0.06
Thời gian ≈ 0.042913100 giây
Kết quả khớp đáp án!
lxnam‣WRESTLING‣test35: 0.00
Thời gian ≈ 0.036749500 giây
Kết quả KHÁC đáp án!
lxnam‣WRESTLING‣test36: 0.06
Thời gian ≈ 0.039444600 giây
Kết quả khớp đáp án!
lxnam‣WRESTLING‣test37: 0.00
Thời gian ≈ 0.036603000 giây
Kết quả KHÁC đáp án!
lxnam‣WRESTLING‣test38: 0.00
Thời gian ≈ 0.036713600 giây
Kết quả KHÁC đáp án!
lxnam‣WRESTLING‣test39: 0.06
Thời gian ≈ 0.046011500 giây
Kết quả khớp đáp án!
lxnam‣WRESTLING‣test40: 0.06
Thời gian ≈ 0.047847900 giây
Kết quả khớp đáp án!
lxnam‣WRESTLING‣test41: 0.00
Thời gian ≈ 0.043077000 giây
Kết quả KHÁC đáp án!
lxnam‣WRESTLING‣test42: 0.06
Thời gian ≈ 0.039919100 giây
Kết quả khớp đáp án!
lxnam‣WRESTLING‣test43: 0.06
Thời gian ≈ 0.037894300 giây
Kết quả khớp đáp án!
lxnam‣WRESTLING‣test44: 0.00
Thời gian ≈ 0.071443800 giây
Kết quả KHÁC đáp án!
lxnam‣WRESTLING‣test45: 0.00
Thời gian ≈ 0.035102200 giây
Kết quả KHÁC đáp án!
lxnam‣WRESTLING‣test46: 0.06
Thời gian ≈ 0.046262500 giây
Kết quả khớp đáp án!
lxnam‣WRESTLING‣test47: 0.06
Thời gian ≈ 0.039779500 giây
Kết quả khớp đáp án!
lxnam‣WRESTLING‣test48: 0.06
Thời gian ≈ 0.038093500 giây
Kết quả khớp đáp án!
lxnam‣WRESTLING‣test49: 0.06
Thời gian ≈ 0.035452100 giây
Kết quả khớp đáp án!
lxnam‣WRESTLING‣test50: 0.06
Thời gian ≈ 0.038349800 giây
Kết quả khớp đáp án!
lxnam‣WRESTLING‣test51: 0.06
Thời gian ≈ 0.036201900 giây
Kết quả khớp đáp án!
lxnam‣WRESTLING‣test52: 0.06
Thời gian ≈ 0.037088100 giây
Kết quả khớp đáp án!
lxnam‣WRESTLING‣test53: 0.00
Thời gian ≈ 0.036990300 giây
Kết quả KHÁC đáp án!
lxnam‣WRESTLING‣test54: 0.06
Thời gian ≈ 0.049613400 giây
Kết quả khớp đáp án!
lxnam‣WRESTLING‣test55: 0.06
Thời gian ≈ 0.044935300 giây
Kết quả khớp đáp án!
lxnam‣WRESTLING‣test56: 0.06
Thời gian ≈ 0.042661000 giây
Kết quả khớp đáp án!
lxnam‣WRESTLING‣test57: 0.06
Thời gian ≈ 0.063337700 giây
Kết quả khớp đáp án!
lxnam‣WRESTLING‣test58: 0.06
Thời gian ≈ 0.045697000 giây
Kết quả khớp đáp án!
lxnam‣WRESTLING‣test59: 0.06
Thời gian ≈ 0.056920600 giây
Kết quả khớp đáp án!
lxnam‣WRESTLING‣test60: 0.06
Thời gian ≈ 0.062103400 giây
Kết quả khớp đáp án!
lxnam‣WRESTLING‣test61: 0.00
Thời gian ≈ 0.050491200 giây
Kết quả KHÁC đáp án!
lxnam‣WRESTLING‣test62: 0.00
Thời gian ≈ 0.043641400 giây
Kết quả KHÁC đáp án!
lxnam‣WRESTLING‣test63: 0.00
Thời gian ≈ 0.078115400 giây
Kết quả KHÁC đáp án!
lxnam‣WRESTLING‣test64: 0.00
Thời gian ≈ 0.058682100 giây
Kết quả KHÁC đáp án!
lxnam‣WRESTLING‣test65: 0.06
Thời gian ≈ 0.044332800 giây
Kết quả khớp đáp án!
lxnam‣WRESTLING‣test66: 0.06
Thời gian ≈ 0.038102700 giây
Kết quả khớp đáp án!
lxnam‣WRESTLING‣test67: 0.06
Thời gian ≈ 0.044288300 giây
Kết quả khớp đáp án!
lxnam‣WRESTLING‣test68: 0.00
Thời gian ≈ 0.043212200 giây
Kết quả KHÁC đáp án!
lxnam‣WRESTLING‣test69: 0.06
Thời gian ≈ 0.049242800 giây
Kết quả khớp đáp án!
lxnam‣WRESTLING‣test70: 0.00
Thời gian ≈ 0.074007000 giây
Kết quả KHÁC đáp án!
lxnam‣WRESTLING‣test71: 0.00
Thời gian ≈ 0.076906900 giây
Kết quả KHÁC đáp án!
lxnam‣WRESTLING‣test72: 0.00
Thời gian ≈ 0.069117700 giây
Kết quả KHÁC đáp án!
lxnam‣WRESTLING‣test73: 0.06
Thời gian ≈ 0.065780700 giây
Kết quả khớp đáp án!
lxnam‣WRESTLING‣test74: 0.06
Thời gian ≈ 0.091931400 giây
Kết quả khớp đáp án!
lxnam‣WRESTLING‣test75: 0.06
Thời gian ≈ 0.087309700 giây
Kết quả khớp đáp án!
lxnam‣WRESTLING‣test76: 0.00
Thời gian ≈ 0.116150500 giây
Kết quả KHÁC đáp án!
lxnam‣WRESTLING‣test77: 0.06
Thời gian ≈ 0.115784000 giây
Kết quả khớp đáp án!
lxnam‣WRESTLING‣test78: 0.06
Thời gian ≈ 0.107592500 giây
Kết quả khớp đáp án!
lxnam‣WRESTLING‣test79: 0.06
Thời gian ≈ 0.108481500 giây
Kết quả khớp đáp án!
lxnam‣WRESTLING‣test80: 0.00
Thời gian ≈ 0.107922500 giây
Kết quả KHÁC đáp án!
lxnam‣WRESTLING‣test81: 0.06
Thời gian ≈ 0.197898200 giây
Kết quả khớp đáp án!
lxnam‣WRESTLING‣test82: 0.00
Thời gian ≈ 0.610268100 giây
Kết quả KHÁC đáp án!
lxnam‣WRESTLING‣test83: 0.06
Thời gian ≈ 0.895566800 giây
Kết quả khớp đáp án!
lxnam‣WRESTLING‣test84: 0.00
Chạy quá thời gian
lxnam‣WRESTLING‣test85: 0.00
Chạy quá thời gian
lxnam‣WRESTLING‣test86: 0.00
Chạy quá thời gian
lxnam‣WRESTLING‣test87: 0.00
Chạy quá thời gian
lxnam‣WRESTLING‣test88: 0.00
Chạy quá thời gian
lxnam‣WRESTLING‣test89: 0.00
Chạy quá thời gian
lxnam‣WRESTLING‣test90: 0.00
Chạy quá thời gian
lxnam‣WRESTLING‣test91: 0.00
Chạy quá thời gian
lxnam‣WRESTLING‣test92: 0.00
Chạy quá thời gian
lxnam‣WRESTLING‣test93: 0.00
Chạy quá thời gian
lxnam‣WRESTLING‣test94: 0.00
Chạy quá thời gian
lxnam‣WRESTLING‣test95: 0.00
Chạy quá thời gian
lxnam‣WRESTLING‣test96: 0.00
Chạy quá thời gian
lxnam‣WRESTLING‣test97: 0.00
Chạy quá thời gian
lxnam‣WRESTLING‣test98: 0.00
Chạy quá thời gian
lxnam‣WRESTLING‣test99: 0.00
Chạy quá thời gian
