tdchinh‣watching: 75.00
watching.cpp
"C:\Program Files (x86)\Themis\gcc\bin\g++.exe" -std=c++14 "watching.cpp" -pipe -O2 -s -static -lm -x c++ -o"watching.exe" -Wl,--stack,66060288|@WorkDir=C:\ProgramData\ThemisWorkSpace\WaitRoom40361\
Dịch thành công.

tdchinh‣watching‣Test01: 5.00
Thời gian ≈ 0.096852100 giây
Kết quả khớp đáp án!
tdchinh‣watching‣Test02: 5.00
Thời gian ≈ 0.035750300 giây
Kết quả khớp đáp án!
tdchinh‣watching‣Test03: 5.00
Thời gian ≈ 0.037662200 giây
Kết quả khớp đáp án!
tdchinh‣watching‣Test04: 5.00
Thời gian ≈ 0.037491000 giây
Kết quả khớp đáp án!
tdchinh‣watching‣Test05: 5.00
Thời gian ≈ 0.036440100 giây
Kết quả khớp đáp án!
tdchinh‣watching‣Test06: 5.00
Thời gian ≈ 0.042567000 giây
Kết quả khớp đáp án!
tdchinh‣watching‣Test07: 5.00
Thời gian ≈ 0.037331600 giây
Kết quả khớp đáp án!
tdchinh‣watching‣Test08: 5.00
Thời gian ≈ 0.046779000 giây
Kết quả khớp đáp án!
tdchinh‣watching‣Test09: 5.00
Thời gian ≈ 0.100409200 giây
Kết quả khớp đáp án!
tdchinh‣watching‣Test10: 5.00
Thời gian ≈ 0.101398400 giây
Kết quả khớp đáp án!
tdchinh‣watching‣Test11: 5.00
Thời gian ≈ 0.094138900 giây
Kết quả khớp đáp án!
tdchinh‣watching‣Test12: 0.00
Thời gian ≈ 0.097969000 giây
Kết quả KHÁC đáp án!
tdchinh‣watching‣Test13: 0.00
Thời gian ≈ 0.102067700 giây
Kết quả KHÁC đáp án!
tdchinh‣watching‣Test14: 5.00
Thời gian ≈ 0.129013100 giây
Kết quả khớp đáp án!
tdchinh‣watching‣Test15: 0.00
Thời gian ≈ 0.116836400 giây
Kết quả KHÁC đáp án!
tdchinh‣watching‣Test16: 5.00
Thời gian ≈ 0.170732800 giây
Kết quả khớp đáp án!
tdchinh‣watching‣Test17: 5.00
Thời gian ≈ 0.139194500 giây
Kết quả khớp đáp án!
tdchinh‣watching‣Test18: 0.00
Thời gian ≈ 0.154277500 giây
Kết quả KHÁC đáp án!
tdchinh‣watching‣Test19: 0.00
Thời gian ≈ 0.113661900 giây
Kết quả KHÁC đáp án!
tdchinh‣watching‣Test20: 5.00
Thời gian ≈ 0.129690000 giây
Kết quả khớp đáp án!
