bvquoc‣tonguoc: 2.50
tonguoc.pas
"C:\Program Files\Themis\fpc\bin\i386-win32\fpc.exe" -o"tonguoc.exe" -O2 -XS -Sg -Cs66060288 "tonguoc.pas"|@WorkDir=C:\ProgramData\ThemisWorkSpace\WaitRoom3504\
Free Pascal Compiler version 3.0.4 [2017/10/06] for i386
Copyright (c) 1993-2017 by Florian Klaempfl and others
Target OS: Win32 for i386
Compiling tonguoc.pas
Linking tonguoc.exe
12 lines compiled, 0.1 sec, 28400 bytes code, 1268 bytes data
Dịch thành công.

bvquoc‣tonguoc‣Test01: 0.10
Thời gian ≈ 0.091851600 giây
Kết quả khớp đáp án!
bvquoc‣tonguoc‣Test02: 0.10
Thời gian ≈ 0.095675100 giây
Kết quả khớp đáp án!
bvquoc‣tonguoc‣Test03: 0.10
Thời gian ≈ 0.105703600 giây
Kết quả khớp đáp án!
bvquoc‣tonguoc‣Test04: 0.10
Thời gian ≈ 0.082817900 giây
Kết quả khớp đáp án!
bvquoc‣tonguoc‣Test05: 0.10
Thời gian ≈ 0.108891500 giây
Kết quả khớp đáp án!
bvquoc‣tonguoc‣Test06: 0.10
Thời gian ≈ 0.142173700 giây
Kết quả khớp đáp án!
bvquoc‣tonguoc‣Test07: 0.10
Thời gian ≈ 0.167253300 giây
Kết quả khớp đáp án!
bvquoc‣tonguoc‣Test08: 0.10
Thời gian ≈ 0.118317700 giây
Kết quả khớp đáp án!
bvquoc‣tonguoc‣Test09: 0.10
Thời gian ≈ 0.102485200 giây
Kết quả khớp đáp án!
bvquoc‣tonguoc‣Test10: 0.10
Thời gian ≈ 0.108555400 giây
Kết quả khớp đáp án!
bvquoc‣tonguoc‣Test11: 0.10
Thời gian ≈ 0.115368400 giây
Kết quả khớp đáp án!
bvquoc‣tonguoc‣Test12: 0.10
Thời gian ≈ 0.114383100 giây
Kết quả khớp đáp án!
bvquoc‣tonguoc‣Test13: 0.10
Thời gian ≈ 0.107610600 giây
Kết quả khớp đáp án!
bvquoc‣tonguoc‣Test14: 0.10
Thời gian ≈ 0.133384500 giây
Kết quả khớp đáp án!
bvquoc‣tonguoc‣Test15: 0.10
Thời gian ≈ 0.125926500 giây
Kết quả khớp đáp án!
bvquoc‣tonguoc‣Test16: 0.10
Thời gian ≈ 0.145882000 giây
Kết quả khớp đáp án!
bvquoc‣tonguoc‣Test17: 0.10
Thời gian ≈ 0.108400900 giây
Kết quả khớp đáp án!
bvquoc‣tonguoc‣Test18: 0.10
Thời gian ≈ 0.159079000 giây
Kết quả khớp đáp án!
bvquoc‣tonguoc‣Test19: 0.10
Thời gian ≈ 0.121289300 giây
Kết quả khớp đáp án!
bvquoc‣tonguoc‣Test20: 0.10
Thời gian ≈ 0.084852700 giây
Kết quả khớp đáp án!
bvquoc‣tonguoc‣Test21: 0.10
Thời gian ≈ 0.158803900 giây
Kết quả khớp đáp án!
bvquoc‣tonguoc‣Test22: 0.10
Thời gian ≈ 0.134157300 giây
Kết quả khớp đáp án!
bvquoc‣tonguoc‣Test23: 0.10
Thời gian ≈ 0.103501400 giây
Kết quả khớp đáp án!
bvquoc‣tonguoc‣Test24: 0.10
Thời gian ≈ 0.108174100 giây
Kết quả khớp đáp án!
bvquoc‣tonguoc‣Test25: 0.10
Thời gian ≈ 0.106242500 giây
Kết quả khớp đáp án!
