bvquoc‣ecount: 1.70
ecount.pas
"C:\Program Files\Themis\fpc\bin\i386-win32\fpc.exe" -o"ecount.exe" -O2 -XS -Sg -Cs66060288 "ecount.pas"|@WorkDir=C:\ProgramData\ThemisWorkSpace\WaitRoom39589\
Free Pascal Compiler version 3.0.4 [2017/10/06] for i386
Copyright (c) 1993-2017 by Florian Klaempfl and others
Target OS: Win32 for i386
Compiling ecount.pas
ecount.pas(8,22) Warning: Variable "cnt" does not seem to be initialized
Linking ecount.exe
14 lines compiled, 0.1 sec, 27744 bytes code, 1268 bytes data
1 warning(s) issued
Dịch thành công.

bvquoc‣ecount‣Test01: 0.10
Thời gian ≈ 0.196618100 giây
Kết quả khớp đáp án!
bvquoc‣ecount‣Test02: 0.10
Thời gian ≈ 0.144813600 giây
Kết quả khớp đáp án!
bvquoc‣ecount‣Test03: 0.10
Thời gian ≈ 0.133222600 giây
Kết quả khớp đáp án!
bvquoc‣ecount‣Test04: 0.10
Thời gian ≈ 0.110308900 giây
Kết quả khớp đáp án!
bvquoc‣ecount‣Test05: 0.10
Thời gian ≈ 0.119277100 giây
Kết quả khớp đáp án!
bvquoc‣ecount‣Test06: 0.10
Thời gian ≈ 0.125449600 giây
Kết quả khớp đáp án!
bvquoc‣ecount‣Test07: 0.10
Thời gian ≈ 0.121171700 giây
Kết quả khớp đáp án!
bvquoc‣ecount‣Test08: 0.10
Thời gian ≈ 0.116711800 giây
Kết quả khớp đáp án!
bvquoc‣ecount‣Test09: 0.10
Thời gian ≈ 0.128660400 giây
Kết quả khớp đáp án!
bvquoc‣ecount‣Test10: 0.10
Thời gian ≈ 0.140660800 giây
Kết quả khớp đáp án!
bvquoc‣ecount‣Test11: 0.10
Thời gian ≈ 0.127138900 giây
Kết quả khớp đáp án!
bvquoc‣ecount‣Test12: 0.10
Thời gian ≈ 0.213108400 giây
Kết quả khớp đáp án!
bvquoc‣ecount‣Test13: 0.10
Thời gian ≈ 0.126877100 giây
Kết quả khớp đáp án!
bvquoc‣ecount‣Test14: 0.10
Thời gian ≈ 0.120624900 giây
Kết quả khớp đáp án!
bvquoc‣ecount‣Test15: 0.10
Thời gian ≈ 0.163739800 giây
Kết quả khớp đáp án!
bvquoc‣ecount‣Test16: 0.00
Chạy quá thời gian
bvquoc‣ecount‣Test17: 0.00
Chạy quá thời gian
bvquoc‣ecount‣Test18: 0.10
Thời gian ≈ 0.866519900 giây
Kết quả khớp đáp án!
bvquoc‣ecount‣Test19: 0.00
Chạy quá thời gian
bvquoc‣ecount‣Test20: 0.10
Thời gian ≈ 0.734501800 giây
Kết quả khớp đáp án!
