bvquoc‣sumdigit: 2.50
sumdigit.pas
"C:\Program Files\Themis\fpc\bin\i386-win32\fpc.exe" -o"sumdigit.exe" -O2 -XS -Sg -Cs66060288 "sumdigit.pas"|@WorkDir=C:\ProgramData\ThemisWorkSpace\WaitRoom30608\
Free Pascal Compiler version 3.0.4 [2017/10/06] for i386
Copyright (c) 1993-2017 by Florian Klaempfl and others
Target OS: Win32 for i386
Compiling sumdigit.pas
Linking sumdigit.exe
13 lines compiled, 0.1 sec, 26912 bytes code, 1268 bytes data
Dịch thành công.

bvquoc‣sumdigit‣Test01: 0.10
Thời gian ≈ 0.088406700 giây
Kết quả khớp đáp án!
bvquoc‣sumdigit‣Test02: 0.10
Thời gian ≈ 0.094404500 giây
Kết quả khớp đáp án!
bvquoc‣sumdigit‣Test03: 0.10
Thời gian ≈ 0.116977300 giây
Kết quả khớp đáp án!
bvquoc‣sumdigit‣Test04: 0.10
Thời gian ≈ 0.143147200 giây
Kết quả khớp đáp án!
bvquoc‣sumdigit‣Test05: 0.10
Thời gian ≈ 0.104164100 giây
Kết quả khớp đáp án!
bvquoc‣sumdigit‣Test06: 0.10
Thời gian ≈ 0.087105300 giây
Kết quả khớp đáp án!
bvquoc‣sumdigit‣Test07: 0.10
Thời gian ≈ 0.109951900 giây
Kết quả khớp đáp án!
bvquoc‣sumdigit‣Test08: 0.10
Thời gian ≈ 0.103516900 giây
Kết quả khớp đáp án!
bvquoc‣sumdigit‣Test09: 0.10
Thời gian ≈ 0.098369400 giây
Kết quả khớp đáp án!
bvquoc‣sumdigit‣Test10: 0.10
Thời gian ≈ 0.081955100 giây
Kết quả khớp đáp án!
bvquoc‣sumdigit‣Test11: 0.10
Thời gian ≈ 0.090890800 giây
Kết quả khớp đáp án!
bvquoc‣sumdigit‣Test12: 0.10
Thời gian ≈ 0.112896000 giây
Kết quả khớp đáp án!
bvquoc‣sumdigit‣Test13: 0.10
Thời gian ≈ 0.080312600 giây
Kết quả khớp đáp án!
bvquoc‣sumdigit‣Test14: 0.10
Thời gian ≈ 0.088834700 giây
Kết quả khớp đáp án!
bvquoc‣sumdigit‣Test15: 0.10
Thời gian ≈ 0.080675800 giây
Kết quả khớp đáp án!
bvquoc‣sumdigit‣Test16: 0.10
Thời gian ≈ 0.082286800 giây
Kết quả khớp đáp án!
bvquoc‣sumdigit‣Test17: 0.10
Thời gian ≈ 0.081809300 giây
Kết quả khớp đáp án!
bvquoc‣sumdigit‣Test18: 0.10
Thời gian ≈ 0.083373200 giây
Kết quả khớp đáp án!
bvquoc‣sumdigit‣Test19: 0.10
Thời gian ≈ 0.081001600 giây
Kết quả khớp đáp án!
bvquoc‣sumdigit‣Test20: 0.10
Thời gian ≈ 0.085676500 giây
Kết quả khớp đáp án!
bvquoc‣sumdigit‣Test21: 0.10
Thời gian ≈ 0.104293900 giây
Kết quả khớp đáp án!
bvquoc‣sumdigit‣Test22: 0.10
Thời gian ≈ 0.080568400 giây
Kết quả khớp đáp án!
bvquoc‣sumdigit‣Test23: 0.10
Thời gian ≈ 0.081041000 giây
Kết quả khớp đáp án!
bvquoc‣sumdigit‣Test24: 0.10
Thời gian ≈ 0.089362700 giây
Kết quả khớp đáp án!
bvquoc‣sumdigit‣Test25: 0.10
Thời gian ≈ 0.080453500 giây
Kết quả khớp đáp án!
