ntanh‣sumdigit: 2.00
sumdigit.pas
"C:\Program Files\Themis\fpc\bin\i386-win32\fpc.exe" -o"sumdigit.exe" -O2 -XS -Sg -Cs66060288 "sumdigit.pas"|@WorkDir=C:\ProgramData\ThemisWorkSpace\WaitRoom11439\
Free Pascal Compiler version 3.0.4 [2017/10/06] for i386
Copyright (c) 1993-2017 by Florian Klaempfl and others
Target OS: Win32 for i386
Compiling sumdigit.pas
sumdigit.pas(7,4) Warning: Variable "s" does not seem to be initialized
Linking sumdigit.exe
11 lines compiled, 0.1 sec, 27440 bytes code, 1268 bytes data
1 warning(s) issued
Dịch thành công.

ntanh‣sumdigit‣Test01: 0.10
Thời gian ≈ 0.075977400 giây
Kết quả khớp đáp án!
ntanh‣sumdigit‣Test02: 0.10
Thời gian ≈ 0.074581200 giây
Kết quả khớp đáp án!
ntanh‣sumdigit‣Test03: 0.10
Thời gian ≈ 0.078189700 giây
Kết quả khớp đáp án!
ntanh‣sumdigit‣Test04: 0.10
Thời gian ≈ 0.091933700 giây
Kết quả khớp đáp án!
ntanh‣sumdigit‣Test05: 0.10
Thời gian ≈ 0.074918500 giây
Kết quả khớp đáp án!
ntanh‣sumdigit‣Test06: 0.10
Thời gian ≈ 0.084497600 giây
Kết quả khớp đáp án!
ntanh‣sumdigit‣Test07: 0.10
Thời gian ≈ 0.077706500 giây
Kết quả khớp đáp án!
ntanh‣sumdigit‣Test08: 0.10
Thời gian ≈ 0.087585200 giây
Kết quả khớp đáp án!
ntanh‣sumdigit‣Test09: 0.10
Thời gian ≈ 0.088736200 giây
Kết quả khớp đáp án!
ntanh‣sumdigit‣Test10: 0.10
Thời gian ≈ 0.080282700 giây
Kết quả khớp đáp án!
ntanh‣sumdigit‣Test11: 0.10
Thời gian ≈ 0.094754800 giây
Kết quả khớp đáp án!
ntanh‣sumdigit‣Test12: 0.10
Thời gian ≈ 0.093519400 giây
Kết quả khớp đáp án!
ntanh‣sumdigit‣Test13: 0.10
Thời gian ≈ 0.115358100 giây
Kết quả khớp đáp án!
ntanh‣sumdigit‣Test14: 0.10
Thời gian ≈ 0.100612000 giây
Kết quả khớp đáp án!
ntanh‣sumdigit‣Test15: 0.10
Thời gian ≈ 0.085485000 giây
Kết quả khớp đáp án!
ntanh‣sumdigit‣Test16: 0.10
Thời gian ≈ 0.087104900 giây
Kết quả khớp đáp án!
ntanh‣sumdigit‣Test17: 0.10
Thời gian ≈ 0.085577100 giây
Kết quả khớp đáp án!
ntanh‣sumdigit‣Test18: 0.10
Thời gian ≈ 0.083706100 giây
Kết quả khớp đáp án!
ntanh‣sumdigit‣Test19: 0.10
Thời gian ≈ 0.088515200 giây
Kết quả khớp đáp án!
ntanh‣sumdigit‣Test20: 0.10
Thời gian ≈ 0.084593800 giây
Kết quả khớp đáp án!
ntanh‣sumdigit‣Test21: 0.00
Chạy sinh lỗi
Command: "C:\ProgramData\ThemisWorkSpace\ContestRoom2348\sumdigit.exe" terminated with exit code: 106 (Hexadecimal: 6A)
ntanh‣sumdigit‣Test22: 0.00
Chạy sinh lỗi
Command: "C:\ProgramData\ThemisWorkSpace\ContestRoom41828\sumdigit.exe" terminated with exit code: 106 (Hexadecimal: 6A)
ntanh‣sumdigit‣Test23: 0.00
Chạy sinh lỗi
Command: "C:\ProgramData\ThemisWorkSpace\ContestRoom3297\sumdigit.exe" terminated with exit code: 106 (Hexadecimal: 6A)
ntanh‣sumdigit‣Test24: 0.00
Chạy sinh lỗi
Command: "C:\ProgramData\ThemisWorkSpace\ContestRoom48430\sumdigit.exe" terminated with exit code: 106 (Hexadecimal: 6A)
ntanh‣sumdigit‣Test25: 0.00
Chạy sinh lỗi
Command: "C:\ProgramData\ThemisWorkSpace\ContestRoom22725\sumdigit.exe" terminated with exit code: 106 (Hexadecimal: 6A)
