ntanh‣ecount: 1.50
ecount.pas
"C:\Program Files\Themis\fpc\bin\i386-win32\fpc.exe" -o"ecount.exe" -O2 -XS -Sg -Cs66060288 "ecount.pas"|@WorkDir=C:\ProgramData\ThemisWorkSpace\WaitRoom40301\
Free Pascal Compiler version 3.0.4 [2017/10/06] for i386
Copyright (c) 1993-2017 by Florian Klaempfl and others
Target OS: Win32 for i386
Compiling ecount.pas
ecount.pas(2,5) Note: Local variable "j" not used
ecount.pas(3,1) Note: Local variable "kt" not used
Linking ecount.exe
15 lines compiled, 0.1 sec, 27840 bytes code, 1268 bytes data
2 note(s) issued
Dịch thành công.

ntanh‣ecount‣Test01: 0.10
Thời gian ≈ 0.146463200 giây
Kết quả khớp đáp án!
ntanh‣ecount‣Test02: 0.10
Thời gian ≈ 0.108566600 giây
Kết quả khớp đáp án!
ntanh‣ecount‣Test03: 0.10
Thời gian ≈ 0.108695200 giây
Kết quả khớp đáp án!
ntanh‣ecount‣Test04: 0.10
Thời gian ≈ 0.237528000 giây
Kết quả khớp đáp án!
ntanh‣ecount‣Test05: 0.10
Thời gian ≈ 0.112795300 giây
Kết quả khớp đáp án!
ntanh‣ecount‣Test06: 0.10
Thời gian ≈ 0.167946800 giây
Kết quả khớp đáp án!
ntanh‣ecount‣Test07: 0.10
Thời gian ≈ 0.105280900 giây
Kết quả khớp đáp án!
ntanh‣ecount‣Test08: 0.10
Thời gian ≈ 0.161990500 giây
Kết quả khớp đáp án!
ntanh‣ecount‣Test09: 0.10
Thời gian ≈ 0.134885600 giây
Kết quả khớp đáp án!
ntanh‣ecount‣Test10: 0.10
Thời gian ≈ 0.211054000 giây
Kết quả khớp đáp án!
ntanh‣ecount‣Test11: 0.10
Thời gian ≈ 0.155320800 giây
Kết quả khớp đáp án!
ntanh‣ecount‣Test12: 0.10
Thời gian ≈ 0.152177200 giây
Kết quả khớp đáp án!
ntanh‣ecount‣Test13: 0.10
Thời gian ≈ 0.137649500 giây
Kết quả khớp đáp án!
ntanh‣ecount‣Test14: 0.10
Thời gian ≈ 0.177897900 giây
Kết quả khớp đáp án!
ntanh‣ecount‣Test15: 0.10
Thời gian ≈ 0.173703600 giây
Kết quả khớp đáp án!
ntanh‣ecount‣Test16: 0.00
Chạy quá thời gian
ntanh‣ecount‣Test17: 0.00
Chạy quá thời gian
ntanh‣ecount‣Test18: 0.00
Thời gian ≈ 0.110211300 giây
Kết quả KHÁC đáp án!
ntanh‣ecount‣Test19: 0.00
Thời gian ≈ 0.119481900 giây
Kết quả KHÁC đáp án!
ntanh‣ecount‣Test20: 0.00
Thời gian ≈ 0.132008100 giây
Kết quả KHÁC đáp án!
