ntanh‣sort: 1.50
sort.pas
"C:\Program Files\Themis\fpc\bin\i386-win32\fpc.exe" -o"sort.exe" -O2 -XS -Sg -Cs66060288 "sort.pas"|@WorkDir=C:\ProgramData\ThemisWorkSpace\WaitRoom11039\
Free Pascal Compiler version 3.0.4 [2017/10/06] for i386
Copyright (c) 1993-2017 by Florian Klaempfl and others
Target OS: Win32 for i386
Compiling sort.pas
Linking sort.exe
14 lines compiled, 0.1 sec, 27808 bytes code, 1268 bytes data
Dịch thành công.

ntanh‣sort‣Test01: 0.10
Thời gian ≈ 0.105201500 giây
Kết quả khớp đáp án!
ntanh‣sort‣Test02: 0.10
Thời gian ≈ 0.106300300 giây
Kết quả khớp đáp án!
ntanh‣sort‣Test03: 0.10
Thời gian ≈ 0.108386800 giây
Kết quả khớp đáp án!
ntanh‣sort‣Test04: 0.10
Thời gian ≈ 0.096628000 giây
Kết quả khớp đáp án!
ntanh‣sort‣Test05: 0.10
Thời gian ≈ 0.119757800 giây
Kết quả khớp đáp án!
ntanh‣sort‣Test06: 0.10
Thời gian ≈ 0.207734700 giây
Kết quả khớp đáp án!
ntanh‣sort‣Test07: 0.10
Thời gian ≈ 0.104996900 giây
Kết quả khớp đáp án!
ntanh‣sort‣Test08: 0.10
Thời gian ≈ 0.102768100 giây
Kết quả khớp đáp án!
ntanh‣sort‣Test09: 0.10
Thời gian ≈ 0.115253700 giây
Kết quả khớp đáp án!
ntanh‣sort‣Test10: 0.10
Thời gian ≈ 0.206646400 giây
Kết quả khớp đáp án!
ntanh‣sort‣Test11: 0.10
Thời gian ≈ 0.151247400 giây
Kết quả khớp đáp án!
ntanh‣sort‣Test12: 0.10
Thời gian ≈ 0.150407000 giây
Kết quả khớp đáp án!
ntanh‣sort‣Test13: 0.10
Thời gian ≈ 0.194589000 giây
Kết quả khớp đáp án!
ntanh‣sort‣Test14: 0.10
Thời gian ≈ 0.272335800 giây
Kết quả khớp đáp án!
ntanh‣sort‣Test15: 0.10
Thời gian ≈ 0.108315400 giây
Kết quả khớp đáp án!
ntanh‣sort‣Test16: 0.00
Chạy quá thời gian
ntanh‣sort‣Test17: 0.00
Chạy quá thời gian
ntanh‣sort‣Test18: 0.00
Chạy quá thời gian
ntanh‣sort‣Test19: 0.00
Chạy quá thời gian
ntanh‣sort‣Test20: 0.00
Chạy quá thời gian
