tvhson‣sort: 1.50
sort.pas
"C:\Program Files\Themis\fpc\bin\i386-win32\fpc.exe" -o"sort.exe" -O2 -XS -Sg -Cs66060288 "sort.pas"|@WorkDir=C:\ProgramData\ThemisWorkSpace\WaitRoom19509\
Free Pascal Compiler version 3.0.4 [2017/10/06] for i386
Copyright (c) 1993-2017 by Florian Klaempfl and others
Target OS: Win32 for i386
Compiling sort.pas
Linking sort.exe
11 lines compiled, 0.1 sec, 27872 bytes code, 1268 bytes data
Dịch thành công.

tvhson‣sort‣Test01: 0.10
Thời gian ≈ 0.115297400 giây
Kết quả khớp đáp án!
tvhson‣sort‣Test02: 0.10
Thời gian ≈ 0.094567400 giây
Kết quả khớp đáp án!
tvhson‣sort‣Test03: 0.10
Thời gian ≈ 0.089037700 giây
Kết quả khớp đáp án!
tvhson‣sort‣Test04: 0.10
Thời gian ≈ 0.092406700 giây
Kết quả khớp đáp án!
tvhson‣sort‣Test05: 0.10
Thời gian ≈ 0.112975100 giây
Kết quả khớp đáp án!
tvhson‣sort‣Test06: 0.10
Thời gian ≈ 0.097626500 giây
Kết quả khớp đáp án!
tvhson‣sort‣Test07: 0.10
Thời gian ≈ 0.094723700 giây
Kết quả khớp đáp án!
tvhson‣sort‣Test08: 0.10
Thời gian ≈ 0.111465200 giây
Kết quả khớp đáp án!
tvhson‣sort‣Test09: 0.10
Thời gian ≈ 0.104813600 giây
Kết quả khớp đáp án!
tvhson‣sort‣Test10: 0.10
Thời gian ≈ 0.082959000 giây
Kết quả khớp đáp án!
tvhson‣sort‣Test11: 0.10
Thời gian ≈ 0.094921600 giây
Kết quả khớp đáp án!
tvhson‣sort‣Test12: 0.10
Thời gian ≈ 0.102917800 giây
Kết quả khớp đáp án!
tvhson‣sort‣Test13: 0.10
Thời gian ≈ 0.100509000 giây
Kết quả khớp đáp án!
tvhson‣sort‣Test14: 0.10
Thời gian ≈ 0.131623700 giây
Kết quả khớp đáp án!
tvhson‣sort‣Test15: 0.10
Thời gian ≈ 0.091877000 giây
Kết quả khớp đáp án!
tvhson‣sort‣Test16: 0.00
Chạy quá thời gian
tvhson‣sort‣Test17: 0.00
Chạy quá thời gian
tvhson‣sort‣Test18: 0.00
Chạy quá thời gian
tvhson‣sort‣Test19: 0.00
Chạy quá thời gian
tvhson‣sort‣Test20: 0.00
Chạy quá thời gian
