tvhson‣sumquery: 0.00
sumquery.pas
"C:\Program Files\Themis\fpc\bin\i386-win32\fpc.exe" -o"sumquery.exe" -O2 -XS -Sg -Cs66060288 "sumquery.pas"|@WorkDir=C:\ProgramData\ThemisWorkSpace\WaitRoom64747\
Free Pascal Compiler version 3.0.4 [2017/10/06] for i386
Copyright (c) 1993-2017 by Florian Klaempfl and others
Target OS: Win32 for i386
Compiling sumquery.pas
sumquery.pas(2,9) Note: Local variable "s" not used
sumquery.pas(2,15) Note: Local variable "j" not used
Linking sumquery.exe
19 lines compiled, 0.1 sec, 28960 bytes code, 1268 bytes data
2 note(s) issued
Dịch thành công.

tvhson‣sumquery‣Test01: 0.00
Thời gian ≈ 0.086052600 giây
Kết quả KHÁC đáp án!
tvhson‣sumquery‣Test02: 0.00
Thời gian ≈ 0.095362400 giây
Kết quả KHÁC đáp án!
tvhson‣sumquery‣Test03: 0.00
Thời gian ≈ 0.085805200 giây
Kết quả KHÁC đáp án!
tvhson‣sumquery‣Test04: 0.00
Thời gian ≈ 0.081232800 giây
Kết quả KHÁC đáp án!
tvhson‣sumquery‣Test05: 0.00
Thời gian ≈ 0.082405100 giây
Kết quả KHÁC đáp án!
tvhson‣sumquery‣Test06: 0.00
Thời gian ≈ 0.616723000 giây
Kết quả KHÁC đáp án!
tvhson‣sumquery‣Test07: 0.00
Chạy quá thời gian
tvhson‣sumquery‣Test08: 0.00
Chạy quá thời gian
tvhson‣sumquery‣Test09: 0.00
Thời gian ≈ 0.464521700 giây
Kết quả KHÁC đáp án!
tvhson‣sumquery‣Test10: 0.00
Thời gian ≈ 0.736742000 giây
Kết quả KHÁC đáp án!
