nxbac‣sort: 1.50
sort.pas
"C:\Program Files\Themis\fpc\bin\i386-win32\fpc.exe" -o"sort.exe" -O2 -XS -Sg -Cs66060288 "sort.pas"|@WorkDir=C:\ProgramData\ThemisWorkSpace\WaitRoom51495\
Free Pascal Compiler version 3.0.4 [2017/10/06] for i386
Copyright (c) 1993-2017 by Florian Klaempfl and others
Target OS: Win32 for i386
Compiling sort.pas
Linking sort.exe
11 lines compiled, 0.1 sec, 27872 bytes code, 1268 bytes data
Dịch thành công.

nxbac‣sort‣Test01: 0.10
Thời gian ≈ 0.119426300 giây
Kết quả khớp đáp án!
nxbac‣sort‣Test02: 0.10
Thời gian ≈ 0.090093700 giây
Kết quả khớp đáp án!
nxbac‣sort‣Test03: 0.10
Thời gian ≈ 0.156379700 giây
Kết quả khớp đáp án!
nxbac‣sort‣Test04: 0.10
Thời gian ≈ 0.113948500 giây
Kết quả khớp đáp án!
nxbac‣sort‣Test05: 0.10
Thời gian ≈ 0.100945900 giây
Kết quả khớp đáp án!
nxbac‣sort‣Test06: 0.10
Thời gian ≈ 0.111566900 giây
Kết quả khớp đáp án!
nxbac‣sort‣Test07: 0.10
Thời gian ≈ 0.091084400 giây
Kết quả khớp đáp án!
nxbac‣sort‣Test08: 0.10
Thời gian ≈ 0.104910100 giây
Kết quả khớp đáp án!
nxbac‣sort‣Test09: 0.10
Thời gian ≈ 0.118032800 giây
Kết quả khớp đáp án!
nxbac‣sort‣Test10: 0.10
Thời gian ≈ 0.135385400 giây
Kết quả khớp đáp án!
nxbac‣sort‣Test11: 0.10
Thời gian ≈ 0.121887200 giây
Kết quả khớp đáp án!
nxbac‣sort‣Test12: 0.10
Thời gian ≈ 0.357849100 giây
Kết quả khớp đáp án!
nxbac‣sort‣Test13: 0.10
Thời gian ≈ 0.181283200 giây
Kết quả khớp đáp án!
nxbac‣sort‣Test14: 0.10
Thời gian ≈ 0.175818900 giây
Kết quả khớp đáp án!
nxbac‣sort‣Test15: 0.10
Thời gian ≈ 0.130649900 giây
Kết quả khớp đáp án!
nxbac‣sort‣Test16: 0.00
Chạy quá thời gian
nxbac‣sort‣Test17: 0.00
Chạy quá thời gian
nxbac‣sort‣Test18: 0.00
Chạy quá thời gian
nxbac‣sort‣Test19: 0.00
Chạy quá thời gian
nxbac‣sort‣Test20: 0.00
Chạy quá thời gian
