nxbac‣sumdigit: 2.50
sumdigit.pas
"C:\Program Files\Themis\fpc\bin\i386-win32\fpc.exe" -o"sumdigit.exe" -O2 -XS -Sg -Cs66060288 "sumdigit.pas"|@WorkDir=C:\ProgramData\ThemisWorkSpace\WaitRoom20996\
Free Pascal Compiler version 3.0.4 [2017/10/06] for i386
Copyright (c) 1993-2017 by Florian Klaempfl and others
Target OS: Win32 for i386
Compiling sumdigit.pas
Linking sumdigit.exe
8 lines compiled, 0.1 sec, 26128 bytes code, 1268 bytes data
Dịch thành công.

nxbac‣sumdigit‣Test01: 0.10
Thời gian ≈ 0.081189200 giây
Kết quả khớp đáp án!
nxbac‣sumdigit‣Test02: 0.10
Thời gian ≈ 0.084198200 giây
Kết quả khớp đáp án!
nxbac‣sumdigit‣Test03: 0.10
Thời gian ≈ 0.079142600 giây
Kết quả khớp đáp án!
nxbac‣sumdigit‣Test04: 0.10
Thời gian ≈ 0.082097600 giây
Kết quả khớp đáp án!
nxbac‣sumdigit‣Test05: 0.10
Thời gian ≈ 0.099504400 giây
Kết quả khớp đáp án!
nxbac‣sumdigit‣Test06: 0.10
Thời gian ≈ 0.107923800 giây
Kết quả khớp đáp án!
nxbac‣sumdigit‣Test07: 0.10
Thời gian ≈ 0.098036900 giây
Kết quả khớp đáp án!
nxbac‣sumdigit‣Test08: 0.10
Thời gian ≈ 0.083704300 giây
Kết quả khớp đáp án!
nxbac‣sumdigit‣Test09: 0.10
Thời gian ≈ 0.079223400 giây
Kết quả khớp đáp án!
nxbac‣sumdigit‣Test10: 0.10
Thời gian ≈ 0.078092400 giây
Kết quả khớp đáp án!
nxbac‣sumdigit‣Test11: 0.10
Thời gian ≈ 0.074914500 giây
Kết quả khớp đáp án!
nxbac‣sumdigit‣Test12: 0.10
Thời gian ≈ 0.078095200 giây
Kết quả khớp đáp án!
nxbac‣sumdigit‣Test13: 0.10
Thời gian ≈ 0.083796200 giây
Kết quả khớp đáp án!
nxbac‣sumdigit‣Test14: 0.10
Thời gian ≈ 0.094771600 giây
Kết quả khớp đáp án!
nxbac‣sumdigit‣Test15: 0.10
Thời gian ≈ 0.081635500 giây
Kết quả khớp đáp án!
nxbac‣sumdigit‣Test16: 0.10
Thời gian ≈ 0.084709300 giây
Kết quả khớp đáp án!
nxbac‣sumdigit‣Test17: 0.10
Thời gian ≈ 0.085534800 giây
Kết quả khớp đáp án!
nxbac‣sumdigit‣Test18: 0.10
Thời gian ≈ 0.078206600 giây
Kết quả khớp đáp án!
nxbac‣sumdigit‣Test19: 0.10
Thời gian ≈ 0.092388600 giây
Kết quả khớp đáp án!
nxbac‣sumdigit‣Test20: 0.10
Thời gian ≈ 0.084051900 giây
Kết quả khớp đáp án!
nxbac‣sumdigit‣Test21: 0.10
Thời gian ≈ 0.078745400 giây
Kết quả khớp đáp án!
nxbac‣sumdigit‣Test22: 0.10
Thời gian ≈ 0.078405900 giây
Kết quả khớp đáp án!
nxbac‣sumdigit‣Test23: 0.10
Thời gian ≈ 0.077404600 giây
Kết quả khớp đáp án!
nxbac‣sumdigit‣Test24: 0.10
Thời gian ≈ 0.076131300 giây
Kết quả khớp đáp án!
nxbac‣sumdigit‣Test25: 0.10
Thời gian ≈ 0.075527700 giây
Kết quả khớp đáp án!
