tvhson‣vuive9: 24.50
vuive9.cpp
"C:\Program Files (x86)\Themis\gcc\bin\g++.exe" -std=c++14 "vuive9.cpp" -pipe -O2 -s -static -lm -x c++ -o"vuive9.exe" -Wl,--stack,66060288|@WorkDir=C:\ProgramData\ThemisWorkSpace\WaitRoom19243\
Dịch thành công.

tvhson‣vuive9‣test001: 0.50
Thời gian ≈ 0.036448400 giây
Kết quả khớp đáp án!
tvhson‣vuive9‣test002: 0.50
Thời gian ≈ 0.035250800 giây
Kết quả khớp đáp án!
tvhson‣vuive9‣test003: 0.50
Thời gian ≈ 0.035357600 giây
Kết quả khớp đáp án!
tvhson‣vuive9‣test004: 0.50
Thời gian ≈ 0.036208800 giây
Kết quả khớp đáp án!
tvhson‣vuive9‣test005: 0.50
Thời gian ≈ 0.035376600 giây
Kết quả khớp đáp án!
tvhson‣vuive9‣test006: 0.50
Thời gian ≈ 0.036249800 giây
Kết quả khớp đáp án!
tvhson‣vuive9‣test007: 0.50
Thời gian ≈ 0.035531100 giây
Kết quả khớp đáp án!
tvhson‣vuive9‣test008: 0.50
Thời gian ≈ 0.035864400 giây
Kết quả khớp đáp án!
tvhson‣vuive9‣test009: 0.50
Thời gian ≈ 0.036928200 giây
Kết quả khớp đáp án!
tvhson‣vuive9‣test010: 0.50
Thời gian ≈ 0.036212900 giây
Kết quả khớp đáp án!
tvhson‣vuive9‣test011: 0.50
Thời gian ≈ 0.035789300 giây
Kết quả khớp đáp án!
tvhson‣vuive9‣test012: 0.50
Thời gian ≈ 0.036171500 giây
Kết quả khớp đáp án!
tvhson‣vuive9‣test013: 0.50
Thời gian ≈ 0.036545600 giây
Kết quả khớp đáp án!
tvhson‣vuive9‣test014: 0.50
Thời gian ≈ 0.036123700 giây
Kết quả khớp đáp án!
tvhson‣vuive9‣test015: 0.50
Thời gian ≈ 0.036129700 giây
Kết quả khớp đáp án!
tvhson‣vuive9‣test016: 0.50
Thời gian ≈ 0.035119900 giây
Kết quả khớp đáp án!
tvhson‣vuive9‣test017: 0.50
Thời gian ≈ 0.034990800 giây
Kết quả khớp đáp án!
tvhson‣vuive9‣test018: 0.50
Thời gian ≈ 0.035244700 giây
Kết quả khớp đáp án!
tvhson‣vuive9‣test019: 0.50
Thời gian ≈ 0.038804800 giây
Kết quả khớp đáp án!
tvhson‣vuive9‣test020: 0.50
Thời gian ≈ 0.040352100 giây
Kết quả khớp đáp án!
tvhson‣vuive9‣test021: 0.50
Thời gian ≈ 0.036090400 giây
Kết quả khớp đáp án!
tvhson‣vuive9‣test022: 0.50
Thời gian ≈ 0.036632000 giây
Kết quả khớp đáp án!
tvhson‣vuive9‣test023: 0.50
Thời gian ≈ 0.038444200 giây
Kết quả khớp đáp án!
tvhson‣vuive9‣test024: 0.50
Thời gian ≈ 0.039990200 giây
Kết quả khớp đáp án!
tvhson‣vuive9‣test025: 0.50
Thời gian ≈ 0.036814900 giây
Kết quả khớp đáp án!
tvhson‣vuive9‣test026: 0.50
Thời gian ≈ 0.035719700 giây
Kết quả khớp đáp án!
tvhson‣vuive9‣test027: 0.50
Thời gian ≈ 0.034940900 giây
Kết quả khớp đáp án!
tvhson‣vuive9‣test028: 0.50
Thời gian ≈ 0.035943800 giây
Kết quả khớp đáp án!
tvhson‣vuive9‣test029: 0.50
Thời gian ≈ 0.036996700 giây
Kết quả khớp đáp án!
tvhson‣vuive9‣test030: 0.50
Thời gian ≈ 0.047608300 giây
Kết quả khớp đáp án!
tvhson‣vuive9‣test031: 0.50
Thời gian ≈ 0.051044900 giây
Kết quả khớp đáp án!
tvhson‣vuive9‣test032: 0.50
Thời gian ≈ 0.043591200 giây
Kết quả khớp đáp án!
tvhson‣vuive9‣test033: 0.50
Thời gian ≈ 0.040941300 giây
Kết quả khớp đáp án!
tvhson‣vuive9‣test034: 0.50
Thời gian ≈ 0.043828700 giây
Kết quả khớp đáp án!
tvhson‣vuive9‣test035: 0.50
Thời gian ≈ 0.036202100 giây
Kết quả khớp đáp án!
tvhson‣vuive9‣test036: 0.50
Thời gian ≈ 0.073105000 giây
Kết quả khớp đáp án!
tvhson‣vuive9‣test037: 0.50
Thời gian ≈ 0.230005800 giây
Kết quả khớp đáp án!
tvhson‣vuive9‣test038: 0.50
Thời gian ≈ 0.057046800 giây
Kết quả khớp đáp án!
tvhson‣vuive9‣test039: 0.50
Thời gian ≈ 0.039180600 giây
Kết quả khớp đáp án!
tvhson‣vuive9‣test040: 0.50
Thời gian ≈ 0.339875000 giây
Kết quả khớp đáp án!
tvhson‣vuive9‣test041: 0.50
Thời gian ≈ 0.055645800 giây
Kết quả khớp đáp án!
tvhson‣vuive9‣test042: 0.50
Thời gian ≈ 0.214073800 giây
Kết quả khớp đáp án!
tvhson‣vuive9‣test043: 0.50
Thời gian ≈ 0.180636700 giây
Kết quả khớp đáp án!
tvhson‣vuive9‣test044: 0.50
Thời gian ≈ 0.044142200 giây
Kết quả khớp đáp án!
tvhson‣vuive9‣test045: 0.50
Thời gian ≈ 0.120248400 giây
Kết quả khớp đáp án!
tvhson‣vuive9‣test046: 0.50
Thời gian ≈ 0.139936700 giây
Kết quả khớp đáp án!
tvhson‣vuive9‣test047: 0.50
Thời gian ≈ 0.268075900 giây
Kết quả khớp đáp án!
tvhson‣vuive9‣test048: 0.50
Thời gian ≈ 0.250831800 giây
Kết quả khớp đáp án!
tvhson‣vuive9‣test049: 0.00
Chạy quá thời gian
tvhson‣vuive9‣test050: 0.50
Thời gian ≈ 0.057029500 giây
Kết quả khớp đáp án!
tvhson‣vuive9‣test051: 0.00
Chạy quá thời gian
tvhson‣vuive9‣test052: 0.00
Chạy quá thời gian
tvhson‣vuive9‣test053: 0.00
Chạy quá thời gian
tvhson‣vuive9‣test054: 0.00
Chạy quá thời gian
tvhson‣vuive9‣test055: 0.00
Chạy quá thời gian
tvhson‣vuive9‣test056: 0.00
Chạy quá thời gian
tvhson‣vuive9‣test057: 0.00
Chạy quá thời gian
tvhson‣vuive9‣test058: 0.00
Chạy quá thời gian
tvhson‣vuive9‣test059: 0.00
Chạy quá thời gian
tvhson‣vuive9‣test060: 0.00
Chạy quá thời gian
tvhson‣vuive9‣test061: 0.00
Chạy quá thời gian
tvhson‣vuive9‣test062: 0.00
Chạy quá thời gian
tvhson‣vuive9‣test063: 0.00
Chạy quá thời gian
tvhson‣vuive9‣test064: 0.00
Chạy quá thời gian
tvhson‣vuive9‣test065: 0.00
Chạy quá thời gian
tvhson‣vuive9‣test066: 0.00
Chạy quá thời gian
tvhson‣vuive9‣test067: 0.00
Chạy quá thời gian
tvhson‣vuive9‣test068: 0.00
Chạy quá thời gian
tvhson‣vuive9‣test069: 0.00
Chạy quá thời gian
tvhson‣vuive9‣test070: 0.00
Chạy quá thời gian
tvhson‣vuive9‣test071: 0.00
Chạy quá thời gian
tvhson‣vuive9‣test072: 0.00
Chạy quá thời gian
tvhson‣vuive9‣test073: 0.00
Chạy quá thời gian
tvhson‣vuive9‣test074: 0.00
Chạy quá thời gian
tvhson‣vuive9‣test075: 0.00
Chạy quá thời gian
tvhson‣vuive9‣test076: 0.00
Chạy quá thời gian
tvhson‣vuive9‣test077: 0.00
Chạy quá thời gian
tvhson‣vuive9‣test078: 0.00
Chạy quá thời gian
tvhson‣vuive9‣test079: 0.00
Chạy quá thời gian
tvhson‣vuive9‣test080: 0.00
Chạy quá thời gian
tvhson‣vuive9‣test081: 0.00
Chạy quá thời gian
tvhson‣vuive9‣test082: 0.00
Chạy quá thời gian
tvhson‣vuive9‣test083: 0.00
Chạy quá thời gian
tvhson‣vuive9‣test084: 0.00
Chạy quá thời gian
tvhson‣vuive9‣test085: 0.00
Chạy quá thời gian
tvhson‣vuive9‣test086: 0.00
Chạy quá thời gian
tvhson‣vuive9‣test087: 0.00
Chạy quá thời gian
tvhson‣vuive9‣test088: 0.00
Chạy quá thời gian
tvhson‣vuive9‣test089: 0.00
Chạy quá thời gian
tvhson‣vuive9‣test090: 0.00
Chạy quá thời gian
tvhson‣vuive9‣test091: 0.00
Chạy quá thời gian
tvhson‣vuive9‣test092: 0.00
Chạy quá thời gian
tvhson‣vuive9‣test093: 0.00
Chạy quá thời gian
tvhson‣vuive9‣test094: 0.00
Chạy quá thời gian
tvhson‣vuive9‣test095: 0.00
Chạy quá thời gian
tvhson‣vuive9‣test096: 0.00
Chạy quá thời gian
tvhson‣vuive9‣test097: 0.00
Chạy quá thời gian
tvhson‣vuive9‣test098: 0.00
Chạy quá thời gian
tvhson‣vuive9‣test099: 0.00
Chạy quá thời gian
tvhson‣vuive9‣test100: 0.00
Chạy quá thời gian
tvhson‣vuive9‣test101: 0.00
Chạy quá thời gian
tvhson‣vuive9‣test102: 0.00
Chạy quá thời gian
tvhson‣vuive9‣test103: 0.00
Chạy quá thời gian
tvhson‣vuive9‣test104: 0.00
Chạy quá thời gian
tvhson‣vuive9‣test105: 0.00
Chạy quá thời gian
tvhson‣vuive9‣test106: 0.00
Chạy quá thời gian
tvhson‣vuive9‣test107: 0.00
Chạy quá thời gian
tvhson‣vuive9‣test108: 0.00
Chạy quá thời gian
tvhson‣vuive9‣test109: 0.00
Chạy quá thời gian
tvhson‣vuive9‣test110: 0.00
Chạy quá thời gian
tvhson‣vuive9‣test111: 0.00
Chạy quá thời gian
tvhson‣vuive9‣test112: 0.00
Chạy quá thời gian
tvhson‣vuive9‣test113: 0.00
Chạy quá thời gian
tvhson‣vuive9‣test114: 0.00
Chạy quá thời gian
tvhson‣vuive9‣test115: 0.00
Chạy quá thời gian
tvhson‣vuive9‣test116: 0.00
Chạy quá thời gian
tvhson‣vuive9‣test117: 0.00
Chạy quá thời gian
tvhson‣vuive9‣test118: 0.00
Chạy quá thời gian
tvhson‣vuive9‣test119: 0.00
Chạy quá thời gian
tvhson‣vuive9‣test120: 0.00
Chạy quá thời gian
tvhson‣vuive9‣test121: 0.00
Chạy quá thời gian
tvhson‣vuive9‣test122: 0.00
Chạy quá thời gian
tvhson‣vuive9‣test123: 0.00
Chạy quá thời gian
tvhson‣vuive9‣test124: 0.00
Chạy quá thời gian
tvhson‣vuive9‣test125: 0.00
Chạy quá thời gian
tvhson‣vuive9‣test126: 0.00
Chạy quá thời gian
tvhson‣vuive9‣test127: 0.00
Chạy quá thời gian
tvhson‣vuive9‣test128: 0.00
Chạy quá thời gian
tvhson‣vuive9‣test129: 0.00
Chạy quá thời gian
tvhson‣vuive9‣test130: 0.00
Chạy quá thời gian
tvhson‣vuive9‣test131: 0.00
Chạy quá thời gian
tvhson‣vuive9‣test132: 0.00
Chạy quá thời gian
tvhson‣vuive9‣test133: 0.00
Chạy quá thời gian
tvhson‣vuive9‣test134: 0.00
Chạy quá thời gian
tvhson‣vuive9‣test135: 0.00
Chạy quá thời gian
tvhson‣vuive9‣test136: 0.00
Chạy quá thời gian
tvhson‣vuive9‣test137: 0.00
Chạy quá thời gian
tvhson‣vuive9‣test138: 0.00
Chạy quá thời gian
tvhson‣vuive9‣test139: 0.00
Chạy quá thời gian
tvhson‣vuive9‣test140: 0.00
Chạy quá thời gian
tvhson‣vuive9‣test141: 0.00
Chạy quá thời gian
tvhson‣vuive9‣test142: 0.00
Chạy quá thời gian
tvhson‣vuive9‣test143: 0.00
Chạy quá thời gian
tvhson‣vuive9‣test144: 0.00
Chạy quá thời gian
tvhson‣vuive9‣test145: 0.00
Chạy quá thời gian
tvhson‣vuive9‣test146: 0.00
Chạy quá thời gian
tvhson‣vuive9‣test147: 0.00
Chạy quá thời gian
tvhson‣vuive9‣test148: 0.00
Chạy quá thời gian
tvhson‣vuive9‣test149: 0.00
Chạy quá thời gian
tvhson‣vuive9‣test150: 0.00
Chạy quá thời gian
tvhson‣vuive9‣test151: 0.00
Chạy quá thời gian
tvhson‣vuive9‣test152: 0.00
Chạy quá thời gian
tvhson‣vuive9‣test153: 0.00
Chạy quá thời gian
tvhson‣vuive9‣test154: 0.00
Chạy quá thời gian
tvhson‣vuive9‣test155: 0.00
Chạy quá thời gian
tvhson‣vuive9‣test156: 0.00
Chạy quá thời gian
tvhson‣vuive9‣test157: 0.00
Chạy quá thời gian
tvhson‣vuive9‣test158: 0.00
Chạy quá thời gian
tvhson‣vuive9‣test159: 0.00
Chạy quá thời gian
tvhson‣vuive9‣test160: 0.00
Chạy quá thời gian
tvhson‣vuive9‣test161: 0.00
Chạy quá thời gian
tvhson‣vuive9‣test162: 0.00
Chạy quá thời gian
tvhson‣vuive9‣test163: 0.00
Chạy quá thời gian
tvhson‣vuive9‣test164: 0.00
Chạy quá thời gian
tvhson‣vuive9‣test165: 0.00
Chạy quá thời gian
tvhson‣vuive9‣test166: 0.00
Chạy quá thời gian
tvhson‣vuive9‣test167: 0.00
Chạy quá thời gian
tvhson‣vuive9‣test168: 0.00
Chạy quá thời gian
tvhson‣vuive9‣test169: 0.00
Chạy quá thời gian
tvhson‣vuive9‣test170: 0.00
Chạy quá thời gian
tvhson‣vuive9‣test171: 0.00
Chạy quá thời gian
tvhson‣vuive9‣test172: 0.00
Chạy quá thời gian
tvhson‣vuive9‣test173: 0.00
Chạy quá thời gian
tvhson‣vuive9‣test174: 0.00
Chạy quá thời gian
tvhson‣vuive9‣test175: 0.00
Chạy quá thời gian
tvhson‣vuive9‣test176: 0.00
Chạy quá thời gian
tvhson‣vuive9‣test177: 0.00
Chạy quá thời gian
tvhson‣vuive9‣test178: 0.00
Chạy quá thời gian
tvhson‣vuive9‣test179: 0.00
Chạy quá thời gian
tvhson‣vuive9‣test180: 0.00
Chạy quá thời gian
tvhson‣vuive9‣test181: 0.00
Chạy quá thời gian
tvhson‣vuive9‣test182: 0.00
Chạy quá thời gian
tvhson‣vuive9‣test183: 0.00
Chạy quá thời gian
tvhson‣vuive9‣test184: 0.00
Chạy quá thời gian
tvhson‣vuive9‣test185: 0.00
Chạy quá thời gian
tvhson‣vuive9‣test186: 0.00
Chạy quá thời gian
tvhson‣vuive9‣test187: 0.00
Chạy quá thời gian
tvhson‣vuive9‣test188: 0.00
Chạy quá thời gian
tvhson‣vuive9‣test189: 0.00
Chạy quá thời gian
tvhson‣vuive9‣test190: 0.00
Chạy quá thời gian
tvhson‣vuive9‣test191: 0.00
Chạy quá thời gian
tvhson‣vuive9‣test192: 0.00
Chạy quá thời gian
tvhson‣vuive9‣test193: 0.00
Chạy quá thời gian
tvhson‣vuive9‣test194: 0.00
Chạy quá thời gian
tvhson‣vuive9‣test195: 0.00
Chạy quá thời gian
tvhson‣vuive9‣test196: 0.00
Chạy quá thời gian
tvhson‣vuive9‣test197: 0.00
Chạy quá thời gian
tvhson‣vuive9‣test198: 0.00
Chạy quá thời gian
tvhson‣vuive9‣test199: 0.00
Chạy quá thời gian
tvhson‣vuive9‣test200: 0.00
Chạy quá thời gian
