lxnam‣GAMESHOW: 20.00
GAMESHOW.cpp
"C:\Program Files (x86)\Themis\gcc\bin\g++.exe" -std=c++14 "GAMESHOW.cpp" -pipe -O2 -s -static -lm -x c++ -o"GAMESHOW.exe" -Wl,--stack,66060288|@WorkDir=C:\ProgramData\ThemisWorkSpace\WaitRoom34320\
Dịch thành công.

lxnam‣GAMESHOW‣test001: 10.00
Thời gian ≈ 0.047740900 giây
Kết quả khớp đáp án!
lxnam‣GAMESHOW‣test002: 0.00
Thời gian ≈ 0.035306100 giây
Kết quả KHÁC đáp án!
lxnam‣GAMESHOW‣test003: 10.00
Thời gian ≈ 0.035235900 giây
Kết quả khớp đáp án!
lxnam‣GAMESHOW‣test004: 0.00
Thời gian ≈ 0.035566400 giây
Kết quả KHÁC đáp án!
lxnam‣GAMESHOW‣test005: 0.00
Thời gian ≈ 0.046083900 giây
Kết quả KHÁC đáp án!
lxnam‣GAMESHOW‣test006: 0.00
Thời gian ≈ 0.036352100 giây
Kết quả KHÁC đáp án!
lxnam‣GAMESHOW‣test007: 0.00
Thời gian ≈ 0.041634300 giây
Kết quả KHÁC đáp án!
lxnam‣GAMESHOW‣test008: 0.00
Chạy sinh lỗi
Command: "C:\ProgramData\ThemisWorkSpace\ContestRoom18783\GAMESHOW.exe" terminated with exit code: 3221225477 (Hexadecimal: C0000005)
lxnam‣GAMESHOW‣test009: 0.00
Thời gian ≈ 0.065140700 giây
Kết quả KHÁC đáp án!
lxnam‣GAMESHOW‣test010: 0.00
Chạy sinh lỗi
Command: "C:\ProgramData\ThemisWorkSpace\ContestRoom986\GAMESHOW.exe" terminated with exit code: 3221225477 (Hexadecimal: C0000005)
