2020-08-24 20:28:20 5132 [Note] Plugin 'FEDERATED' is disabled.
2020-08-24 20:28:20 5132 [Note] InnoDB: Using atomics to ref count buffer pool pages
2020-08-24 20:28:20 5132 [Note] InnoDB: The InnoDB memory heap is disabled
2020-08-24 20:28:20 5132 [Note] InnoDB: Mutexes and rw_locks use Windows interlocked functions
2020-08-24 20:28:20 5132 [Note] InnoDB: Memory barrier is not used
2020-08-24 20:28:20 5132 [Note] InnoDB: Compressed tables use zlib 1.2.3
2020-08-24 20:28:20 5132 [Note] InnoDB: Not using CPU crc32 instructions
2020-08-24 20:28:20 5132 [Note] InnoDB: Initializing buffer pool, size = 32.0M
2020-08-24 20:28:20 5132 [Note] InnoDB: Completed initialization of buffer pool
2020-08-24 20:28:20 5132 [Note] InnoDB: Highest supported file format is Barracuda.
2020-08-24 20:28:21 5132 [Note] InnoDB: 128 rollback segment(s) are active.
2020-08-24 20:28:21 5132 [Note] InnoDB: Waiting for purge to start
2020-08-24 20:28:21 5132 [Note] InnoDB: 5.6.35 started; log sequence number 1771182
2020-08-24 20:28:21 5132 [Warning] No existing UUID has been found, so we assume that this is the first time that this server has been started. Generating a new UUID: ade790e2-e60d-11ea-8455-34e6d728da6d.
2020-08-24 20:28:21 5132 [Note] Server hostname (bind-address): '127.0.0.1'; port: 3306
2020-08-24 20:28:21 5132 [Note]   - '127.0.0.1' resolves to '127.0.0.1';
2020-08-24 20:28:21 5132 [Note] Server socket created on IP: '127.0.0.1'.
2020-08-24 20:28:22 5132 [Note] Event Scheduler: Loaded 0 events
2020-08-24 20:28:22 5132 [Note] C:\Users\NCT-ZW\Desktop\JUDGER\core\mysql\bin\mysqld_z.exe: ready for connections.
Version: '5.6.35'  socket: ''  port: 3306  MySQL Community Server (GPL)
2020-08-24 21:06:29 3500 [Note] Plugin 'FEDERATED' is disabled.
2020-08-24 21:06:29 3500 [Note] InnoDB: Using atomics to ref count buffer pool pages
2020-08-24 21:06:29 3500 [Note] InnoDB: The InnoDB memory heap is disabled
2020-08-24 21:06:29 3500 [Note] InnoDB: Mutexes and rw_locks use Windows interlocked functions
2020-08-24 21:06:29 3500 [Note] InnoDB: Memory barrier is not used
2020-08-24 21:06:29 3500 [Note] InnoDB: Compressed tables use zlib 1.2.3
2020-08-24 21:06:29 3500 [Note] InnoDB: Not using CPU crc32 instructions
2020-08-24 21:06:29 3500 [Note] InnoDB: Initializing buffer pool, size = 32.0M
2020-08-24 21:06:29 3500 [Note] InnoDB: Completed initialization of buffer pool
2020-08-24 21:06:31 3500 [Note] InnoDB: Highest supported file format is Barracuda.
2020-08-24 21:06:31 3500 [Note] InnoDB: The log sequence numbers 1771182 and 1771182 in ibdata files do not match the log sequence number 1771192 in the ib_logfiles!
2020-08-24 21:06:31 3500 [Note] InnoDB: Database was not shutdown normally!
2020-08-24 21:06:31 3500 [Note] InnoDB: Starting crash recovery.
2020-08-24 21:06:31 3500 [Note] InnoDB: Reading tablespace information from the .ibd files...
2020-08-24 21:06:32 3500 [Note] InnoDB: Restoring possible half-written data pages 
2020-08-24 21:06:32 3500 [Note] InnoDB: from the doublewrite buffer...
2020-08-24 21:06:34 3500 [Note] InnoDB: 128 rollback segment(s) are active.
2020-08-24 21:06:34 3500 [Note] InnoDB: Waiting for purge to start
2020-08-24 21:06:34 3500 [Note] InnoDB: 5.6.35 started; log sequence number 1771192
2020-08-24 21:06:34 3500 [Note] Server hostname (bind-address): '127.0.0.1'; port: 3306
2020-08-24 21:06:34 3500 [Note]   - '127.0.0.1' resolves to '127.0.0.1';
2020-08-24 21:06:34 3500 [Note] Server socket created on IP: '127.0.0.1'.
2020-08-24 21:06:35 3500 [Note] Event Scheduler: Loaded 0 events
2020-08-24 21:06:35 3500 [Note] C:\Users\NCT-ZW\Desktop\JUDGER\core\mysql\bin\mysqld_z.exe: ready for connections.
Version: '5.6.35'  socket: ''  port: 3306  MySQL Community Server (GPL)
2020-08-24 21:32:32 3500 [Note] C:\Users\NCT-ZW\Desktop\JUDGER\core\mysql\bin\mysqld_z.exe: Normal shutdown

2020-08-24 21:32:32 3500 [Note] Giving 0 client threads a chance to die gracefully
2020-08-24 21:32:32 3500 [Note] Event Scheduler: Purging the queue. 0 events
2020-08-24 21:32:32 3500 [Note] Shutting down slave threads
2020-08-24 21:32:32 3500 [Note] Forcefully disconnecting 0 remaining clients
2020-08-24 21:32:32 3500 [Note] Binlog end
2020-08-24 21:32:32 3500 [Note] Shutting down plugin 'partition'
2020-08-24 21:32:32 3500 [Note] Shutting down plugin 'PERFORMANCE_SCHEMA'
2020-08-24 21:32:32 3500 [Note] Shutting down plugin 'INNODB_SYS_DATAFILES'
2020-08-24 21:32:32 3500 [Note] Shutting down plugin 'INNODB_SYS_TABLESPACES'
2020-08-24 21:32:32 3500 [Note] Shutting down plugin 'INNODB_SYS_FOREIGN_COLS'
2020-08-24 21:32:32 3500 [Note] Shutting down plugin 'INNODB_SYS_FOREIGN'
2020-08-24 21:32:32 3500 [Note] Shutting down plugin 'INNODB_SYS_FIELDS'
2020-08-24 21:32:32 3500 [Note] Shutting down plugin 'INNODB_SYS_COLUMNS'
2020-08-24 21:32:32 3500 [Note] Shutting down plugin 'INNODB_SYS_INDEXES'
2020-08-24 21:32:32 3500 [Note] Shutting down plugin 'INNODB_SYS_TABLESTATS'
2020-08-24 21:32:32 3500 [Note] Shutting down plugin 'INNODB_SYS_TABLES'
2020-08-24 21:32:32 3500 [Note] Shutting down plugin 'INNODB_FT_INDEX_TABLE'
2020-08-24 21:32:32 3500 [Note] Shutting down plugin 'INNODB_FT_INDEX_CACHE'
2020-08-24 21:32:32 3500 [Note] Shutting down plugin 'INNODB_FT_CONFIG'
2020-08-24 21:32:32 3500 [Note] Shutting down plugin 'INNODB_FT_BEING_DELETED'
2020-08-24 21:32:32 3500 [Note] Shutting down plugin 'INNODB_FT_DELETED'
2020-08-24 21:32:32 3500 [Note] Shutting down plugin 'INNODB_FT_DEFAULT_STOPWORD'
2020-08-24 21:32:32 3500 [Note] Shutting down plugin 'INNODB_METRICS'
2020-08-24 21:32:32 3500 [Note] Shutting down plugin 'INNODB_BUFFER_POOL_STATS'
2020-08-24 21:32:32 3500 [Note] Shutting down plugin 'INNODB_BUFFER_PAGE_LRU'
2020-08-24 21:32:32 3500 [Note] Shutting down plugin 'INNODB_BUFFER_PAGE'
2020-08-24 21:32:32 3500 [Note] Shutting down plugin 'INNODB_CMP_PER_INDEX_RESET'
2020-08-24 21:32:32 3500 [Note] Shutting down plugin 'INNODB_CMP_PER_INDEX'
2020-08-24 21:32:32 3500 [Note] Shutting down plugin 'INNODB_CMPMEM_RESET'
2020-08-24 21:32:32 3500 [Note] Shutting down plugin 'INNODB_CMPMEM'
2020-08-24 21:32:32 3500 [Note] Shutting down plugin 'INNODB_CMP_RESET'
2020-08-24 21:32:32 3500 [Note] Shutting down plugin 'INNODB_CMP'
2020-08-24 21:32:32 3500 [Note] Shutting down plugin 'INNODB_LOCK_WAITS'
2020-08-24 21:32:32 3500 [Note] Shutting down plugin 'INNODB_LOCKS'
2020-08-24 21:32:32 3500 [Note] Shutting down plugin 'INNODB_TRX'
2020-08-24 21:32:32 3500 [Note] Shutting down plugin 'InnoDB'
2020-08-24 21:32:32 3500 [Note] InnoDB: FTS optimize thread exiting.
2020-08-24 21:32:32 3500 [Note] InnoDB: Starting shutdown...
2020-08-24 21:32:33 3500 [Note] InnoDB: Shutdown completed; log sequence number 1771202
2020-08-24 21:32:33 3500 [Note] Shutting down plugin 'BLACKHOLE'
2020-08-24 21:32:33 3500 [Note] Shutting down plugin 'ARCHIVE'
2020-08-24 21:32:33 3500 [Note] Shutting down plugin 'MRG_MYISAM'
2020-08-24 21:32:33 3500 [Note] Shutting down plugin 'MyISAM'
2020-08-24 21:32:33 3500 [Note] Shutting down plugin 'MEMORY'
2020-08-24 21:32:33 3500 [Note] Shutting down plugin 'CSV'
2020-08-24 21:32:33 3500 [Note] Shutting down plugin 'sha256_password'
2020-08-24 21:32:33 3500 [Note] Shutting down plugin 'mysql_old_password'
2020-08-24 21:32:33 3500 [Note] Shutting down plugin 'mysql_native_password'
2020-08-24 21:32:33 3500 [Note] Shutting down plugin 'binlog'
2020-08-24 21:32:33 3500 [Note] C:\Users\NCT-ZW\Desktop\JUDGER\core\mysql\bin\mysqld_z.exe: Shutdown complete

2020-08-24 21:32:34 8028 [Note] Plugin 'FEDERATED' is disabled.
2020-08-24 21:32:34 8028 [Note] InnoDB: Using atomics to ref count buffer pool pages
2020-08-24 21:32:34 8028 [Note] InnoDB: The InnoDB memory heap is disabled
2020-08-24 21:32:34 8028 [Note] InnoDB: Mutexes and rw_locks use Windows interlocked functions
2020-08-24 21:32:34 8028 [Note] InnoDB: Memory barrier is not used
2020-08-24 21:32:34 8028 [Note] InnoDB: Compressed tables use zlib 1.2.3
2020-08-24 21:32:34 8028 [Note] InnoDB: Not using CPU crc32 instructions
2020-08-24 21:32:34 8028 [Note] InnoDB: Initializing buffer pool, size = 32.0M
2020-08-24 21:32:34 8028 [Note] InnoDB: Completed initialization of buffer pool
2020-08-24 21:32:35 8028 [Note] InnoDB: Highest supported file format is Barracuda.
2020-08-24 21:32:35 8028 [Note] InnoDB: 128 rollback segment(s) are active.
2020-08-24 21:32:35 8028 [Note] InnoDB: Waiting for purge to start
2020-08-24 21:32:35 8028 [Note] InnoDB: 5.6.35 started; log sequence number 1771202
2020-08-24 21:32:35 8028 [Note] Server hostname (bind-address): '127.0.0.1'; port: 3306
2020-08-24 21:32:35 8028 [Note]   - '127.0.0.1' resolves to '127.0.0.1';
2020-08-24 21:32:35 8028 [Note] Server socket created on IP: '127.0.0.1'.
2020-08-24 21:32:35 8028 [Note] Event Scheduler: Loaded 0 events
2020-08-24 21:32:35 8028 [Note] C:\Users\NCT-ZW\Desktop\JUDGER\core\mysql\bin\mysqld_z.exe: ready for connections.
Version: '5.6.35'  socket: ''  port: 3306  MySQL Community Server (GPL)
2020-08-24 21:32:35 8028 [Note] C:\Users\NCT-ZW\Desktop\JUDGER\core\mysql\bin\mysqld_z.exe: Normal shutdown

2020-08-24 21:32:35 8028 [Note] Giving 0 client threads a chance to die gracefully
2020-08-24 21:32:35 8028 [Note] Event Scheduler: Purging the queue. 0 events
2020-08-24 21:32:35 8028 [Note] Shutting down slave threads
2020-08-24 21:32:35 8028 [Note] Forcefully disconnecting 0 remaining clients
2020-08-24 21:32:35 8028 [Note] Binlog end
2020-08-24 21:32:35 8028 [Note] Shutting down plugin 'partition'
2020-08-24 21:32:35 8028 [Note] Shutting down plugin 'PERFORMANCE_SCHEMA'
2020-08-24 21:32:35 8028 [Note] Shutting down plugin 'INNODB_SYS_DATAFILES'
2020-08-24 21:32:35 8028 [Note] Shutting down plugin 'INNODB_SYS_TABLESPACES'
2020-08-24 21:32:35 8028 [Note] Shutting down plugin 'INNODB_SYS_FOREIGN_COLS'
2020-08-24 21:32:35 8028 [Note] Shutting down plugin 'INNODB_SYS_FOREIGN'
2020-08-24 21:32:35 8028 [Note] Shutting down plugin 'INNODB_SYS_FIELDS'
2020-08-24 21:32:35 8028 [Note] Shutting down plugin 'INNODB_SYS_COLUMNS'
2020-08-24 21:32:35 8028 [Note] Shutting down plugin 'INNODB_SYS_INDEXES'
2020-08-24 21:32:35 8028 [Note] Shutting down plugin 'INNODB_SYS_TABLESTATS'
2020-08-24 21:32:35 8028 [Note] Shutting down plugin 'INNODB_SYS_TABLES'
2020-08-24 21:32:35 8028 [Note] Shutting down plugin 'INNODB_FT_INDEX_TABLE'
2020-08-24 21:32:35 8028 [Note] Shutting down plugin 'INNODB_FT_INDEX_CACHE'
2020-08-24 21:32:35 8028 [Note] Shutting down plugin 'INNODB_FT_CONFIG'
2020-08-24 21:32:35 8028 [Note] Shutting down plugin 'INNODB_FT_BEING_DELETED'
2020-08-24 21:32:35 8028 [Note] Shutting down plugin 'INNODB_FT_DELETED'
2020-08-24 21:32:35 8028 [Note] Shutting down plugin 'INNODB_FT_DEFAULT_STOPWORD'
2020-08-24 21:32:35 8028 [Note] Shutting down plugin 'INNODB_METRICS'
2020-08-24 21:32:35 8028 [Note] Shutting down plugin 'INNODB_BUFFER_POOL_STATS'
2020-08-24 21:32:35 8028 [Note] Shutting down plugin 'INNODB_BUFFER_PAGE_LRU'
2020-08-24 21:32:35 8028 [Note] Shutting down plugin 'INNODB_BUFFER_PAGE'
2020-08-24 21:32:35 8028 [Note] Shutting down plugin 'INNODB_CMP_PER_INDEX_RESET'
2020-08-24 21:32:35 8028 [Note] Shutting down plugin 'INNODB_CMP_PER_INDEX'
2020-08-24 21:32:35 8028 [Note] Shutting down plugin 'INNODB_CMPMEM_RESET'
2020-08-24 21:32:35 8028 [Note] Shutting down plugin 'INNODB_CMPMEM'
2020-08-24 21:32:35 8028 [Note] Shutting down plugin 'INNODB_CMP_RESET'
2020-08-24 21:32:35 8028 [Note] Shutting down plugin 'INNODB_CMP'
2020-08-24 21:32:35 8028 [Note] Shutting down plugin 'INNODB_LOCK_WAITS'
2020-08-24 21:32:35 8028 [Note] Shutting down plugin 'INNODB_LOCKS'
2020-08-24 21:32:35 8028 [Note] Shutting down plugin 'INNODB_TRX'
2020-08-24 21:32:35 8028 [Note] Shutting down plugin 'InnoDB'
2020-08-24 21:32:35 8028 [Note] InnoDB: FTS optimize thread exiting.
2020-08-24 21:32:35 8028 [Note] InnoDB: Starting shutdown...
2020-08-24 21:32:36 8028 [Note] InnoDB: Shutdown completed; log sequence number 1771212
2020-08-24 21:32:36 8028 [Note] Shutting down plugin 'BLACKHOLE'
2020-08-24 21:32:36 8028 [Note] Shutting down plugin 'ARCHIVE'
2020-08-24 21:32:36 8028 [Note] Shutting down plugin 'MRG_MYISAM'
2020-08-24 21:32:36 8028 [Note] Shutting down plugin 'MyISAM'
2020-08-24 21:32:36 8028 [Note] Shutting down plugin 'MEMORY'
2020-08-24 21:32:36 8028 [Note] Shutting down plugin 'CSV'
2020-08-24 21:32:36 8028 [Note] Shutting down plugin 'sha256_password'
2020-08-24 21:32:36 8028 [Note] Shutting down plugin 'mysql_old_password'
2020-08-24 21:32:36 8028 [Note] Shutting down plugin 'mysql_native_password'
2020-08-24 21:32:36 8028 [Note] Shutting down plugin 'binlog'
2020-08-24 21:32:36 8028 [Note] C:\Users\NCT-ZW\Desktop\JUDGER\core\mysql\bin\mysqld_z.exe: Shutdown complete

2020-08-24 22:49:22 2292 [Note] Plugin 'FEDERATED' is disabled.
2020-08-24 22:49:22 2292 [Note] InnoDB: Using atomics to ref count buffer pool pages
2020-08-24 22:49:22 2292 [Note] InnoDB: The InnoDB memory heap is disabled
2020-08-24 22:49:22 2292 [Note] InnoDB: Mutexes and rw_locks use Windows interlocked functions
2020-08-24 22:49:22 2292 [Note] InnoDB: Memory barrier is not used
2020-08-24 22:49:22 2292 [Note] InnoDB: Compressed tables use zlib 1.2.3
2020-08-24 22:49:22 2292 [Note] InnoDB: Not using CPU crc32 instructions
2020-08-24 22:49:22 2292 [Note] InnoDB: Initializing buffer pool, size = 32.0M
2020-08-24 22:49:22 2292 [Note] InnoDB: Completed initialization of buffer pool
2020-08-24 22:49:22 2292 [Note] InnoDB: Highest supported file format is Barracuda.
2020-08-24 22:49:23 2292 [Note] InnoDB: 128 rollback segment(s) are active.
2020-08-24 22:49:23 2292 [Note] InnoDB: Waiting for purge to start
2020-08-24 22:49:23 2292 [Note] InnoDB: 5.6.35 started; log sequence number 1771212
2020-08-24 22:49:23 2292 [Note] Server hostname (bind-address): '127.0.0.1'; port: 3306
2020-08-24 22:49:23 2292 [Note]   - '127.0.0.1' resolves to '127.0.0.1';
2020-08-24 22:49:23 2292 [Note] Server socket created on IP: '127.0.0.1'.
2020-08-24 22:49:25 2292 [Note] Event Scheduler: Loaded 0 events
2020-08-24 22:49:25 2292 [Note] C:\Users\NCT-ZW\Desktop\JUDGER\core\mysql\bin\mysqld_z.exe: ready for connections.
Version: '5.6.35'  socket: ''  port: 3306  MySQL Community Server (GPL)
2020-08-24 22:49:29 2292 [Note] C:\Users\NCT-ZW\Desktop\JUDGER\core\mysql\bin\mysqld_z.exe: Normal shutdown

2020-08-24 22:49:29 2292 [Note] Giving 0 client threads a chance to die gracefully
2020-08-24 22:49:29 2292 [Note] Event Scheduler: Purging the queue. 0 events
2020-08-24 22:49:29 2292 [Note] Shutting down slave threads
2020-08-24 22:49:29 2292 [Note] Forcefully disconnecting 0 remaining clients
2020-08-24 22:49:29 2292 [Note] Binlog end
2020-08-24 22:49:29 2292 [Note] Shutting down plugin 'partition'
2020-08-24 22:49:29 2292 [Note] Shutting down plugin 'PERFORMANCE_SCHEMA'
2020-08-24 22:49:29 2292 [Note] Shutting down plugin 'INNODB_SYS_DATAFILES'
2020-08-24 22:49:29 2292 [Note] Shutting down plugin 'INNODB_SYS_TABLESPACES'
2020-08-24 22:49:29 2292 [Note] Shutting down plugin 'INNODB_SYS_FOREIGN_COLS'
2020-08-24 22:49:29 2292 [Note] Shutting down plugin 'INNODB_SYS_FOREIGN'
2020-08-24 22:49:29 2292 [Note] Shutting down plugin 'INNODB_SYS_FIELDS'
2020-08-24 22:49:29 2292 [Note] Shutting down plugin 'INNODB_SYS_COLUMNS'
2020-08-24 22:49:29 2292 [Note] Shutting down plugin 'INNODB_SYS_INDEXES'
2020-08-24 22:49:29 2292 [Note] Shutting down plugin 'INNODB_SYS_TABLESTATS'
2020-08-24 22:49:29 2292 [Note] Shutting down plugin 'INNODB_SYS_TABLES'
2020-08-24 22:49:29 2292 [Note] Shutting down plugin 'INNODB_FT_INDEX_TABLE'
2020-08-24 22:49:29 2292 [Note] Shutting down plugin 'INNODB_FT_INDEX_CACHE'
2020-08-24 22:49:29 2292 [Note] Shutting down plugin 'INNODB_FT_CONFIG'
2020-08-24 22:49:29 2292 [Note] Shutting down plugin 'INNODB_FT_BEING_DELETED'
2020-08-24 22:49:29 2292 [Note] Shutting down plugin 'INNODB_FT_DELETED'
2020-08-24 22:49:29 2292 [Note] Shutting down plugin 'INNODB_FT_DEFAULT_STOPWORD'
2020-08-24 22:49:29 2292 [Note] Shutting down plugin 'INNODB_METRICS'
2020-08-24 22:49:29 2292 [Note] Shutting down plugin 'INNODB_BUFFER_POOL_STATS'
2020-08-24 22:49:29 2292 [Note] Shutting down plugin 'INNODB_BUFFER_PAGE_LRU'
2020-08-24 22:49:29 2292 [Note] Shutting down plugin 'INNODB_BUFFER_PAGE'
2020-08-24 22:49:29 2292 [Note] Shutting down plugin 'INNODB_CMP_PER_INDEX_RESET'
2020-08-24 22:49:29 2292 [Note] Shutting down plugin 'INNODB_CMP_PER_INDEX'
2020-08-24 22:49:29 2292 [Note] Shutting down plugin 'INNODB_CMPMEM_RESET'
2020-08-24 22:49:29 2292 [Note] Shutting down plugin 'INNODB_CMPMEM'
2020-08-24 22:49:29 2292 [Note] Shutting down plugin 'INNODB_CMP_RESET'
2020-08-24 22:49:29 2292 [Note] Shutting down plugin 'INNODB_CMP'
2020-08-24 22:49:29 2292 [Note] Shutting down plugin 'INNODB_LOCK_WAITS'
2020-08-24 22:49:29 2292 [Note] Shutting down plugin 'INNODB_LOCKS'
2020-08-24 22:49:29 2292 [Note] Shutting down plugin 'INNODB_TRX'
2020-08-24 22:49:29 2292 [Note] Shutting down plugin 'InnoDB'
2020-08-24 22:49:29 2292 [Note] InnoDB: FTS optimize thread exiting.
2020-08-24 22:49:29 2292 [Note] InnoDB: Starting shutdown...
2020-08-24 22:49:30 2292 [Note] InnoDB: Shutdown completed; log sequence number 1771222
2020-08-24 22:49:30 2292 [Note] Shutting down plugin 'BLACKHOLE'
2020-08-24 22:49:30 2292 [Note] Shutting down plugin 'ARCHIVE'
2020-08-24 22:49:30 2292 [Note] Shutting down plugin 'MRG_MYISAM'
2020-08-24 22:49:30 2292 [Note] Shutting down plugin 'MyISAM'
2020-08-24 22:49:30 2292 [Note] Shutting down plugin 'MEMORY'
2020-08-24 22:49:30 2292 [Note] Shutting down plugin 'CSV'
2020-08-24 22:49:30 2292 [Note] Shutting down plugin 'sha256_password'
2020-08-24 22:49:30 2292 [Note] Shutting down plugin 'mysql_old_password'
2020-08-24 22:49:30 2292 [Note] Shutting down plugin 'mysql_native_password'
2020-08-24 22:49:30 2292 [Note] Shutting down plugin 'binlog'
2020-08-24 22:49:30 2292 [Note] C:\Users\NCT-ZW\Desktop\JUDGER\core\mysql\bin\mysqld_z.exe: Shutdown complete

2020-08-24 23:09:14 8076 [Note] Plugin 'FEDERATED' is disabled.
2020-08-24 23:09:14 8076 [Note] InnoDB: Using atomics to ref count buffer pool pages
2020-08-24 23:09:14 8076 [Note] InnoDB: The InnoDB memory heap is disabled
2020-08-24 23:09:14 8076 [Note] InnoDB: Mutexes and rw_locks use Windows interlocked functions
2020-08-24 23:09:14 8076 [Note] InnoDB: Memory barrier is not used
2020-08-24 23:09:14 8076 [Note] InnoDB: Compressed tables use zlib 1.2.3
2020-08-24 23:09:14 8076 [Note] InnoDB: Not using CPU crc32 instructions
2020-08-24 23:09:14 8076 [Note] InnoDB: Initializing buffer pool, size = 32.0M
2020-08-24 23:09:14 8076 [Note] InnoDB: Completed initialization of buffer pool
2020-08-24 23:09:14 8076 [Note] InnoDB: Highest supported file format is Barracuda.
2020-08-24 23:09:14 8076 [Note] InnoDB: 128 rollback segment(s) are active.
2020-08-24 23:09:14 8076 [Note] InnoDB: Waiting for purge to start
2020-08-24 23:09:15 8076 [Note] InnoDB: 5.6.35 started; log sequence number 1771222
2020-08-24 23:09:15 8076 [Note] Server hostname (bind-address): '127.0.0.1'; port: 3306
2020-08-24 23:09:15 8076 [Note]   - '127.0.0.1' resolves to '127.0.0.1';
2020-08-24 23:09:15 8076 [Note] Server socket created on IP: '127.0.0.1'.
2020-08-24 23:09:15 8076 [Note] Event Scheduler: Loaded 0 events
2020-08-24 23:09:15 8076 [Note] C:\Users\NCT-ZW\Desktop\JUDGER\core\mysql\bin\mysqld_z.exe: ready for connections.
Version: '5.6.35'  socket: ''  port: 3306  MySQL Community Server (GPL)
2020-08-25 10:41:12 8952 [Note] Plugin 'FEDERATED' is disabled.
2020-08-25 10:41:12 8952 [Note] InnoDB: Using atomics to ref count buffer pool pages
2020-08-25 10:41:12 8952 [Note] InnoDB: The InnoDB memory heap is disabled
2020-08-25 10:41:12 8952 [Note] InnoDB: Mutexes and rw_locks use Windows interlocked functions
2020-08-25 10:41:12 8952 [Note] InnoDB: Memory barrier is not used
2020-08-25 10:41:12 8952 [Note] InnoDB: Compressed tables use zlib 1.2.3
2020-08-25 10:41:12 8952 [Note] InnoDB: Not using CPU crc32 instructions
2020-08-25 10:41:12 8952 [Note] InnoDB: Initializing buffer pool, size = 32.0M
2020-08-25 10:41:12 8952 [Note] InnoDB: Completed initialization of buffer pool
2020-08-25 10:41:12 8952 [Note] InnoDB: Highest supported file format is Barracuda.
2020-08-25 10:41:12 8952 [Note] InnoDB: The log sequence numbers 1771222 and 1771222 in ibdata files do not match the log sequence number 1771232 in the ib_logfiles!
2020-08-25 10:41:12 8952 [Note] InnoDB: Database was not shutdown normally!
2020-08-25 10:41:12 8952 [Note] InnoDB: Starting crash recovery.
2020-08-25 10:41:12 8952 [Note] InnoDB: Reading tablespace information from the .ibd files...
2020-08-25 10:41:13 8952 [Note] InnoDB: Restoring possible half-written data pages 
2020-08-25 10:41:13 8952 [Note] InnoDB: from the doublewrite buffer...
2020-08-25 10:41:14 8952 [Note] InnoDB: 128 rollback segment(s) are active.
2020-08-25 10:41:14 8952 [Note] InnoDB: Waiting for purge to start
2020-08-25 10:41:14 8952 [Note] InnoDB: 5.6.35 started; log sequence number 1771232
2020-08-25 10:41:14 8952 [Note] Server hostname (bind-address): '127.0.0.1'; port: 3306
2020-08-25 10:41:14 8952 [Note]   - '127.0.0.1' resolves to '127.0.0.1';
2020-08-25 10:41:14 8952 [Note] Server socket created on IP: '127.0.0.1'.
2020-08-25 10:41:15 8952 [Note] Event Scheduler: Loaded 0 events
2020-08-25 10:41:15 8952 [Note] C:\Users\NCT-ZW\Desktop\JUDGER\core\mysql\bin\mysqld_z.exe: ready for connections.
Version: '5.6.35'  socket: ''  port: 3306  MySQL Community Server (GPL)
2020-08-25 11:30:53 8952 [Note] C:\Users\NCT-ZW\Desktop\JUDGER\core\mysql\bin\mysqld_z.exe: Normal shutdown

2020-08-25 11:30:53 8952 [Note] Giving 0 client threads a chance to die gracefully
2020-08-25 11:30:53 8952 [Note] Event Scheduler: Purging the queue. 0 events
2020-08-25 11:30:53 8952 [Note] Shutting down slave threads
2020-08-25 11:30:53 8952 [Note] Forcefully disconnecting 0 remaining clients
2020-08-25 11:30:53 8952 [Note] Binlog end
2020-08-25 11:30:53 8952 [Note] Shutting down plugin 'partition'
2020-08-25 11:30:53 8952 [Note] Shutting down plugin 'PERFORMANCE_SCHEMA'
2020-08-25 11:30:53 8952 [Note] Shutting down plugin 'INNODB_SYS_DATAFILES'
2020-08-25 11:30:53 8952 [Note] Shutting down plugin 'INNODB_SYS_TABLESPACES'
2020-08-25 11:30:53 8952 [Note] Shutting down plugin 'INNODB_SYS_FOREIGN_COLS'
2020-08-25 11:30:53 8952 [Note] Shutting down plugin 'INNODB_SYS_FOREIGN'
2020-08-25 11:30:53 8952 [Note] Shutting down plugin 'INNODB_SYS_FIELDS'
2020-08-25 11:30:53 8952 [Note] Shutting down plugin 'INNODB_SYS_COLUMNS'
2020-08-25 11:30:53 8952 [Note] Shutting down plugin 'INNODB_SYS_INDEXES'
2020-08-25 11:30:53 8952 [Note] Shutting down plugin 'INNODB_SYS_TABLESTATS'
2020-08-25 11:30:53 8952 [Note] Shutting down plugin 'INNODB_SYS_TABLES'
2020-08-25 11:30:53 8952 [Note] Shutting down plugin 'INNODB_FT_INDEX_TABLE'
2020-08-25 11:30:53 8952 [Note] Shutting down plugin 'INNODB_FT_INDEX_CACHE'
2020-08-25 11:30:53 8952 [Note] Shutting down plugin 'INNODB_FT_CONFIG'
2020-08-25 11:30:53 8952 [Note] Shutting down plugin 'INNODB_FT_BEING_DELETED'
2020-08-25 11:30:53 8952 [Note] Shutting down plugin 'INNODB_FT_DELETED'
2020-08-25 11:30:53 8952 [Note] Shutting down plugin 'INNODB_FT_DEFAULT_STOPWORD'
2020-08-25 11:30:53 8952 [Note] Shutting down plugin 'INNODB_METRICS'
2020-08-25 11:30:53 8952 [Note] Shutting down plugin 'INNODB_BUFFER_POOL_STATS'
2020-08-25 11:30:53 8952 [Note] Shutting down plugin 'INNODB_BUFFER_PAGE_LRU'
2020-08-25 11:30:53 8952 [Note] Shutting down plugin 'INNODB_BUFFER_PAGE'
2020-08-25 11:30:53 8952 [Note] Shutting down plugin 'INNODB_CMP_PER_INDEX_RESET'
2020-08-25 11:30:53 8952 [Note] Shutting down plugin 'INNODB_CMP_PER_INDEX'
2020-08-25 11:30:53 8952 [Note] Shutting down plugin 'INNODB_CMPMEM_RESET'
2020-08-25 11:30:53 8952 [Note] Shutting down plugin 'INNODB_CMPMEM'
2020-08-25 11:30:53 8952 [Note] Shutting down plugin 'INNODB_CMP_RESET'
2020-08-25 11:30:53 8952 [Note] Shutting down plugin 'INNODB_CMP'
2020-08-25 11:30:53 8952 [Note] Shutting down plugin 'INNODB_LOCK_WAITS'
2020-08-25 11:30:53 8952 [Note] Shutting down plugin 'INNODB_LOCKS'
2020-08-25 11:30:53 8952 [Note] Shutting down plugin 'INNODB_TRX'
2020-08-25 11:30:53 8952 [Note] Shutting down plugin 'InnoDB'
2020-08-25 11:30:53 8952 [Note] InnoDB: FTS optimize thread exiting.
2020-08-25 11:30:53 8952 [Note] InnoDB: Starting shutdown...
2020-08-25 11:30:55 8952 [Note] InnoDB: Shutdown completed; log sequence number 1771242
2020-08-25 11:30:55 8952 [Note] Shutting down plugin 'BLACKHOLE'
2020-08-25 11:30:55 8952 [Note] Shutting down plugin 'ARCHIVE'
2020-08-25 11:30:55 8952 [Note] Shutting down plugin 'MRG_MYISAM'
2020-08-25 11:30:55 8952 [Note] Shutting down plugin 'MyISAM'
2020-08-25 11:30:55 8952 [Note] Shutting down plugin 'MEMORY'
2020-08-25 11:30:55 8952 [Note] Shutting down plugin 'CSV'
2020-08-25 11:30:55 8952 [Note] Shutting down plugin 'sha256_password'
2020-08-25 11:30:55 8952 [Note] Shutting down plugin 'mysql_old_password'
2020-08-25 11:30:55 8952 [Note] Shutting down plugin 'mysql_native_password'
2020-08-25 11:30:55 8952 [Note] Shutting down plugin 'binlog'
2020-08-25 11:30:55 8952 [Note] C:\Users\NCT-ZW\Desktop\JUDGER\core\mysql\bin\mysqld_z.exe: Shutdown complete

