bvquoc‣CANDY: 100.00
CANDY.cpp
Dịch thành công

bvquoc‣CANDY‣Test01: 5.00
Thời gian ≈ 0.032053283 giây
Kết quả khớp đáp án!
bvquoc‣CANDY‣Test02: 5.00
Thời gian ≈ 0.030165350 giây
Kết quả khớp đáp án!
bvquoc‣CANDY‣Test03: 5.00
Thời gian ≈ 0.032817640 giây
Kết quả khớp đáp án!
bvquoc‣CANDY‣Test04: 5.00
Thời gian ≈ 0.032767943 giây
Kết quả khớp đáp án!
bvquoc‣CANDY‣Test05: 5.00
Thời gian ≈ 0.036263997 giây
Kết quả khớp đáp án!
bvquoc‣CANDY‣Test06: 5.00
Thời gian ≈ 0.032041940 giây
Kết quả khớp đáp án!
bvquoc‣CANDY‣Test07: 5.00
Thời gian ≈ 0.033617109 giây
Kết quả khớp đáp án!
bvquoc‣CANDY‣Test08: 5.00
Thời gian ≈ 0.032613452 giây
Kết quả khớp đáp án!
bvquoc‣CANDY‣Test09: 5.00
Thời gian ≈ 0.033654381 giây
Kết quả khớp đáp án!
bvquoc‣CANDY‣Test10: 5.00
Thời gian ≈ 0.033581457 giây
Kết quả khớp đáp án!
bvquoc‣CANDY‣Test11: 5.00
Thời gian ≈ 0.197883569 giây
Kết quả khớp đáp án!
bvquoc‣CANDY‣Test12: 5.00
Thời gian ≈ 0.179038801 giây
Kết quả khớp đáp án!
bvquoc‣CANDY‣Test13: 5.00
Thời gian ≈ 0.070643302 giây
Kết quả khớp đáp án!
bvquoc‣CANDY‣Test14: 5.00
Thời gian ≈ 0.181786704 giây
Kết quả khớp đáp án!
bvquoc‣CANDY‣Test15: 5.00
Thời gian ≈ 0.226068074 giây
Kết quả khớp đáp án!
bvquoc‣CANDY‣Test16: 5.00
Thời gian ≈ 0.079968453 giây
Kết quả khớp đáp án!
bvquoc‣CANDY‣Test17: 5.00
Thời gian ≈ 0.259657633 giây
Kết quả khớp đáp án!
bvquoc‣CANDY‣Test18: 5.00
Thời gian ≈ 0.141123469 giây
Kết quả khớp đáp án!
bvquoc‣CANDY‣Test19: 5.00
Thời gian ≈ 0.123968929 giây
Kết quả khớp đáp án!
bvquoc‣CANDY‣Test20: 5.00
Thời gian ≈ 0.278661214 giây
Kết quả khớp đáp án!
