bvquoc‣PAINT: 55.00
PAINT.cpp
Dịch thành công

bvquoc‣PAINT‣$PAINT01: 5.00
Thời gian ≈ 0.037599866 giây
Kết quả khớp đáp án!
bvquoc‣PAINT‣$PAINT02: 5.00
Thời gian ≈ 0.033509613 giây
Kết quả khớp đáp án!
bvquoc‣PAINT‣$PAINT03: 0.00
Thời gian ≈ 0.033670046 giây
Kết quả KHÁC đáp án!
bvquoc‣PAINT‣$PAINT04: 5.00
Thời gian ≈ 0.114775041 giây
Kết quả khớp đáp án!
bvquoc‣PAINT‣$PAINT05: 5.00
Thời gian ≈ 0.155850975 giây
Kết quả khớp đáp án!
bvquoc‣PAINT‣$PAINT06: 5.00
Thời gian ≈ 0.257611966 giây
Kết quả khớp đáp án!
bvquoc‣PAINT‣$PAINT07: 5.00
Thời gian ≈ 0.304914570 giây
Kết quả khớp đáp án!
bvquoc‣PAINT‣$PAINT08: 5.00
Thời gian ≈ 0.324738147 giây
Kết quả khớp đáp án!
bvquoc‣PAINT‣$PAINT09: 0.00
Thời gian ≈ 0.213156658 giây
Kết quả KHÁC đáp án!
bvquoc‣PAINT‣$PAINT10: 5.00
Thời gian ≈ 0.294464221 giây
Kết quả khớp đáp án!
bvquoc‣PAINT‣$PAINT11: 5.00
Thời gian ≈ 0.151855793 giây
Kết quả khớp đáp án!
bvquoc‣PAINT‣$PAINT12: 0.00
Thời gian ≈ 0.045308795 giây
Kết quả KHÁC đáp án!
bvquoc‣PAINT‣$PAINT13: 0.00
Thời gian ≈ 0.029236778 giây
Kết quả KHÁC đáp án!
bvquoc‣PAINT‣$PAINT14: 0.00
Thời gian ≈ 0.071873835 giây
Kết quả KHÁC đáp án!
bvquoc‣PAINT‣$PAINT15: 0.00
Thời gian ≈ 0.039896717 giây
Kết quả KHÁC đáp án!
bvquoc‣PAINT‣$PAINT16: 0.00
Thời gian ≈ 0.032991579 giây
Kết quả KHÁC đáp án!
bvquoc‣PAINT‣$PAINT17: 0.00
Thời gian ≈ 0.055964413 giây
Kết quả KHÁC đáp án!
bvquoc‣PAINT‣$PAINT18: 0.00
Thời gian ≈ 0.038416620 giây
Kết quả KHÁC đáp án!
bvquoc‣PAINT‣$PAINT19: 5.00
Thời gian ≈ 0.035986884 giây
Kết quả khớp đáp án!
bvquoc‣PAINT‣$PAINT20: 5.00
Thời gian ≈ 0.152246344 giây
Kết quả khớp đáp án!
