bvquoc‣TALENT: 100.00
TALENT.cpp
Dịch thành công

bvquoc‣TALENT‣test001: 10.00
Thời gian ≈ 0.074437536 giây
Kết quả khớp đáp án!
bvquoc‣TALENT‣test002: 10.00
Thời gian ≈ 0.039436483 giây
Kết quả khớp đáp án!
bvquoc‣TALENT‣test003: 10.00
Thời gian ≈ 0.028707940 giây
Kết quả khớp đáp án!
bvquoc‣TALENT‣test004: 10.00
Thời gian ≈ 0.029603561 giây
Kết quả khớp đáp án!
bvquoc‣TALENT‣test005: 10.00
Thời gian ≈ 0.029633271 giây
Kết quả khớp đáp án!
bvquoc‣TALENT‣test006: 10.00
Thời gian ≈ 0.099204853 giây
Kết quả khớp đáp án!
bvquoc‣TALENT‣test007: 10.00
Thời gian ≈ 0.424492365 giây
Kết quả khớp đáp án!
bvquoc‣TALENT‣test008: 10.00
Thời gian ≈ 0.442684593 giây
Kết quả khớp đáp án!
bvquoc‣TALENT‣test009: 10.00
Thời gian ≈ 0.482082723 giây
Kết quả khớp đáp án!
bvquoc‣TALENT‣test010: 10.00
Thời gian ≈ 0.429782901 giây
Kết quả khớp đáp án!
