bvquoc‣SAW: 100.00
SAW.cpp
Dịch thành công

bvquoc‣SAW‣$SAW01: 5.00
Thời gian ≈ 0.023903849 giây
Kết quả khớp đáp án!
bvquoc‣SAW‣$SAW02: 5.00
Thời gian ≈ 0.027059014 giây
Kết quả khớp đáp án!
bvquoc‣SAW‣$SAW03: 5.00
Thời gian ≈ 0.025563808 giây
Kết quả khớp đáp án!
bvquoc‣SAW‣$SAW04: 5.00
Thời gian ≈ 0.033073869 giây
Kết quả khớp đáp án!
bvquoc‣SAW‣$SAW05: 5.00
Thời gian ≈ 0.023221607 giây
Kết quả khớp đáp án!
bvquoc‣SAW‣$SAW06: 5.00
Thời gian ≈ 0.026939095 giây
Kết quả khớp đáp án!
bvquoc‣SAW‣$SAW07: 5.00
Thời gian ≈ 0.026891560 giây
Kết quả khớp đáp án!
bvquoc‣SAW‣$SAW08: 5.00
Thời gian ≈ 0.026825658 giây
Kết quả khớp đáp án!
bvquoc‣SAW‣$SAW09: 5.00
Thời gian ≈ 0.026069413 giây
Kết quả khớp đáp án!
bvquoc‣SAW‣$SAW10: 5.00
Thời gian ≈ 0.031524646 giây
Kết quả khớp đáp án!
bvquoc‣SAW‣$SAW11: 5.00
Thời gian ≈ 0.449772316 giây
Kết quả khớp đáp án!
bvquoc‣SAW‣$SAW12: 5.00
Thời gian ≈ 0.592979878 giây
Kết quả khớp đáp án!
bvquoc‣SAW‣$SAW13: 5.00
Thời gian ≈ 0.433107900 giây
Kết quả khớp đáp án!
bvquoc‣SAW‣$SAW14: 5.00
Thời gian ≈ 0.531735314 giây
Kết quả khớp đáp án!
bvquoc‣SAW‣$SAW15: 5.00
Thời gian ≈ 0.676767049 giây
Kết quả khớp đáp án!
bvquoc‣SAW‣$SAW16: 5.00
Thời gian ≈ 0.379337745 giây
Kết quả khớp đáp án!
bvquoc‣SAW‣$SAW17: 5.00
Thời gian ≈ 0.525128967 giây
Kết quả khớp đáp án!
bvquoc‣SAW‣$SAW18: 5.00
Thời gian ≈ 0.597937070 giây
Kết quả khớp đáp án!
bvquoc‣SAW‣$SAW19: 5.00
Thời gian ≈ 0.591654828 giây
Kết quả khớp đáp án!
bvquoc‣SAW‣$SAW20: 5.00
Thời gian ≈ 1.146998515 giây
Kết quả khớp đáp án!
