bvquoc‣BUILDING: 100.00
BUILDING.cpp
Dịch thành công

bvquoc‣BUILDING‣Test01: 5.00
Thời gian ≈ 0.141338015 giây
Kết quả khớp đáp án!
bvquoc‣BUILDING‣Test02: 5.00
Thời gian ≈ 0.035783390 giây
Kết quả khớp đáp án!
bvquoc‣BUILDING‣Test03: 5.00
Thời gian ≈ 0.079316678 giây
Kết quả khớp đáp án!
bvquoc‣BUILDING‣Test04: 5.00
Thời gian ≈ 0.102748953 giây
Kết quả khớp đáp án!
bvquoc‣BUILDING‣Test05: 5.00
Thời gian ≈ 0.160039973 giây
Kết quả khớp đáp án!
bvquoc‣BUILDING‣Test06: 5.00
Thời gian ≈ 0.193534639 giây
Kết quả khớp đáp án!
bvquoc‣BUILDING‣Test07: 5.00
Thời gian ≈ 0.035265361 giây
Kết quả khớp đáp án!
bvquoc‣BUILDING‣Test08: 5.00
Thời gian ≈ 0.199684537 giây
Kết quả khớp đáp án!
bvquoc‣BUILDING‣Test09: 5.00
Thời gian ≈ 0.138939095 giây
Kết quả khớp đáp án!
bvquoc‣BUILDING‣Test10: 5.00
Thời gian ≈ 0.193646995 giây
Kết quả khớp đáp án!
bvquoc‣BUILDING‣Test11: 5.00
Thời gian ≈ 0.123133558 giây
Kết quả khớp đáp án!
bvquoc‣BUILDING‣Test12: 5.00
Thời gian ≈ 0.037796084 giây
Kết quả khớp đáp án!
bvquoc‣BUILDING‣Test13: 5.00
Thời gian ≈ 0.029213774 giây
Kết quả khớp đáp án!
bvquoc‣BUILDING‣Test14: 5.00
Thời gian ≈ 0.051674274 giây
Kết quả khớp đáp án!
bvquoc‣BUILDING‣Test15: 5.00
Thời gian ≈ 0.036550439 giây
Kết quả khớp đáp án!
bvquoc‣BUILDING‣Test16: 5.00
Thời gian ≈ 0.032245780 giây
Kết quả khớp đáp án!
bvquoc‣BUILDING‣Test17: 5.00
Thời gian ≈ 0.044239838 giây
Kết quả khớp đáp án!
bvquoc‣BUILDING‣Test18: 5.00
Thời gian ≈ 0.033129507 giây
Kết quả khớp đáp án!
bvquoc‣BUILDING‣Test19: 5.00
Thời gian ≈ 0.033209993 giây
Kết quả khớp đáp án!
bvquoc‣BUILDING‣Test20: 5.00
Thời gian ≈ 0.085522215 giây
Kết quả khớp đáp án!
