bvquoc‣SEQPAIRS: 100.00
SEQPAIRS.cpp
Dịch thành công

bvquoc‣SEQPAIRS‣$SEQPAIRS01: 4.00
Thời gian ≈ 0.019770099 giây
Kết quả khớp đáp án!
bvquoc‣SEQPAIRS‣$SEQPAIRS02: 4.00
Thời gian ≈ 0.020267606 giây
Kết quả khớp đáp án!
bvquoc‣SEQPAIRS‣$SEQPAIRS03: 4.00
Thời gian ≈ 0.020402651 giây
Kết quả khớp đáp án!
bvquoc‣SEQPAIRS‣$SEQPAIRS04: 4.00
Thời gian ≈ 0.019838162 giây
Kết quả khớp đáp án!
bvquoc‣SEQPAIRS‣$SEQPAIRS05: 4.00
Thời gian ≈ 0.021592671 giây
Kết quả khớp đáp án!
bvquoc‣SEQPAIRS‣$SEQPAIRS06: 4.00
Thời gian ≈ 0.021979981 giây
Kết quả khớp đáp án!
bvquoc‣SEQPAIRS‣$SEQPAIRS07: 4.00
Thời gian ≈ 0.020814269 giây
Kết quả khớp đáp án!
bvquoc‣SEQPAIRS‣$SEQPAIRS08: 4.00
Thời gian ≈ 0.020672202 giây
Kết quả khớp đáp án!
bvquoc‣SEQPAIRS‣$SEQPAIRS09: 4.00
Thời gian ≈ 0.021539733 giây
Kết quả khớp đáp án!
bvquoc‣SEQPAIRS‣$SEQPAIRS10: 4.00
Thời gian ≈ 0.021592131 giây
Kết quả khớp đáp án!
bvquoc‣SEQPAIRS‣$SEQPAIRS11: 4.00
Thời gian ≈ 0.578507263 giây
Kết quả khớp đáp án!
bvquoc‣SEQPAIRS‣$SEQPAIRS12: 4.00
Thời gian ≈ 0.728040816 giây
Kết quả khớp đáp án!
bvquoc‣SEQPAIRS‣$SEQPAIRS13: 4.00
Thời gian ≈ 0.551056865 giây
Kết quả khớp đáp án!
bvquoc‣SEQPAIRS‣$SEQPAIRS14: 4.00
Thời gian ≈ 0.857314866 giây
Kết quả khớp đáp án!
bvquoc‣SEQPAIRS‣$SEQPAIRS15: 4.00
Thời gian ≈ 0.401703192 giây
Kết quả khớp đáp án!
bvquoc‣SEQPAIRS‣$SEQPAIRS16: 4.00
Thời gian ≈ 0.453203006 giây
Kết quả khớp đáp án!
bvquoc‣SEQPAIRS‣$SEQPAIRS17: 4.00
Thời gian ≈ 0.052221496 giây
Kết quả khớp đáp án!
bvquoc‣SEQPAIRS‣$SEQPAIRS18: 4.00
Thời gian ≈ 0.044184137 giây
Kết quả khớp đáp án!
bvquoc‣SEQPAIRS‣$SEQPAIRS19: 4.00
Thời gian ≈ 0.048740027 giây
Kết quả khớp đáp án!
bvquoc‣SEQPAIRS‣$SEQPAIRS20: 4.00
Thời gian ≈ 0.045187254 giây
Kết quả khớp đáp án!
bvquoc‣SEQPAIRS‣$SEQPAIRS21: 4.00
Thời gian ≈ 0.054962917 giây
Kết quả khớp đáp án!
bvquoc‣SEQPAIRS‣$SEQPAIRS22: 4.00
Thời gian ≈ 0.071460056 giây
Kết quả khớp đáp án!
bvquoc‣SEQPAIRS‣$SEQPAIRS23: 4.00
Thời gian ≈ 0.021122713 giây
Kết quả khớp đáp án!
bvquoc‣SEQPAIRS‣$SEQPAIRS24: 4.00
Thời gian ≈ 1.008542969 giây
Kết quả khớp đáp án!
bvquoc‣SEQPAIRS‣$SEQPAIRS25: 4.00
Thời gian ≈ 0.079588166 giây
Kết quả khớp đáp án!
