bvquoc‣GAME: 100.00
GAME.cpp
Dịch thành công

bvquoc‣GAME‣Test01: 4.00
Thời gian ≈ 0.034069953 giây
Kết quả khớp đáp án!
bvquoc‣GAME‣Test02: 4.00
Thời gian ≈ 0.033603241 giây
Kết quả khớp đáp án!
bvquoc‣GAME‣Test03: 4.00
Thời gian ≈ 0.034128292 giây
Kết quả khớp đáp án!
bvquoc‣GAME‣Test04: 4.00
Thời gian ≈ 0.032984740 giây
Kết quả khớp đáp án!
bvquoc‣GAME‣Test05: 4.00
Thời gian ≈ 0.033860905 giây
Kết quả khớp đáp án!
bvquoc‣GAME‣Test06: 4.00
Thời gian ≈ 0.033501688 giây
Kết quả khớp đáp án!
bvquoc‣GAME‣Test07: 4.00
Thời gian ≈ 0.033063065 giây
Kết quả khớp đáp án!
bvquoc‣GAME‣Test08: 4.00
Thời gian ≈ 0.033276975 giây
Kết quả khớp đáp án!
bvquoc‣GAME‣Test09: 4.00
Thời gian ≈ 0.033417421 giây
Kết quả khớp đáp án!
bvquoc‣GAME‣Test10: 4.00
Thời gian ≈ 0.249869548 giây
Kết quả khớp đáp án!
bvquoc‣GAME‣Test11: 3.00
Thời gian ≈ 0.044585010 giây
Kết quả khớp đáp án!
bvquoc‣GAME‣Test12: 3.00
Thời gian ≈ 0.113186766 giây
Kết quả khớp đáp án!
bvquoc‣GAME‣Test13: 3.00
Thời gian ≈ 0.208899932 giây
Kết quả khớp đáp án!
bvquoc‣GAME‣Test14: 3.00
Thời gian ≈ 0.116503984 giây
Kết quả khớp đáp án!
bvquoc‣GAME‣Test15: 3.00
Thời gian ≈ 0.113655098 giây
Kết quả khớp đáp án!
bvquoc‣GAME‣Test16: 3.00
Thời gian ≈ 0.034503174 giây
Kết quả khớp đáp án!
bvquoc‣GAME‣Test17: 3.00
Thời gian ≈ 0.080727616 giây
Kết quả khớp đáp án!
bvquoc‣GAME‣Test18: 3.00
Thời gian ≈ 0.153430925 giây
Kết quả khớp đáp án!
bvquoc‣GAME‣Test19: 3.00
Thời gian ≈ 0.236271708 giây
Kết quả khớp đáp án!
bvquoc‣GAME‣Test20: 3.00
Thời gian ≈ 0.033834436 giây
Kết quả khớp đáp án!
bvquoc‣GAME‣Test21: 3.00
Thời gian ≈ 0.076874004 giây
Kết quả khớp đáp án!
bvquoc‣GAME‣Test22: 3.00
Thời gian ≈ 0.206858609 giây
Kết quả khớp đáp án!
bvquoc‣GAME‣Test23: 3.00
Thời gian ≈ 0.115850371 giây
Kết quả khớp đáp án!
bvquoc‣GAME‣Test24: 3.00
Thời gian ≈ 0.151242134 giây
Kết quả khớp đáp án!
bvquoc‣GAME‣Test25: 3.00
Thời gian ≈ 0.041800405 giây
Kết quả khớp đáp án!
bvquoc‣GAME‣Test26: 3.00
Thời gian ≈ 0.038568535 giây
Kết quả khớp đáp án!
bvquoc‣GAME‣Test27: 3.00
Thời gian ≈ 0.124538015 giây
Kết quả khớp đáp án!
bvquoc‣GAME‣Test28: 3.00
Thời gian ≈ 0.114692235 giây
Kết quả khớp đáp án!
bvquoc‣GAME‣Test29: 3.00
Thời gian ≈ 0.178195273 giây
Kết quả khớp đáp án!
bvquoc‣GAME‣Test30: 3.00
Thời gian ≈ 0.071066036 giây
Kết quả khớp đáp án!
