lxnam‣CANDY: 5.00
CANDY.cpp
Dịch thành công

lxnam‣CANDY‣Test01: 5.00
Thời gian ≈ 0.033467298 giây
Kết quả khớp đáp án!
lxnam‣CANDY‣Test02: 0.00
Thời gian ≈ 0.058379789 giây
Kết quả KHÁC đáp án!
lxnam‣CANDY‣Test03: 0.00
Thời gian ≈ 0.045198354 giây
Kết quả KHÁC đáp án!
lxnam‣CANDY‣Test04: 0.00
Thời gian ≈ 0.034319159 giây
Kết quả KHÁC đáp án!
lxnam‣CANDY‣Test05: 0.00
Thời gian ≈ 0.058048119 giây
Kết quả KHÁC đáp án!
lxnam‣CANDY‣Test06: 0.00
Thời gian ≈ 0.034234891 giây
Kết quả KHÁC đáp án!
lxnam‣CANDY‣Test07: 0.00
Thời gian ≈ 0.041086515 giây
Kết quả KHÁC đáp án!
lxnam‣CANDY‣Test08: 0.00
Thời gian ≈ 0.035118083 giây
Kết quả KHÁC đáp án!
lxnam‣CANDY‣Test09: 0.00
Thời gian ≈ 0.063755105 giây
Kết quả KHÁC đáp án!
lxnam‣CANDY‣Test10: 0.00
Thời gian ≈ 0.043476805 giây
Kết quả KHÁC đáp án!
lxnam‣CANDY‣Test11: 0.00
Chạy sinh lỗi
Command: "C:\ProgramData\ThemisWorkSpace\ContestRoom\CANDY.exe" terminated with exit code: 3221225477 (Hexadecimal: C0000005)
lxnam‣CANDY‣Test12: 0.00
Chạy sinh lỗi
Command: "C:\ProgramData\ThemisWorkSpace\ContestRoom\CANDY.exe" terminated with exit code: 3221225477 (Hexadecimal: C0000005)
lxnam‣CANDY‣Test13: 0.00
Chạy sinh lỗi
Command: "C:\ProgramData\ThemisWorkSpace\ContestRoom\CANDY.exe" terminated with exit code: 3221225477 (Hexadecimal: C0000005)
lxnam‣CANDY‣Test14: 0.00
Chạy sinh lỗi
Command: "C:\ProgramData\ThemisWorkSpace\ContestRoom\CANDY.exe" terminated with exit code: 3221225477 (Hexadecimal: C0000005)
lxnam‣CANDY‣Test15: 0.00
Chạy sinh lỗi
Command: "C:\ProgramData\ThemisWorkSpace\ContestRoom\CANDY.exe" terminated with exit code: 3221225477 (Hexadecimal: C0000005)
lxnam‣CANDY‣Test16: 0.00
Chạy sinh lỗi
Command: "C:\ProgramData\ThemisWorkSpace\ContestRoom\CANDY.exe" terminated with exit code: 3221225477 (Hexadecimal: C0000005)
lxnam‣CANDY‣Test17: 0.00
Chạy sinh lỗi
Command: "C:\ProgramData\ThemisWorkSpace\ContestRoom\CANDY.exe" terminated with exit code: 3221225477 (Hexadecimal: C0000005)
lxnam‣CANDY‣Test18: 0.00
Chạy sinh lỗi
Command: "C:\ProgramData\ThemisWorkSpace\ContestRoom\CANDY.exe" terminated with exit code: 3221225477 (Hexadecimal: C0000005)
lxnam‣CANDY‣Test19: 0.00
Chạy sinh lỗi
Command: "C:\ProgramData\ThemisWorkSpace\ContestRoom\CANDY.exe" terminated with exit code: 3221225477 (Hexadecimal: C0000005)
lxnam‣CANDY‣Test20: 0.00
Chạy quá thời gian
