lxnam‣SEQPAIRS: 72.00
SEQPAIRS.cpp
Dịch thành công

lxnam‣SEQPAIRS‣$SEQPAIRS01: 4.00
Thời gian ≈ 0.033824896 giây
Kết quả khớp đáp án!
lxnam‣SEQPAIRS‣$SEQPAIRS02: 4.00
Thời gian ≈ 0.047835505 giây
Kết quả khớp đáp án!
lxnam‣SEQPAIRS‣$SEQPAIRS03: 4.00
Thời gian ≈ 0.031686869 giây
Kết quả khớp đáp án!
lxnam‣SEQPAIRS‣$SEQPAIRS04: 4.00
Thời gian ≈ 0.038123636 giây
Kết quả khớp đáp án!
lxnam‣SEQPAIRS‣$SEQPAIRS05: 4.00
Thời gian ≈ 0.032064454 giây
Kết quả khớp đáp án!
lxnam‣SEQPAIRS‣$SEQPAIRS06: 4.00
Thời gian ≈ 0.148538817 giây
Kết quả khớp đáp án!
lxnam‣SEQPAIRS‣$SEQPAIRS07: 4.00
Thời gian ≈ 0.037218297 giây
Kết quả khớp đáp án!
lxnam‣SEQPAIRS‣$SEQPAIRS08: 4.00
Thời gian ≈ 0.037323632 giây
Kết quả khớp đáp án!
lxnam‣SEQPAIRS‣$SEQPAIRS09: 4.00
Thời gian ≈ 0.039899743 giây
Kết quả khớp đáp án!
lxnam‣SEQPAIRS‣$SEQPAIRS10: 4.00
Thời gian ≈ 0.041206435 giây
Kết quả khớp đáp án!
lxnam‣SEQPAIRS‣$SEQPAIRS11: 0.00
Chạy quá thời gian
lxnam‣SEQPAIRS‣$SEQPAIRS12: 0.00
Thời gian ≈ 1.111484735 giây
Kết quả KHÁC đáp án!
lxnam‣SEQPAIRS‣$SEQPAIRS13: 0.00
Thời gian ≈ 1.137298243 giây
Kết quả KHÁC đáp án!
lxnam‣SEQPAIRS‣$SEQPAIRS14: 0.00
Chạy quá thời gian
lxnam‣SEQPAIRS‣$SEQPAIRS15: 0.00
Thời gian ≈ 0.655224606 giây
Kết quả KHÁC đáp án!
lxnam‣SEQPAIRS‣$SEQPAIRS16: 0.00
Chạy quá thời gian
lxnam‣SEQPAIRS‣$SEQPAIRS17: 4.00
Thời gian ≈ 0.520662367 giây
Kết quả khớp đáp án!
lxnam‣SEQPAIRS‣$SEQPAIRS18: 4.00
Thời gian ≈ 0.138300815 giây
Kết quả khớp đáp án!
lxnam‣SEQPAIRS‣$SEQPAIRS19: 4.00
Thời gian ≈ 0.127345995 giây
Kết quả khớp đáp án!
lxnam‣SEQPAIRS‣$SEQPAIRS20: 4.00
Thời gian ≈ 0.115550118 giây
Kết quả khớp đáp án!
lxnam‣SEQPAIRS‣$SEQPAIRS21: 4.00
Thời gian ≈ 0.167659515 giây
Kết quả khớp đáp án!
lxnam‣SEQPAIRS‣$SEQPAIRS22: 4.00
Thời gian ≈ 0.173728420 giây
Kết quả khớp đáp án!
lxnam‣SEQPAIRS‣$SEQPAIRS23: 4.00
Thời gian ≈ 0.048401072 giây
Kết quả khớp đáp án!
lxnam‣SEQPAIRS‣$SEQPAIRS24: 0.00
Chạy quá thời gian
lxnam‣SEQPAIRS‣$SEQPAIRS25: 4.00
Thời gian ≈ 0.524070893 giây
Kết quả khớp đáp án!
