lxnam‣TALENT: 50.00
TALENT.cpp
Dịch thành công

lxnam‣TALENT‣test001: 10.00
Thời gian ≈ 0.035998574 giây
Kết quả khớp đáp án!
lxnam‣TALENT‣test002: 10.00
Thời gian ≈ 0.033990731 giây
Kết quả khớp đáp án!
lxnam‣TALENT‣test003: 10.00
Thời gian ≈ 0.035387632 giây
Kết quả khớp đáp án!
lxnam‣TALENT‣test004: 10.00
Thời gian ≈ 0.037736328 giây
Kết quả khớp đáp án!
lxnam‣TALENT‣test005: 10.00
Thời gian ≈ 0.050243620 giây
Kết quả khớp đáp án!
lxnam‣TALENT‣test006: 0.00
Chạy quá thời gian
lxnam‣TALENT‣test007: 0.00
Chạy quá thời gian
lxnam‣TALENT‣test008: 0.00
Chạy quá thời gian
lxnam‣TALENT‣test009: 0.00
Chạy quá thời gian
lxnam‣TALENT‣test010: 0.00
Chạy quá thời gian
