lxnam‣DMT: 0.00
DMT.cpp
Dịch thành công

lxnam‣DMT‣test01: 0.00
Thời gian ≈ 0.037106480 giây
Không thấy file kết quả
lxnam‣DMT‣test02: 0.00
Thời gian ≈ 0.031872151 giây
Không thấy file kết quả
lxnam‣DMT‣test03: 0.00
Thời gian ≈ 0.031601521 giây
Không thấy file kết quả
lxnam‣DMT‣test04: 0.00
Thời gian ≈ 0.033025972 giây
Không thấy file kết quả
lxnam‣DMT‣test05: 0.00
Thời gian ≈ 0.032050950 giây
Không thấy file kết quả
lxnam‣DMT‣test06: 0.00
Thời gian ≈ 0.032231909 giây
Không thấy file kết quả
lxnam‣DMT‣test07: 0.00
Thời gian ≈ 0.033296061 giây
Không thấy file kết quả
lxnam‣DMT‣test08: 0.00
Thời gian ≈ 0.031944534 giây
Không thấy file kết quả
lxnam‣DMT‣test09: 0.00
Thời gian ≈ 0.031724682 giây
Không thấy file kết quả
lxnam‣DMT‣test10: 0.00
Thời gian ≈ 0.031837039 giây
Không thấy file kết quả
lxnam‣DMT‣test11: 0.00
Thời gian ≈ 0.031943454 giây
Không thấy file kết quả
lxnam‣DMT‣test12: 0.00
Thời gian ≈ 0.032078499 giây
Không thấy file kết quả
lxnam‣DMT‣test13: 0.00
Thời gian ≈ 0.033176682 giây
Không thấy file kết quả
lxnam‣DMT‣test14: 0.00
Thời gian ≈ 0.032292950 giây
Không thấy file kết quả
lxnam‣DMT‣test15: 0.00
Thời gian ≈ 0.032617057 giây
Không thấy file kết quả
lxnam‣DMT‣test16: 0.00
Thời gian ≈ 0.032679717 giây
Không thấy file kết quả
lxnam‣DMT‣test17: 0.00
Thời gian ≈ 0.039703658 giây
Không thấy file kết quả
lxnam‣DMT‣test18: 0.00
Thời gian ≈ 0.032304834 giây
Không thấy file kết quả
lxnam‣DMT‣test19: 0.00
Thời gian ≈ 0.031532378 giây
Không thấy file kết quả
lxnam‣DMT‣test20: 0.00
Thời gian ≈ 0.034345088 giây
Không thấy file kết quả
