lxnam‣BUILDING: 10.00
BUILDING.cpp
Dịch thành công

lxnam‣BUILDING‣Test01: 5.00
Thời gian ≈ 0.039024114 giây
Kết quả khớp đáp án!
lxnam‣BUILDING‣Test02: 0.00
Thời gian ≈ 0.067053975 giây
Kết quả KHÁC đáp án!
lxnam‣BUILDING‣Test03: 0.00
Chạy quá thời gian
lxnam‣BUILDING‣Test04: 0.00
Chạy quá thời gian
lxnam‣BUILDING‣Test05: 0.00
Chạy quá thời gian
lxnam‣BUILDING‣Test06: 0.00
Chạy quá thời gian
lxnam‣BUILDING‣Test07: 5.00
Thời gian ≈ 0.032126034 giây
Kết quả khớp đáp án!
lxnam‣BUILDING‣Test08: 0.00
Chạy quá thời gian
lxnam‣BUILDING‣Test09: 0.00
Chạy quá thời gian
lxnam‣BUILDING‣Test10: 0.00
Chạy quá thời gian
lxnam‣BUILDING‣Test11: 0.00
Chạy quá thời gian
lxnam‣BUILDING‣Test12: 0.00
Chạy quá thời gian
lxnam‣BUILDING‣Test13: 0.00
Thời gian ≈ 0.214110542 giây
Kết quả KHÁC đáp án!
lxnam‣BUILDING‣Test14: 0.00
Chạy quá thời gian
lxnam‣BUILDING‣Test15: 0.00
Thời gian ≈ 0.834802619 giây
Kết quả KHÁC đáp án!
lxnam‣BUILDING‣Test16: 0.00
Thời gian ≈ 0.470778505 giây
Kết quả KHÁC đáp án!
lxnam‣BUILDING‣Test17: 0.00
Chạy quá thời gian
lxnam‣BUILDING‣Test18: 0.00
Thời gian ≈ 0.718440073 giây
Kết quả KHÁC đáp án!
lxnam‣BUILDING‣Test19: 0.00
Thời gian ≈ 0.436101208 giây
Kết quả KHÁC đáp án!
lxnam‣BUILDING‣Test20: 0.00
Chạy quá thời gian
