lxnam‣PAINT: 100.00
PAINT.cpp
Dịch thành công

lxnam‣PAINT‣$PAINT01: 5.00
Thời gian ≈ 0.036183855 giây
Kết quả khớp đáp án!
lxnam‣PAINT‣$PAINT02: 5.00
Thời gian ≈ 0.033374927 giây
Kết quả khớp đáp án!
lxnam‣PAINT‣$PAINT03: 5.00
Thời gian ≈ 0.041311769 giây
Kết quả khớp đáp án!
lxnam‣PAINT‣$PAINT04: 5.00
Thời gian ≈ 0.284135498 giây
Kết quả khớp đáp án!
lxnam‣PAINT‣$PAINT05: 5.00
Thời gian ≈ 0.425023228 giây
Kết quả khớp đáp án!
lxnam‣PAINT‣$PAINT06: 5.00
Thời gian ≈ 0.659615717 giây
Kết quả khớp đáp án!
lxnam‣PAINT‣$PAINT07: 5.00
Thời gian ≈ 0.949324777 giây
Kết quả khớp đáp án!
lxnam‣PAINT‣$PAINT08: 5.00
Thời gian ≈ 1.088429917 giây
Kết quả khớp đáp án!
lxnam‣PAINT‣$PAINT09: 5.00
Thời gian ≈ 0.801202977 giây
Kết quả khớp đáp án!
lxnam‣PAINT‣$PAINT10: 5.00
Thời gian ≈ 1.110919168 giây
Kết quả khớp đáp án!
lxnam‣PAINT‣$PAINT11: 5.00
Thời gian ≈ 0.660214235 giây
Kết quả khớp đáp án!
lxnam‣PAINT‣$PAINT12: 5.00
Thời gian ≈ 0.227380567 giây
Kết quả khớp đáp án!
lxnam‣PAINT‣$PAINT13: 5.00
Thời gian ≈ 0.058532119 giây
Kết quả khớp đáp án!
lxnam‣PAINT‣$PAINT14: 5.00
Thời gian ≈ 0.382675396 giây
Kết quả khớp đáp án!
lxnam‣PAINT‣$PAINT15: 5.00
Thời gian ≈ 0.143643720 giây
Kết quả khớp đáp án!
lxnam‣PAINT‣$PAINT16: 5.00
Thời gian ≈ 0.090888269 giây
Kết quả khớp đáp án!
lxnam‣PAINT‣$PAINT17: 5.00
Thời gian ≈ 0.253523044 giây
Kết quả khớp đáp án!
lxnam‣PAINT‣$PAINT18: 5.00
Thời gian ≈ 0.118233724 giây
Kết quả khớp đáp án!
lxnam‣PAINT‣$PAINT19: 5.00
Thời gian ≈ 0.072944621 giây
Kết quả khớp đáp án!
lxnam‣PAINT‣$PAINT20: 5.00
Thời gian ≈ 0.440065037 giây
Kết quả khớp đáp án!
