ntanh‣PAINT: 100.00
PAINT.cpp
Dịch thành công

ntanh‣PAINT‣$PAINT01: 5.00
Thời gian ≈ 0.038952810 giây
Kết quả khớp đáp án!
ntanh‣PAINT‣$PAINT02: 5.00
Thời gian ≈ 0.035021391 giây
Kết quả khớp đáp án!
ntanh‣PAINT‣$PAINT03: 5.00
Thời gian ≈ 0.041468421 giây
Kết quả khớp đáp án!
ntanh‣PAINT‣$PAINT04: 5.00
Thời gian ≈ 0.276466044 giây
Kết quả khớp đáp án!
ntanh‣PAINT‣$PAINT05: 5.00
Thời gian ≈ 0.396368920 giây
Kết quả khớp đáp án!
ntanh‣PAINT‣$PAINT06: 5.00
Thời gian ≈ 0.728615955 giây
Kết quả khớp đáp án!
ntanh‣PAINT‣$PAINT07: 5.00
Thời gian ≈ 0.894405912 giây
Kết quả khớp đáp án!
ntanh‣PAINT‣$PAINT08: 5.00
Thời gian ≈ 0.779026490 giây
Kết quả khớp đáp án!
ntanh‣PAINT‣$PAINT09: 5.00
Thời gian ≈ 0.914896502 giây
Kết quả khớp đáp án!
ntanh‣PAINT‣$PAINT10: 5.00
Thời gian ≈ 1.011223288 giây
Kết quả khớp đáp án!
ntanh‣PAINT‣$PAINT11: 5.00
Thời gian ≈ 0.555709686 giây
Kết quả khớp đáp án!
ntanh‣PAINT‣$PAINT12: 5.00
Thời gian ≈ 0.175384607 giây
Kết quả khớp đáp án!
ntanh‣PAINT‣$PAINT13: 5.00
Thời gian ≈ 0.057647307 giây
Kết quả khớp đáp án!
ntanh‣PAINT‣$PAINT14: 5.00
Thời gian ≈ 0.366020073 giây
Kết quả khớp đáp án!
ntanh‣PAINT‣$PAINT15: 5.00
Thời gian ≈ 0.135694453 giây
Kết quả khớp đáp án!
ntanh‣PAINT‣$PAINT16: 5.00
Thời gian ≈ 0.088090685 giây
Kết quả khớp đáp án!
ntanh‣PAINT‣$PAINT17: 5.00
Thời gian ≈ 0.255552495 giây
Kết quả khớp đáp án!
ntanh‣PAINT‣$PAINT18: 5.00
Thời gian ≈ 0.127274151 giây
Kết quả khớp đáp án!
ntanh‣PAINT‣$PAINT19: 5.00
Thời gian ≈ 0.077670102 giây
Kết quả khớp đáp án!
ntanh‣PAINT‣$PAINT20: 5.00
Thời gian ≈ 0.452108857 giây
Kết quả khớp đáp án!
