ntanh‣CANDY: 100.00
CANDY.cpp
Dịch thành công

ntanh‣CANDY‣Test01: 5.00
Thời gian ≈ 0.032209396 giây
Kết quả khớp đáp án!
ntanh‣CANDY‣Test02: 5.00
Thời gian ≈ 0.031629241 giây
Kết quả khớp đáp án!
ntanh‣CANDY‣Test03: 5.00
Thời gian ≈ 0.033620890 giây
Kết quả khớp đáp án!
ntanh‣CANDY‣Test04: 5.00
Thời gian ≈ 0.033756475 giây
Kết quả khớp đáp án!
ntanh‣CANDY‣Test05: 5.00
Thời gian ≈ 0.033293540 giây
Kết quả khớp đáp án!
ntanh‣CANDY‣Test06: 5.00
Thời gian ≈ 0.032319053 giây
Kết quả khớp đáp án!
ntanh‣CANDY‣Test07: 5.00
Thời gian ≈ 0.032894886 giây
Kết quả khớp đáp án!
ntanh‣CANDY‣Test08: 5.00
Thời gian ≈ 0.035582289 giây
Kết quả khớp đáp án!
ntanh‣CANDY‣Test09: 5.00
Thời gian ≈ 0.038473880 giây
Kết quả khớp đáp án!
ntanh‣CANDY‣Test10: 5.00
Thời gian ≈ 0.039746547 giây
Kết quả khớp đáp án!
ntanh‣CANDY‣Test11: 5.00
Thời gian ≈ 0.737296284 giây
Kết quả khớp đáp án!
ntanh‣CANDY‣Test12: 5.00
Thời gian ≈ 0.637260092 giây
Kết quả khớp đáp án!
ntanh‣CANDY‣Test13: 5.00
Thời gian ≈ 0.184440075 giây
Kết quả khớp đáp án!
ntanh‣CANDY‣Test14: 5.00
Thời gian ≈ 0.591280392 giây
Kết quả khớp đáp án!
ntanh‣CANDY‣Test15: 5.00
Thời gian ≈ 0.903443116 giây
Kết quả khớp đáp án!
ntanh‣CANDY‣Test16: 5.00
Thời gian ≈ 0.215729002 giây
Kết quả khớp đáp án!
ntanh‣CANDY‣Test17: 5.00
Thời gian ≈ 0.851817980 giây
Kết quả khớp đáp án!
ntanh‣CANDY‣Test18: 5.00
Thời gian ≈ 0.483910157 giây
Kết quả khớp đáp án!
ntanh‣CANDY‣Test19: 5.00
Thời gian ≈ 0.324411337 giây
Kết quả khớp đáp án!
ntanh‣CANDY‣Test20: 5.00
Thời gian ≈ 0.802246074 giây
Kết quả khớp đáp án!
