nxbac‣BUILDING: 10.00
BUILDING.cpp
Dịch thành công

nxbac‣BUILDING‣Test01: 5.00
Thời gian ≈ 0.022259255 giây
Kết quả khớp đáp án!
nxbac‣BUILDING‣Test02: 0.00
Thời gian ≈ 0.022105843 giây
Kết quả KHÁC đáp án!
nxbac‣BUILDING‣Test03: 0.00
Thời gian ≈ 0.132508116 giây
Kết quả KHÁC đáp án!
nxbac‣BUILDING‣Test04: 0.00
Thời gian ≈ 0.188722093 giây
Kết quả KHÁC đáp án!
nxbac‣BUILDING‣Test05: 0.00
Thời gian ≈ 0.343679067 giây
Kết quả KHÁC đáp án!
nxbac‣BUILDING‣Test06: 0.00
Thời gian ≈ 0.395767139 giây
Kết quả KHÁC đáp án!
nxbac‣BUILDING‣Test07: 5.00
Thời gian ≈ 0.016358313 giây
Kết quả khớp đáp án!
nxbac‣BUILDING‣Test08: 0.00
Thời gian ≈ 0.427085775 giây
Kết quả KHÁC đáp án!
nxbac‣BUILDING‣Test09: 0.00
Thời gian ≈ 0.345605354 giây
Kết quả KHÁC đáp án!
nxbac‣BUILDING‣Test10: 0.00
Thời gian ≈ 0.387456448 giây
Kết quả KHÁC đáp án!
nxbac‣BUILDING‣Test11: 0.00
Thời gian ≈ 0.199201072 giây
Kết quả KHÁC đáp án!
nxbac‣BUILDING‣Test12: 0.00
Thời gian ≈ 0.068730520 giây
Kết quả KHÁC đáp án!
nxbac‣BUILDING‣Test13: 0.00
Thời gian ≈ 0.026255517 giây
Kết quả KHÁC đáp án!
nxbac‣BUILDING‣Test14: 0.00
Thời gian ≈ 0.139301978 giây
Kết quả KHÁC đáp án!
nxbac‣BUILDING‣Test15: 0.00
Thời gian ≈ 0.053979246 giây
Kết quả KHÁC đáp án!
nxbac‣BUILDING‣Test16: 0.00
Thời gian ≈ 0.034865468 giây
Kết quả KHÁC đáp án!
nxbac‣BUILDING‣Test17: 0.00
Thời gian ≈ 0.094930398 giây
Kết quả KHÁC đáp án!
nxbac‣BUILDING‣Test18: 0.00
Thời gian ≈ 0.051623515 giây
Kết quả KHÁC đáp án!
nxbac‣BUILDING‣Test19: 0.00
Thời gian ≈ 0.035299233 giây
Kết quả KHÁC đáp án!
nxbac‣BUILDING‣Test20: 0.00
Thời gian ≈ 0.154496740 giây
Kết quả KHÁC đáp án!
