nxbac‣seqpairs: 84.00
seqpairs.cpp
Dịch thành công

nxbac‣seqpairs‣$SEQPAIRS01: 4.00
Thời gian ≈ 0.059195138 giây
Kết quả khớp đáp án!
nxbac‣seqpairs‣$SEQPAIRS02: 4.00
Thời gian ≈ 0.034545847 giây
Kết quả khớp đáp án!
nxbac‣seqpairs‣$SEQPAIRS03: 4.00
Thời gian ≈ 0.034028899 giây
Kết quả khớp đáp án!
nxbac‣seqpairs‣$SEQPAIRS04: 4.00
Thời gian ≈ 0.034944497 giây
Kết quả khớp đáp án!
nxbac‣seqpairs‣$SEQPAIRS05: 4.00
Thời gian ≈ 0.034405942 giây
Kết quả khớp đáp án!
nxbac‣seqpairs‣$SEQPAIRS06: 4.00
Thời gian ≈ 0.038460500 giây
Kết quả khớp đáp án!
nxbac‣seqpairs‣$SEQPAIRS07: 4.00
Thời gian ≈ 0.096596894 giây
Kết quả khớp đáp án!
nxbac‣seqpairs‣$SEQPAIRS08: 4.00
Thời gian ≈ 0.035953545 giây
Kết quả khớp đáp án!
nxbac‣seqpairs‣$SEQPAIRS09: 4.00
Thời gian ≈ 0.052414315 giây
Kết quả khớp đáp án!
nxbac‣seqpairs‣$SEQPAIRS10: 4.00
Thời gian ≈ 0.038287103 giây
Kết quả khớp đáp án!
nxbac‣seqpairs‣$SEQPAIRS11: 0.00
Chạy quá thời gian
nxbac‣seqpairs‣$SEQPAIRS12: 4.00
Thời gian ≈ 0.874623093 giây
Kết quả khớp đáp án!
nxbac‣seqpairs‣$SEQPAIRS13: 4.00
Thời gian ≈ 0.988595273 giây
Kết quả khớp đáp án!
nxbac‣seqpairs‣$SEQPAIRS14: 0.00
Chạy quá thời gian
nxbac‣seqpairs‣$SEQPAIRS15: 4.00
Thời gian ≈ 0.559026063 giây
Kết quả khớp đáp án!
nxbac‣seqpairs‣$SEQPAIRS16: 4.00
Thời gian ≈ 0.704449426 giây
Kết quả khớp đáp án!
nxbac‣seqpairs‣$SEQPAIRS17: 4.00
Thời gian ≈ 0.082470223 giây
Kết quả khớp đáp án!
nxbac‣seqpairs‣$SEQPAIRS18: 4.00
Thời gian ≈ 0.092155030 giây
Kết quả khớp đáp án!
nxbac‣seqpairs‣$SEQPAIRS19: 4.00
Thời gian ≈ 0.138472384 giây
Kết quả khớp đáp án!
nxbac‣seqpairs‣$SEQPAIRS20: 4.00
Thời gian ≈ 0.135842809 giây
Kết quả khớp đáp án!
nxbac‣seqpairs‣$SEQPAIRS21: 4.00
Thời gian ≈ 0.150281702 giây
Kết quả khớp đáp án!
nxbac‣seqpairs‣$SEQPAIRS22: 4.00
Thời gian ≈ 0.210348143 giây
Kết quả khớp đáp án!
nxbac‣seqpairs‣$SEQPAIRS23: 0.00
Thời gian ≈ 0.056894531 giây
Kết quả KHÁC đáp án!
nxbac‣seqpairs‣$SEQPAIRS24: 0.00
Chạy quá thời gian
nxbac‣seqpairs‣$SEQPAIRS25: 4.00
Thời gian ≈ 0.151838488 giây
Kết quả khớp đáp án!
