nxbac‣paint: 100.00
paint.cpp
Dịch thành công

nxbac‣paint‣$PAINT01: 5.00
Thời gian ≈ 0.032657570 giây
Kết quả khớp đáp án!
nxbac‣paint‣$PAINT02: 5.00
Thời gian ≈ 0.035382230 giây
Kết quả khớp đáp án!
nxbac‣paint‣$PAINT03: 5.00
Thời gian ≈ 0.040608457 giây
Kết quả khớp đáp án!
nxbac‣paint‣$PAINT04: 5.00
Thời gian ≈ 0.248609040 giây
Kết quả khớp đáp án!
nxbac‣paint‣$PAINT05: 5.00
Thời gian ≈ 0.357497137 giây
Kết quả khớp đáp án!
nxbac‣paint‣$PAINT06: 5.00
Thời gian ≈ 0.667341890 giây
Kết quả khớp đáp án!
nxbac‣paint‣$PAINT07: 5.00
Thời gian ≈ 0.751267259 giây
Kết quả khớp đáp án!
nxbac‣paint‣$PAINT08: 5.00
Thời gian ≈ 0.909076619 giây
Kết quả khớp đáp án!
nxbac‣paint‣$PAINT09: 5.00
Thời gian ≈ 0.780867959 giây
Kết quả khớp đáp án!
nxbac‣paint‣$PAINT10: 5.00
Thời gian ≈ 0.891094077 giây
Kết quả khớp đáp án!
nxbac‣paint‣$PAINT11: 5.00
Thời gian ≈ 0.481193686 giây
Kết quả khớp đáp án!
nxbac‣paint‣$PAINT12: 5.00
Thời gian ≈ 0.172323416 giây
Kết quả khớp đáp án!
nxbac‣paint‣$PAINT13: 5.00
Thời gian ≈ 0.056747369 giây
Kết quả khớp đáp án!
nxbac‣paint‣$PAINT14: 5.00
Thời gian ≈ 0.333094034 giây
Kết quả khớp đáp án!
nxbac‣paint‣$PAINT15: 5.00
Thời gian ≈ 0.140782935 giây
Kết quả khớp đáp án!
nxbac‣paint‣$PAINT16: 5.00
Thời gian ≈ 0.084130637 giây
Kết quả khớp đáp án!
nxbac‣paint‣$PAINT17: 5.00
Thời gian ≈ 0.233737927 giây
Kết quả khớp đáp án!
nxbac‣paint‣$PAINT18: 5.00
Thời gian ≈ 0.120450617 giây
Kết quả khớp đáp án!
nxbac‣paint‣$PAINT19: 5.00
Thời gian ≈ 0.072340701 giây
Kết quả khớp đáp án!
nxbac‣paint‣$PAINT20: 5.00
Thời gian ≈ 0.380942503 giây
Kết quả khớp đáp án!
