nxbac‣candy: 100.00
candy.cpp
Dịch thành công

nxbac‣candy‣Test01: 5.00
Thời gian ≈ 0.032356325 giây
Kết quả khớp đáp án!
nxbac‣candy‣Test02: 5.00
Thời gian ≈ 0.032577800 giây
Kết quả khớp đáp án!
nxbac‣candy‣Test03: 5.00
Thời gian ≈ 0.033845605 giây
Kết quả khớp đáp án!
nxbac‣candy‣Test04: 5.00
Thời gian ≈ 0.032503255 giây
Kết quả khớp đáp án!
nxbac‣candy‣Test05: 5.00
Thời gian ≈ 0.032626956 giây
Kết quả khớp đáp án!
nxbac‣candy‣Test06: 5.00
Thời gian ≈ 0.032357406 giây
Kết quả khớp đáp án!
nxbac‣candy‣Test07: 5.00
Thời gian ≈ 0.034147567 giây
Kết quả khớp đáp án!
nxbac‣candy‣Test08: 5.00
Thời gian ≈ 0.036481691 giây
Kết quả khớp đáp án!
nxbac‣candy‣Test09: 5.00
Thời gian ≈ 0.037865635 giây
Kết quả khớp đáp án!
nxbac‣candy‣Test10: 5.00
Thời gian ≈ 0.041202876 giây
Kết quả khớp đáp án!
nxbac‣candy‣Test11: 5.00
Thời gian ≈ 0.628337376 giây
Kết quả khớp đáp án!
nxbac‣candy‣Test12: 5.00
Thời gian ≈ 0.577209747 giây
Kết quả khớp đáp án!
nxbac‣candy‣Test13: 5.00
Thời gian ≈ 0.161609849 giây
Kết quả khớp đáp án!
nxbac‣candy‣Test14: 5.00
Thời gian ≈ 0.482058415 giây
Kết quả khớp đáp án!
nxbac‣candy‣Test15: 5.00
Thời gian ≈ 0.604156156 giây
Kết quả khớp đáp án!
nxbac‣candy‣Test16: 5.00
Thời gian ≈ 0.182878411 giây
Kết quả khớp đáp án!
nxbac‣candy‣Test17: 5.00
Thời gian ≈ 0.658601038 giây
Kết quả khớp đáp án!
nxbac‣candy‣Test18: 5.00
Thời gian ≈ 0.318582240 giây
Kết quả khớp đáp án!
nxbac‣candy‣Test19: 5.00
Thời gian ≈ 0.271624812 giây
Kết quả khớp đáp án!
nxbac‣candy‣Test20: 5.00
Thời gian ≈ 0.624172037 giây
Kết quả khớp đáp án!
