tdchinh‣SEQPAIRS: 92.00
SEQPAIRS.cpp
Dịch thành công

tdchinh‣SEQPAIRS‣$SEQPAIRS01: 4.00
Thời gian ≈ 0.034059873 giây
Kết quả khớp đáp án!
tdchinh‣SEQPAIRS‣$SEQPAIRS02: 4.00
Thời gian ≈ 0.033484043 giây
Kết quả khớp đáp án!
tdchinh‣SEQPAIRS‣$SEQPAIRS03: 4.00
Thời gian ≈ 0.033144271 giây
Kết quả khớp đáp án!
tdchinh‣SEQPAIRS‣$SEQPAIRS04: 4.00
Thời gian ≈ 0.033631512 giây
Kết quả khớp đáp án!
tdchinh‣SEQPAIRS‣$SEQPAIRS05: 4.00
Thời gian ≈ 0.033540762 giây
Kết quả khớp đáp án!
tdchinh‣SEQPAIRS‣$SEQPAIRS06: 4.00
Thời gian ≈ 0.035576695 giây
Kết quả khớp đáp án!
tdchinh‣SEQPAIRS‣$SEQPAIRS07: 4.00
Thời gian ≈ 0.035858668 giây
Kết quả khớp đáp án!
tdchinh‣SEQPAIRS‣$SEQPAIRS08: 4.00
Thời gian ≈ 0.033787083 giây
Kết quả khớp đáp án!
tdchinh‣SEQPAIRS‣$SEQPAIRS09: 4.00
Thời gian ≈ 0.036475011 giây
Kết quả khớp đáp án!
tdchinh‣SEQPAIRS‣$SEQPAIRS10: 4.00
Thời gian ≈ 0.035437869 giây
Kết quả khớp đáp án!
tdchinh‣SEQPAIRS‣$SEQPAIRS11: 4.00
Thời gian ≈ 0.946449947 giây
Kết quả khớp đáp án!
tdchinh‣SEQPAIRS‣$SEQPAIRS12: 4.00
Thời gian ≈ 0.884049070 giây
Kết quả khớp đáp án!
tdchinh‣SEQPAIRS‣$SEQPAIRS13: 4.00
Thời gian ≈ 1.081080249 giây
Kết quả khớp đáp án!
tdchinh‣SEQPAIRS‣$SEQPAIRS14: 0.00
Chạy quá thời gian
tdchinh‣SEQPAIRS‣$SEQPAIRS15: 4.00
Thời gian ≈ 0.662567792 giây
Kết quả khớp đáp án!
tdchinh‣SEQPAIRS‣$SEQPAIRS16: 4.00
Thời gian ≈ 0.717654653 giây
Kết quả khớp đáp án!
tdchinh‣SEQPAIRS‣$SEQPAIRS17: 4.00
Thời gian ≈ 0.088083663 giây
Kết quả khớp đáp án!
tdchinh‣SEQPAIRS‣$SEQPAIRS18: 4.00
Thời gian ≈ 0.088775631 giây
Kết quả khớp đáp án!
tdchinh‣SEQPAIRS‣$SEQPAIRS19: 4.00
Thời gian ≈ 0.091707720 giây
Kết quả khớp đáp án!
tdchinh‣SEQPAIRS‣$SEQPAIRS20: 4.00
Thời gian ≈ 0.074110326 giây
Kết quả khớp đáp án!
tdchinh‣SEQPAIRS‣$SEQPAIRS21: 4.00
Thời gian ≈ 0.083845423 giây
Kết quả khớp đáp án!
tdchinh‣SEQPAIRS‣$SEQPAIRS22: 4.00
Thời gian ≈ 0.109669735 giây
Kết quả khớp đáp án!
tdchinh‣SEQPAIRS‣$SEQPAIRS23: 4.00
Thời gian ≈ 0.033950757 giây
Kết quả khớp đáp án!
tdchinh‣SEQPAIRS‣$SEQPAIRS24: 0.00
Chạy quá thời gian
tdchinh‣SEQPAIRS‣$SEQPAIRS25: 4.00
Thời gian ≈ 0.110838681 giây
Kết quả khớp đáp án!
