tdchinh‣BUILDING: 100.00
BUILDING.cpp
Dịch thành công

tdchinh‣BUILDING‣Test01: 5.00
Thời gian ≈ 0.027934790 giây
Kết quả khớp đáp án!
tdchinh‣BUILDING‣Test02: 5.00
Thời gian ≈ 0.037581837 giây
Kết quả khớp đáp án!
tdchinh‣BUILDING‣Test03: 5.00
Thời gian ≈ 0.450445647 giây
Kết quả khớp đáp án!
tdchinh‣BUILDING‣Test04: 5.00
Thời gian ≈ 0.392071801 giây
Kết quả khớp đáp án!
tdchinh‣BUILDING‣Test05: 5.00
Thời gian ≈ 0.501614053 giây
Kết quả khớp đáp án!
tdchinh‣BUILDING‣Test06: 5.00
Thời gian ≈ 0.783229619 giây
Kết quả khớp đáp án!
tdchinh‣BUILDING‣Test07: 5.00
Thời gian ≈ 0.031255807 giây
Kết quả khớp đáp án!
tdchinh‣BUILDING‣Test08: 5.00
Thời gian ≈ 0.777486982 giây
Kết quả khớp đáp án!
tdchinh‣BUILDING‣Test09: 5.00
Thời gian ≈ 0.870168644 giây
Kết quả khớp đáp án!
tdchinh‣BUILDING‣Test10: 5.00
Thời gian ≈ 0.906109419 giây
Kết quả khớp đáp án!
tdchinh‣BUILDING‣Test11: 5.00
Thời gian ≈ 0.478716968 giây
Kết quả khớp đáp án!
tdchinh‣BUILDING‣Test12: 5.00
Thời gian ≈ 0.158011927 giây
Kết quả khớp đáp án!
tdchinh‣BUILDING‣Test13: 5.00
Thời gian ≈ 0.054417580 giây
Kết quả khớp đáp án!
tdchinh‣BUILDING‣Test14: 5.00
Thời gian ≈ 0.425084268 giây
Kết quả khớp đáp án!
tdchinh‣BUILDING‣Test15: 5.00
Thời gian ≈ 0.144143925 giây
Kết quả khớp đáp án!
tdchinh‣BUILDING‣Test16: 5.00
Thời gian ≈ 0.093168363 giây
Kết quả khớp đáp án!
tdchinh‣BUILDING‣Test17: 5.00
Thời gian ≈ 0.290522569 giây
Kết quả khớp đáp án!
tdchinh‣BUILDING‣Test18: 5.00
Thời gian ≈ 0.118429809 giây
Kết quả khớp đáp án!
tdchinh‣BUILDING‣Test19: 5.00
Thời gian ≈ 0.072937058 giây
Kết quả khớp đáp án!
tdchinh‣BUILDING‣Test20: 5.00
Thời gian ≈ 0.374287505 giây
Kết quả khớp đáp án!
