tdchinh‣GAME: 66.00
GAME.cpp
Dịch thành công

tdchinh‣GAME‣Test01: 4.00
Thời gian ≈ 0.037858408 giây
Kết quả khớp đáp án!
tdchinh‣GAME‣Test02: 0.00
Thời gian ≈ 0.035196409 giây
Kết quả KHÁC đáp án!
tdchinh‣GAME‣Test03: 4.00
Thời gian ≈ 0.036085543 giây
Kết quả khớp đáp án!
tdchinh‣GAME‣Test04: 4.00
Thời gian ≈ 0.046776215 giây
Kết quả khớp đáp án!
tdchinh‣GAME‣Test05: 0.00
Thời gian ≈ 0.038829109 giây
Kết quả KHÁC đáp án!
tdchinh‣GAME‣Test06: 4.00
Thời gian ≈ 0.039430328 giây
Kết quả khớp đáp án!
tdchinh‣GAME‣Test07: 0.00
Thời gian ≈ 0.050669821 giây
Kết quả KHÁC đáp án!
tdchinh‣GAME‣Test08: 0.00
Thời gian ≈ 0.043106782 giây
Kết quả KHÁC đáp án!
tdchinh‣GAME‣Test09: 4.00
Thời gian ≈ 0.034951168 giây
Kết quả khớp đáp án!
tdchinh‣GAME‣Test10: 4.00
Thời gian ≈ 0.677279013 giây
Kết quả khớp đáp án!
tdchinh‣GAME‣Test11: 3.00
Thời gian ≈ 0.058794646 giây
Kết quả khớp đáp án!
tdchinh‣GAME‣Test12: 3.00
Thời gian ≈ 0.295916791 giây
Kết quả khớp đáp án!
tdchinh‣GAME‣Test13: 3.00
Thời gian ≈ 0.573799723 giây
Kết quả khớp đáp án!
tdchinh‣GAME‣Test14: 0.00
Thời gian ≈ 0.334211123 giây
Kết quả KHÁC đáp án!
tdchinh‣GAME‣Test15: 0.00
Thời gian ≈ 0.304785981 giây
Kết quả KHÁC đáp án!
tdchinh‣GAME‣Test16: 0.00
Thời gian ≈ 0.039792247 giây
Kết quả KHÁC đáp án!
tdchinh‣GAME‣Test17: 3.00
Thời gian ≈ 0.222056027 giây
Kết quả khớp đáp án!
tdchinh‣GAME‣Test18: 3.00
Thời gian ≈ 0.460135369 giây
Kết quả khớp đáp án!
tdchinh‣GAME‣Test19: 0.00
Thời gian ≈ 0.778236749 giây
Kết quả KHÁC đáp án!
tdchinh‣GAME‣Test20: 0.00
Thời gian ≈ 0.051174888 giây
Kết quả KHÁC đáp án!
tdchinh‣GAME‣Test21: 3.00
Thời gian ≈ 0.286608435 giây
Kết quả khớp đáp án!
tdchinh‣GAME‣Test22: 3.00
Thời gian ≈ 0.669336229 giây
Kết quả khớp đáp án!
tdchinh‣GAME‣Test23: 3.00
Thời gian ≈ 0.382168168 giây
Kết quả khớp đáp án!
tdchinh‣GAME‣Test24: 3.00
Thời gian ≈ 0.460597221 giây
Kết quả khớp đáp án!
tdchinh‣GAME‣Test25: 3.00
Thời gian ≈ 0.090783475 giây
Kết quả khớp đáp án!
tdchinh‣GAME‣Test26: 3.00
Thời gian ≈ 0.081777079 giây
Kết quả khớp đáp án!
tdchinh‣GAME‣Test27: 3.00
Thời gian ≈ 0.452863486 giây
Kết quả khớp đáp án!
tdchinh‣GAME‣Test28: 3.00
Thời gian ≈ 0.406952097 giây
Kết quả khớp đáp án!
tdchinh‣GAME‣Test29: 3.00
Thời gian ≈ 0.617582269 giây
Kết quả khớp đáp án!
tdchinh‣GAME‣Test30: 0.00
Thời gian ≈ 0.455003133 giây
Kết quả KHÁC đáp án!
