tdchinh‣CANDY: 100.00
CANDY.cpp
Dịch thành công

tdchinh‣CANDY‣Test01: 5.00
Thời gian ≈ 0.046561475 giây
Kết quả khớp đáp án!
tdchinh‣CANDY‣Test02: 5.00
Thời gian ≈ 0.032555112 giây
Kết quả khớp đáp án!
tdchinh‣CANDY‣Test03: 5.00
Thời gian ≈ 0.035872366 giây
Kết quả khớp đáp án!
tdchinh‣CANDY‣Test04: 5.00
Thời gian ≈ 0.032996440 giây
Kết quả khớp đáp án!
tdchinh‣CANDY‣Test05: 5.00
Thời gian ≈ 0.033914208 giây
Kết quả khớp đáp án!
tdchinh‣CANDY‣Test06: 5.00
Thời gian ≈ 0.035263041 giây
Kết quả khớp đáp án!
tdchinh‣CANDY‣Test07: 5.00
Thời gian ≈ 0.033628452 giây
Kết quả khớp đáp án!
tdchinh‣CANDY‣Test08: 5.00
Thời gian ≈ 0.035567163 giây
Kết quả khớp đáp án!
tdchinh‣CANDY‣Test09: 5.00
Thời gian ≈ 0.038264289 giây
Kết quả khớp đáp án!
tdchinh‣CANDY‣Test10: 5.00
Thời gian ≈ 0.039869708 giây
Kết quả khớp đáp án!
tdchinh‣CANDY‣Test11: 5.00
Thời gian ≈ 0.654527530 giây
Kết quả khớp đáp án!
tdchinh‣CANDY‣Test12: 5.00
Thời gian ≈ 0.594897987 giây
Kết quả khớp đáp án!
tdchinh‣CANDY‣Test13: 5.00
Thời gian ≈ 0.217875142 giây
Kết quả khớp đáp án!
tdchinh‣CANDY‣Test14: 5.00
Thời gian ≈ 0.641378975 giây
Kết quả khớp đáp án!
tdchinh‣CANDY‣Test15: 5.00
Thời gian ≈ 0.731756184 giây
Kết quả khớp đáp án!
tdchinh‣CANDY‣Test16: 5.00
Thời gian ≈ 0.199870897 giây
Kết quả khớp đáp án!
tdchinh‣CANDY‣Test17: 5.00
Thời gian ≈ 0.947666146 giây
Kết quả khớp đáp án!
tdchinh‣CANDY‣Test18: 5.00
Thời gian ≈ 0.394639240 giây
Kết quả khớp đáp án!
tdchinh‣CANDY‣Test19: 5.00
Thời gian ≈ 0.302598272 giây
Kết quả khớp đáp án!
tdchinh‣CANDY‣Test20: 5.00
Thời gian ≈ 0.781068263 giây
Kết quả khớp đáp án!
