tdchinh‣TALENT: 60.00
TALENT.cpp
Dịch thành công

tdchinh‣TALENT‣test001: 10.00
Thời gian ≈ 0.027302241 giây
Kết quả khớp đáp án!
tdchinh‣TALENT‣test002: 10.00
Thời gian ≈ 0.019831032 giây
Kết quả khớp đáp án!
tdchinh‣TALENT‣test003: 10.00
Thời gian ≈ 0.022082496 giây
Kết quả khớp đáp án!
tdchinh‣TALENT‣test004: 10.00
Thời gian ≈ 0.022383916 giây
Kết quả khớp đáp án!
tdchinh‣TALENT‣test005: 10.00
Thời gian ≈ 0.025297098 giây
Kết quả khớp đáp án!
tdchinh‣TALENT‣test006: 10.00
Thời gian ≈ 0.477824053 giây
Kết quả khớp đáp án!
tdchinh‣TALENT‣test007: 0.00
Chạy quá thời gian
tdchinh‣TALENT‣test008: 0.00
Chạy quá thời gian
tdchinh‣TALENT‣test009: 0.00
Chạy sinh lỗi
Command: "C:\ProgramData\ThemisWorkSpace\ContestRoom\TALENT.exe" terminated with exit code: 3221225477 (Hexadecimal: C0000005)
tdchinh‣TALENT‣test010: 0.00
Chạy sinh lỗi
Command: "C:\ProgramData\ThemisWorkSpace\ContestRoom\TALENT.exe" terminated with exit code: 3221225477 (Hexadecimal: C0000005)
