tdchinh‣PAINT: 100.00
PAINT.cpp
Dịch thành công

tdchinh‣PAINT‣$PAINT01: 5.00
Thời gian ≈ 0.028639337 giây
Kết quả khớp đáp án!
tdchinh‣PAINT‣$PAINT02: 5.00
Thời gian ≈ 0.027086856 giây
Kết quả khớp đáp án!
tdchinh‣PAINT‣$PAINT03: 5.00
Thời gian ≈ 0.045232629 giây
Kết quả khớp đáp án!
tdchinh‣PAINT‣$PAINT04: 5.00
Thời gian ≈ 0.471444391 giây
Kết quả khớp đáp án!
tdchinh‣PAINT‣$PAINT05: 5.00
Thời gian ≈ 0.630518088 giây
Kết quả khớp đáp án!
tdchinh‣PAINT‣$PAINT06: 5.00
Thời gian ≈ 1.018133349 giây
Kết quả khớp đáp án!
tdchinh‣PAINT‣$PAINT07: 5.00
Thời gian ≈ 1.171955943 giây
Kết quả khớp đáp án!
tdchinh‣PAINT‣$PAINT08: 5.00
Thời gian ≈ 1.146655467 giây
Kết quả khớp đáp án!
tdchinh‣PAINT‣$PAINT09: 5.00
Thời gian ≈ 0.969466247 giây
Kết quả khớp đáp án!
tdchinh‣PAINT‣$PAINT10: 5.00
Thời gian ≈ 1.007408588 giây
Kết quả khớp đáp án!
tdchinh‣PAINT‣$PAINT11: 5.00
Thời gian ≈ 0.527702663 giây
Kết quả khớp đáp án!
tdchinh‣PAINT‣$PAINT12: 5.00
Thời gian ≈ 0.190427446 giây
Kết quả khớp đáp án!
tdchinh‣PAINT‣$PAINT13: 5.00
Thời gian ≈ 0.043164275 giây
Kết quả khớp đáp án!
tdchinh‣PAINT‣$PAINT14: 5.00
Thời gian ≈ 0.432357946 giây
Kết quả khớp đáp án!
tdchinh‣PAINT‣$PAINT15: 5.00
Thời gian ≈ 0.143257186 giây
Kết quả khớp đáp án!
tdchinh‣PAINT‣$PAINT16: 5.00
Thời gian ≈ 0.082010879 giây
Kết quả khớp đáp án!
tdchinh‣PAINT‣$PAINT17: 5.00
Thời gian ≈ 0.276052678 giây
Kết quả khớp đáp án!
tdchinh‣PAINT‣$PAINT18: 5.00
Thời gian ≈ 0.127941963 giây
Kết quả khớp đáp án!
tdchinh‣PAINT‣$PAINT19: 5.00
Thời gian ≈ 0.058394689 giây
Kết quả khớp đáp án!
tdchinh‣PAINT‣$PAINT20: 5.00
Thời gian ≈ 0.408442495 giây
Kết quả khớp đáp án!
