tvhson‣SEQPAIRS: 100.00
SEQPAIRS.cpp
Dịch thành công

tvhson‣SEQPAIRS‣$SEQPAIRS01: 4.00
Thời gian ≈ 0.033381049 giây
Kết quả khớp đáp án!
tvhson‣SEQPAIRS‣$SEQPAIRS02: 4.00
Thời gian ≈ 0.033298942 giây
Kết quả khớp đáp án!
tvhson‣SEQPAIRS‣$SEQPAIRS03: 4.00
Thời gian ≈ 0.032456799 giây
Kết quả khớp đáp án!
tvhson‣SEQPAIRS‣$SEQPAIRS04: 4.00
Thời gian ≈ 0.033646278 giây
Kết quả khớp đáp án!
tvhson‣SEQPAIRS‣$SEQPAIRS05: 4.00
Thời gian ≈ 0.034304760 giây
Kết quả khớp đáp án!
tvhson‣SEQPAIRS‣$SEQPAIRS06: 4.00
Thời gian ≈ 0.036712888 giây
Kết quả khớp đáp án!
tvhson‣SEQPAIRS‣$SEQPAIRS07: 4.00
Thời gian ≈ 0.033153633 giây
Kết quả khớp đáp án!
tvhson‣SEQPAIRS‣$SEQPAIRS08: 4.00
Thời gian ≈ 0.032293664 giây
Kết quả khớp đáp án!
tvhson‣SEQPAIRS‣$SEQPAIRS09: 4.00
Thời gian ≈ 0.035231171 giây
Kết quả khớp đáp án!
tvhson‣SEQPAIRS‣$SEQPAIRS10: 4.00
Thời gian ≈ 0.034616444 giây
Kết quả khớp đáp án!
tvhson‣SEQPAIRS‣$SEQPAIRS11: 4.00
Thời gian ≈ 0.863747887 giây
Kết quả khớp đáp án!
tvhson‣SEQPAIRS‣$SEQPAIRS12: 4.00
Thời gian ≈ 0.766192748 giây
Kết quả khớp đáp án!
tvhson‣SEQPAIRS‣$SEQPAIRS13: 4.00
Thời gian ≈ 0.712803920 giây
Kết quả khớp đáp án!
tvhson‣SEQPAIRS‣$SEQPAIRS14: 4.00
Thời gian ≈ 0.916996267 giây
Kết quả khớp đáp án!
tvhson‣SEQPAIRS‣$SEQPAIRS15: 4.00
Thời gian ≈ 0.440729137 giây
Kết quả khớp đáp án!
tvhson‣SEQPAIRS‣$SEQPAIRS16: 4.00
Thời gian ≈ 0.522513140 giây
Kết quả khớp đáp án!
tvhson‣SEQPAIRS‣$SEQPAIRS17: 4.00
Thời gian ≈ 0.061502893 giây
Kết quả khớp đáp án!
tvhson‣SEQPAIRS‣$SEQPAIRS18: 4.00
Thời gian ≈ 0.053104693 giây
Kết quả khớp đáp án!
tvhson‣SEQPAIRS‣$SEQPAIRS19: 4.00
Thời gian ≈ 0.058475176 giây
Kết quả khớp đáp án!
tvhson‣SEQPAIRS‣$SEQPAIRS20: 4.00
Thời gian ≈ 0.055003430 giây
Kết quả khớp đáp án!
tvhson‣SEQPAIRS‣$SEQPAIRS21: 4.00
Thời gian ≈ 0.065984778 giây
Kết quả khớp đáp án!
tvhson‣SEQPAIRS‣$SEQPAIRS22: 4.00
Thời gian ≈ 0.086241580 giây
Kết quả khớp đáp án!
tvhson‣SEQPAIRS‣$SEQPAIRS23: 4.00
Thời gian ≈ 0.023844147 giây
Kết quả khớp đáp án!
tvhson‣SEQPAIRS‣$SEQPAIRS24: 4.00
Thời gian ≈ 1.005340233 giây
Kết quả khớp đáp án!
tvhson‣SEQPAIRS‣$SEQPAIRS25: 4.00
Thời gian ≈ 0.084716648 giây
Kết quả khớp đáp án!
