tvhson‣BONUS: 100.00
BONUS.cpp
Dịch thành công

tvhson‣BONUS‣$BONUS01: 5.00
Thời gian ≈ 0.034272704 giây
Kết quả khớp đáp án!
tvhson‣BONUS‣$BONUS02: 5.00
Thời gian ≈ 0.033224757 giây
Kết quả khớp đáp án!
tvhson‣BONUS‣$BONUS03: 5.00
Thời gian ≈ 0.033866489 giây
Kết quả khớp đáp án!
tvhson‣BONUS‣$BONUS04: 5.00
Thời gian ≈ 0.035830038 giây
Kết quả khớp đáp án!
tvhson‣BONUS‣$BONUS05: 5.00
Thời gian ≈ 0.034927400 giây
Kết quả khớp đáp án!
tvhson‣BONUS‣$BONUS06: 5.00
Thời gian ≈ 0.047931657 giây
Kết quả khớp đáp án!
tvhson‣BONUS‣$BONUS07: 5.00
Thời gian ≈ 0.042142024 giây
Kết quả khớp đáp án!
tvhson‣BONUS‣$BONUS08: 5.00
Thời gian ≈ 0.034601132 giây
Kết quả khớp đáp án!
tvhson‣BONUS‣$BONUS09: 5.00
Thời gian ≈ 0.093727988 giây
Kết quả khớp đáp án!
tvhson‣BONUS‣$BONUS10: 5.00
Thời gian ≈ 0.083735766 giây
Kết quả khớp đáp án!
tvhson‣BONUS‣$BONUS11: 5.00
Thời gian ≈ 0.053255656 giây
Kết quả khớp đáp án!
tvhson‣BONUS‣$BONUS12: 5.00
Thời gian ≈ 0.095985934 giây
Kết quả khớp đáp án!
tvhson‣BONUS‣$BONUS13: 5.00
Thời gian ≈ 0.091139452 giây
Kết quả khớp đáp án!
tvhson‣BONUS‣$BONUS14: 5.00
Thời gian ≈ 0.112914587 giây
Kết quả khớp đáp án!
tvhson‣BONUS‣$BONUS15: 5.00
Thời gian ≈ 0.080442298 giây
Kết quả khớp đáp án!
tvhson‣BONUS‣$BONUS16: 5.00
Thời gian ≈ 0.114617230 giây
Kết quả khớp đáp án!
tvhson‣BONUS‣$BONUS17: 5.00
Thời gian ≈ 0.084615717 giây
Kết quả khớp đáp án!
tvhson‣BONUS‣$BONUS18: 5.00
Thời gian ≈ 0.090476113 giây
Kết quả khớp đáp án!
tvhson‣BONUS‣$BONUS19: 5.00
Thời gian ≈ 0.091662885 giây
Kết quả khớp đáp án!
tvhson‣BONUS‣$BONUS20: 5.00
Thời gian ≈ 0.127639312 giây
Kết quả khớp đáp án!
