tvhson‣GAME: 100.00
GAME.cpp
Dịch thành công

tvhson‣GAME‣Test01: 4.00
Thời gian ≈ 0.032759841 giây
Kết quả khớp đáp án!
tvhson‣GAME‣Test02: 4.00
Thời gian ≈ 0.031804260 giây
Kết quả khớp đáp án!
tvhson‣GAME‣Test03: 4.00
Thời gian ≈ 0.032485969 giây
Kết quả khớp đáp án!
tvhson‣GAME‣Test04: 4.00
Thời gian ≈ 0.032867337 giây
Kết quả khớp đáp án!
tvhson‣GAME‣Test05: 4.00
Thời gian ≈ 0.032339580 giây
Kết quả khớp đáp án!
tvhson‣GAME‣Test06: 4.00
Thời gian ≈ 0.034140544 giây
Kết quả khớp đáp án!
tvhson‣GAME‣Test07: 4.00
Thời gian ≈ 0.032142954 giây
Kết quả khớp đáp án!
tvhson‣GAME‣Test08: 4.00
Thời gian ≈ 0.035365136 giây
Kết quả khớp đáp án!
tvhson‣GAME‣Test09: 4.00
Thời gian ≈ 0.033928793 giây
Kết quả khớp đáp án!
tvhson‣GAME‣Test10: 4.00
Thời gian ≈ 0.440503341 giây
Kết quả khớp đáp án!
tvhson‣GAME‣Test11: 3.00
Thời gian ≈ 0.053346154 giây
Kết quả khớp đáp án!
tvhson‣GAME‣Test12: 3.00
Thời gian ≈ 0.181053678 giây
Kết quả khớp đáp án!
tvhson‣GAME‣Test13: 3.00
Thời gian ≈ 0.334068160 giây
Kết quả khớp đáp án!
tvhson‣GAME‣Test14: 3.00
Thời gian ≈ 0.198275741 giây
Kết quả khớp đáp án!
tvhson‣GAME‣Test15: 3.00
Thời gian ≈ 0.182524592 giây
Kết quả khớp đáp án!
tvhson‣GAME‣Test16: 3.00
Thời gian ≈ 0.036144077 giây
Kết quả khớp đáp án!
tvhson‣GAME‣Test17: 3.00
Thời gian ≈ 0.106874348 giây
Kết quả khớp đáp án!
tvhson‣GAME‣Test18: 3.00
Thời gian ≈ 0.228546426 giây
Kết quả khớp đáp án!
tvhson‣GAME‣Test19: 3.00
Thời gian ≈ 0.344434241 giây
Kết quả khớp đáp án!
tvhson‣GAME‣Test20: 3.00
Thời gian ≈ 0.032421147 giây
Kết quả khớp đáp án!
tvhson‣GAME‣Test21: 3.00
Thời gian ≈ 0.114027430 giây
Kết quả khớp đáp án!
tvhson‣GAME‣Test22: 3.00
Thời gian ≈ 0.418780486 giây
Kết quả khớp đáp án!
tvhson‣GAME‣Test23: 3.00
Thời gian ≈ 0.276251465 giây
Kết quả khớp đáp án!
tvhson‣GAME‣Test24: 3.00
Thời gian ≈ 0.340715092 giây
Kết quả khớp đáp án!
tvhson‣GAME‣Test25: 3.00
Thời gian ≈ 0.066887421 giây
Kết quả khớp đáp án!
tvhson‣GAME‣Test26: 3.00
Thời gian ≈ 0.064231349 giây
Kết quả khớp đáp án!
tvhson‣GAME‣Test27: 3.00
Thời gian ≈ 0.271309346 giây
Kết quả khớp đáp án!
tvhson‣GAME‣Test28: 3.00
Thời gian ≈ 0.220573889 giây
Kết quả khớp đáp án!
tvhson‣GAME‣Test29: 3.00
Thời gian ≈ 0.410809570 giây
Kết quả khớp đáp án!
tvhson‣GAME‣Test30: 3.00
Thời gian ≈ 0.211632266 giây
Kết quả khớp đáp án!
