tvhson‣PAINT: 100.00
PAINT.cpp
Dịch thành công

tvhson‣PAINT‣$PAINT01: 5.00
Thời gian ≈ 0.032973574 giây
Kết quả khớp đáp án!
tvhson‣PAINT‣$PAINT02: 5.00
Thời gian ≈ 0.035048400 giây
Kết quả khớp đáp án!
tvhson‣PAINT‣$PAINT03: 5.00
Thời gian ≈ 0.038399667 giây
Kết quả khớp đáp án!
tvhson‣PAINT‣$PAINT04: 5.00
Thời gian ≈ 0.335603703 giây
Kết quả khớp đáp án!
tvhson‣PAINT‣$PAINT05: 5.00
Thời gian ≈ 0.456625829 giây
Kết quả khớp đáp án!
tvhson‣PAINT‣$PAINT06: 5.00
Thời gian ≈ 0.776724250 giây
Kết quả khớp đáp án!
tvhson‣PAINT‣$PAINT07: 5.00
Thời gian ≈ 0.803893606 giây
Kết quả khớp đáp án!
tvhson‣PAINT‣$PAINT08: 5.00
Thời gian ≈ 0.829495905 giây
Kết quả khớp đáp án!
tvhson‣PAINT‣$PAINT09: 5.00
Thời gian ≈ 1.052896977 giây
Kết quả khớp đáp án!
tvhson‣PAINT‣$PAINT10: 5.00
Thời gian ≈ 1.168044122 giây
Kết quả khớp đáp án!
tvhson‣PAINT‣$PAINT11: 5.00
Thời gian ≈ 0.477319526 giây
Kết quả khớp đáp án!
tvhson‣PAINT‣$PAINT12: 5.00
Thời gian ≈ 0.146717335 giây
Kết quả khớp đáp án!
tvhson‣PAINT‣$PAINT13: 5.00
Thời gian ≈ 0.047099242 giây
Kết quả khớp đáp án!
tvhson‣PAINT‣$PAINT14: 5.00
Thời gian ≈ 0.295584581 giây
Kết quả khớp đáp án!
tvhson‣PAINT‣$PAINT15: 5.00
Thời gian ≈ 0.124813638 giây
Kết quả khớp đáp án!
tvhson‣PAINT‣$PAINT16: 5.00
Thời gian ≈ 0.080344526 giây
Kết quả khớp đáp án!
tvhson‣PAINT‣$PAINT17: 5.00
Thời gian ≈ 0.175095612 giây
Kết quả khớp đáp án!
tvhson‣PAINT‣$PAINT18: 5.00
Thời gian ≈ 0.097217000 giây
Kết quả khớp đáp án!
tvhson‣PAINT‣$PAINT19: 5.00
Thời gian ≈ 0.054601780 giây
Kết quả khớp đáp án!
tvhson‣PAINT‣$PAINT20: 5.00
Thời gian ≈ 0.309753463 giây
Kết quả khớp đáp án!
