tvhson‣FLYCAR: 90.00
FLYCAR.cpp
Dịch thành công

tvhson‣FLYCAR‣Test1: 10.00
Thời gian ≈ 0.042575787 giây
Kết quả khớp đáp án!
tvhson‣FLYCAR‣Test10: 0.00
Chạy quá thời gian
tvhson‣FLYCAR‣Test2: 10.00
Thời gian ≈ 0.032872021 giây
Kết quả khớp đáp án!
tvhson‣FLYCAR‣Test3: 10.00
Thời gian ≈ 0.038426136 giây
Kết quả khớp đáp án!
tvhson‣FLYCAR‣Test4: 10.00
Thời gian ≈ 0.073470215 giây
Kết quả khớp đáp án!
tvhson‣FLYCAR‣Test5: 10.00
Thời gian ≈ 0.145130831 giây
Kết quả khớp đáp án!
tvhson‣FLYCAR‣Test6: 10.00
Thời gian ≈ 0.105739396 giây
Kết quả khớp đáp án!
tvhson‣FLYCAR‣Test7: 10.00
Thời gian ≈ 0.187874074 giây
Kết quả khớp đáp án!
tvhson‣FLYCAR‣Test8: 10.00
Thời gian ≈ 0.353167066 giây
Kết quả khớp đáp án!
tvhson‣FLYCAR‣Test9: 10.00
Thời gian ≈ 0.802793263 giây
Kết quả khớp đáp án!
