tvhson‣BUILDING: 100.00
BUILDING.cpp
Dịch thành công

tvhson‣BUILDING‣Test01: 5.00
Thời gian ≈ 0.032376852 giây
Kết quả khớp đáp án!
tvhson‣BUILDING‣Test02: 5.00
Thời gian ≈ 0.041519422 giây
Kết quả khớp đáp án!
tvhson‣BUILDING‣Test03: 5.00
Thời gian ≈ 0.239961539 giây
Kết quả khớp đáp án!
tvhson‣BUILDING‣Test04: 5.00
Thời gian ≈ 0.348373244 giây
Kết quả khớp đáp án!
tvhson‣BUILDING‣Test05: 5.00
Thời gian ≈ 0.572679246 giây
Kết quả khớp đáp án!
tvhson‣BUILDING‣Test06: 5.00
Thời gian ≈ 0.629322126 giây
Kết quả khớp đáp án!
tvhson‣BUILDING‣Test07: 5.00
Thời gian ≈ 0.026980980 giây
Kết quả khớp đáp án!
tvhson‣BUILDING‣Test08: 5.00
Thời gian ≈ 0.687425117 giây
Kết quả khớp đáp án!
tvhson‣BUILDING‣Test09: 5.00
Thời gian ≈ 0.566466619 giây
Kết quả khớp đáp án!
tvhson‣BUILDING‣Test10: 5.00
Thời gian ≈ 0.579895529 giây
Kết quả khớp đáp án!
tvhson‣BUILDING‣Test11: 5.00
Thời gian ≈ 0.288124112 giây
Kết quả khớp đáp án!
tvhson‣BUILDING‣Test12: 5.00
Thời gian ≈ 0.104737391 giây
Kết quả khớp đáp án!
tvhson‣BUILDING‣Test13: 5.00
Thời gian ≈ 0.038879016 giây
Kết quả khớp đáp án!
tvhson‣BUILDING‣Test14: 5.00
Thời gian ≈ 0.242237863 giây
Kết quả khớp đáp án!
tvhson‣BUILDING‣Test15: 5.00
Thời gian ≈ 0.131830189 giây
Kết quả khớp đáp án!
tvhson‣BUILDING‣Test16: 5.00
Thời gian ≈ 0.085520978 giây
Kết quả khớp đáp án!
tvhson‣BUILDING‣Test17: 5.00
Thời gian ≈ 0.237074810 giây
Kết quả khớp đáp án!
tvhson‣BUILDING‣Test18: 5.00
Thời gian ≈ 0.120441004 giây
Kết quả khớp đáp án!
tvhson‣BUILDING‣Test19: 5.00
Thời gian ≈ 0.074332741 giây
Kết quả khớp đáp án!
tvhson‣BUILDING‣Test20: 5.00
Thời gian ≈ 0.346908812 giây
Kết quả khớp đáp án!
