tvhson‣CANDY: 100.00
CANDY.cpp
Dịch thành công

tvhson‣CANDY‣Test01: 5.00
Thời gian ≈ 0.024944496 giây
Kết quả khớp đáp án!
tvhson‣CANDY‣Test02: 5.00
Thời gian ≈ 0.024262787 giây
Kết quả khớp đáp án!
tvhson‣CANDY‣Test03: 5.00
Thời gian ≈ 0.024992032 giây
Kết quả khớp đáp án!
tvhson‣CANDY‣Test04: 5.00
Thời gian ≈ 0.025274007 giây
Kết quả khớp đáp án!
tvhson‣CANDY‣Test05: 5.00
Thời gian ≈ 0.025292373 giây
Kết quả khớp đáp án!
tvhson‣CANDY‣Test06: 5.00
Thời gian ≈ 0.025522490 giây
Kết quả khớp đáp án!
tvhson‣CANDY‣Test07: 5.00
Thời gian ≈ 0.025642411 giây
Kết quả khớp đáp án!
tvhson‣CANDY‣Test08: 5.00
Thời gian ≈ 0.026483473 giây
Kết quả khớp đáp án!
tvhson‣CANDY‣Test09: 5.00
Thời gian ≈ 0.030091885 giây
Kết quả khớp đáp án!
tvhson‣CANDY‣Test10: 5.00
Thời gian ≈ 0.029790464 giây
Kết quả khớp đáp án!
tvhson‣CANDY‣Test11: 5.00
Thời gian ≈ 0.476982871 giây
Kết quả khớp đáp án!
tvhson‣CANDY‣Test12: 5.00
Thời gian ≈ 0.423085732 giây
Kết quả khớp đáp án!
tvhson‣CANDY‣Test13: 5.00
Thời gian ≈ 0.122685998 giây
Kết quả khớp đáp án!
tvhson‣CANDY‣Test14: 5.00
Thời gian ≈ 0.395077327 giây
Kết quả khớp đáp án!
tvhson‣CANDY‣Test15: 5.00
Thời gian ≈ 0.488075496 giây
Kết quả khớp đáp án!
tvhson‣CANDY‣Test16: 5.00
Thời gian ≈ 0.143706077 giây
Kết quả khớp đáp án!
tvhson‣CANDY‣Test17: 5.00
Thời gian ≈ 0.553662700 giây
Kết quả khớp đáp án!
tvhson‣CANDY‣Test18: 5.00
Thời gian ≈ 0.284837648 giây
Kết quả khớp đáp án!
tvhson‣CANDY‣Test19: 5.00
Thời gian ≈ 0.232340120 giây
Kết quả khớp đáp án!
tvhson‣CANDY‣Test20: 5.00
Thời gian ≈ 0.559052630 giây
Kết quả khớp đáp án!
