tvhson‣CUTSEQ: 100.00
CUTSEQ.cpp
Dịch thành công

tvhson‣CUTSEQ‣test0: 10.00
Thời gian ≈ 0.035971025 giây
Kết quả khớp đáp án!
tvhson‣CUTSEQ‣test1: 10.00
Thời gian ≈ 0.033555887 giây
Kết quả khớp đáp án!
tvhson‣CUTSEQ‣test2: 10.00
Thời gian ≈ 0.052748428 giây
Kết quả khớp đáp án!
tvhson‣CUTSEQ‣test3: 10.00
Thời gian ≈ 0.059476351 giây
Kết quả khớp đáp án!
tvhson‣CUTSEQ‣test4: 10.00
Thời gian ≈ 0.096662777 giây
Kết quả khớp đáp án!
tvhson‣CUTSEQ‣test5: 10.00
Thời gian ≈ 0.143573497 giây
Kết quả khớp đáp án!
tvhson‣CUTSEQ‣test6: 10.00
Thời gian ≈ 0.254795164 giây
Kết quả khớp đáp án!
tvhson‣CUTSEQ‣test7: 10.00
Thời gian ≈ 0.410172101 giây
Kết quả khớp đáp án!
tvhson‣CUTSEQ‣test8: 10.00
Thời gian ≈ 0.577430263 giây
Kết quả khớp đáp án!
tvhson‣CUTSEQ‣test9: 10.00
Thời gian ≈ 0.805773968 giây
Kết quả khớp đáp án!
