tvhson‣KMULT: 0.00
KMULT.cpp
Dịch thành công

tvhson‣KMULT‣a1: 0.00
Thời gian ≈ 0.032160606 giây
Không tìm thấy trình chấm ngoài: C:\doituyen\www\contests\tests\KMULT\CheckKMULT.exe
tvhson‣KMULT‣a10: 0.00
Thời gian ≈ 0.032026642 giây
Không tìm thấy trình chấm ngoài: C:\doituyen\www\contests\tests\KMULT\CheckKMULT.exe
tvhson‣KMULT‣a11: 0.00
Thời gian ≈ 0.032534950 giây
Không tìm thấy trình chấm ngoài: C:\doituyen\www\contests\tests\KMULT\CheckKMULT.exe
tvhson‣KMULT‣a12: 0.00
Thời gian ≈ 0.032513342 giây
Không tìm thấy trình chấm ngoài: C:\doituyen\www\contests\tests\KMULT\CheckKMULT.exe
tvhson‣KMULT‣a13: 0.00
Thời gian ≈ 0.032043927 giây
Không tìm thấy trình chấm ngoài: C:\doituyen\www\contests\tests\KMULT\CheckKMULT.exe
tvhson‣KMULT‣a14: 0.00
Thời gian ≈ 0.031675526 giây
Không tìm thấy trình chấm ngoài: C:\doituyen\www\contests\tests\KMULT\CheckKMULT.exe
tvhson‣KMULT‣a15: 0.00
Thời gian ≈ 0.033413820 giây
Không tìm thấy trình chấm ngoài: C:\doituyen\www\contests\tests\KMULT\CheckKMULT.exe
tvhson‣KMULT‣a16: 0.00
Thời gian ≈ 0.034806400 giây
Không tìm thấy trình chấm ngoài: C:\doituyen\www\contests\tests\KMULT\CheckKMULT.exe
tvhson‣KMULT‣a2: 0.00
Thời gian ≈ 0.031620968 giây
Không tìm thấy trình chấm ngoài: C:\doituyen\www\contests\tests\KMULT\CheckKMULT.exe
tvhson‣KMULT‣a3: 0.00
Thời gian ≈ 0.033223137 giây
Không tìm thấy trình chấm ngoài: C:\doituyen\www\contests\tests\KMULT\CheckKMULT.exe
tvhson‣KMULT‣a4: 0.00
Thời gian ≈ 0.030667553 giây
Không tìm thấy trình chấm ngoài: C:\doituyen\www\contests\tests\KMULT\CheckKMULT.exe
tvhson‣KMULT‣a5: 0.00
Thời gian ≈ 0.034115512 giây
Không tìm thấy trình chấm ngoài: C:\doituyen\www\contests\tests\KMULT\CheckKMULT.exe
tvhson‣KMULT‣a6: 0.00
Thời gian ≈ 0.038318640 giây
Không tìm thấy trình chấm ngoài: C:\doituyen\www\contests\tests\KMULT\CheckKMULT.exe
tvhson‣KMULT‣a7: 0.00
Thời gian ≈ 0.034193838 giây
Không tìm thấy trình chấm ngoài: C:\doituyen\www\contests\tests\KMULT\CheckKMULT.exe
tvhson‣KMULT‣a8: 0.00
Thời gian ≈ 0.034217065 giây
Không tìm thấy trình chấm ngoài: C:\doituyen\www\contests\tests\KMULT\CheckKMULT.exe
tvhson‣KMULT‣a9: 0.00
Thời gian ≈ 0.038707029 giây
Không tìm thấy trình chấm ngoài: C:\doituyen\www\contests\tests\KMULT\CheckKMULT.exe
tvhson‣KMULT‣b1: 0.00
Thời gian ≈ 0.035676628 giây
Không tìm thấy trình chấm ngoài: C:\doituyen\www\contests\tests\KMULT\CheckKMULT.exe
tvhson‣KMULT‣b2: 0.00
Thời gian ≈ 0.034327262 giây
Không tìm thấy trình chấm ngoài: C:\doituyen\www\contests\tests\KMULT\CheckKMULT.exe
tvhson‣KMULT‣b3: 0.00
Thời gian ≈ 0.049705603 giây
Không tìm thấy trình chấm ngoài: C:\doituyen\www\contests\tests\KMULT\CheckKMULT.exe
tvhson‣KMULT‣b4: 0.00
Thời gian ≈ 0.038848015 giây
Không tìm thấy trình chấm ngoài: C:\doituyen\www\contests\tests\KMULT\CheckKMULT.exe
tvhson‣KMULT‣c1: 0.00
Thời gian ≈ 0.045029278 giây
Không tìm thấy trình chấm ngoài: C:\doituyen\www\contests\tests\KMULT\CheckKMULT.exe
tvhson‣KMULT‣c10: 0.00
Thời gian ≈ 0.043907327 giây
Không tìm thấy trình chấm ngoài: C:\doituyen\www\contests\tests\KMULT\CheckKMULT.exe
tvhson‣KMULT‣c11: 0.00
Thời gian ≈ 0.047427670 giây
Không tìm thấy trình chấm ngoài: C:\doituyen\www\contests\tests\KMULT\CheckKMULT.exe
tvhson‣KMULT‣c12: 0.00
Thời gian ≈ 0.057341025 giây
Không tìm thấy trình chấm ngoài: C:\doituyen\www\contests\tests\KMULT\CheckKMULT.exe
tvhson‣KMULT‣c13: 0.00
Thời gian ≈ 0.043693956 giây
Không tìm thấy trình chấm ngoài: C:\doituyen\www\contests\tests\KMULT\CheckKMULT.exe
tvhson‣KMULT‣c14: 0.00
Thời gian ≈ 0.042102591 giây
Không tìm thấy trình chấm ngoài: C:\doituyen\www\contests\tests\KMULT\CheckKMULT.exe
tvhson‣KMULT‣c15: 0.00
Thời gian ≈ 0.050272250 giây
Không tìm thấy trình chấm ngoài: C:\doituyen\www\contests\tests\KMULT\CheckKMULT.exe
tvhson‣KMULT‣c16: 0.00
Thời gian ≈ 0.059885806 giây
Không tìm thấy trình chấm ngoài: C:\doituyen\www\contests\tests\KMULT\CheckKMULT.exe
tvhson‣KMULT‣c2: 0.00
Thời gian ≈ 0.058970204 giây
Không tìm thấy trình chấm ngoài: C:\doituyen\www\contests\tests\KMULT\CheckKMULT.exe
tvhson‣KMULT‣c3: 0.00
Thời gian ≈ 0.046635228 giây
Không tìm thấy trình chấm ngoài: C:\doituyen\www\contests\tests\KMULT\CheckKMULT.exe
tvhson‣KMULT‣c4: 0.00
Thời gian ≈ 0.060386012 giây
Không tìm thấy trình chấm ngoài: C:\doituyen\www\contests\tests\KMULT\CheckKMULT.exe
tvhson‣KMULT‣c5: 0.00
Thời gian ≈ 0.075832955 giây
Không tìm thấy trình chấm ngoài: C:\doituyen\www\contests\tests\KMULT\CheckKMULT.exe
tvhson‣KMULT‣c6: 0.00
Thời gian ≈ 0.118488148 giây
Không tìm thấy trình chấm ngoài: C:\doituyen\www\contests\tests\KMULT\CheckKMULT.exe
tvhson‣KMULT‣c7: 0.00
Thời gian ≈ 0.066521359 giây
Không tìm thấy trình chấm ngoài: C:\doituyen\www\contests\tests\KMULT\CheckKMULT.exe
tvhson‣KMULT‣c8: 0.00
Thời gian ≈ 0.045891943 giây
Không tìm thấy trình chấm ngoài: C:\doituyen\www\contests\tests\KMULT\CheckKMULT.exe
tvhson‣KMULT‣c9: 0.00
Thời gian ≈ 0.043370390 giây
Không tìm thấy trình chấm ngoài: C:\doituyen\www\contests\tests\KMULT\CheckKMULT.exe
tvhson‣KMULT‣d1: 0.00
Chạy quá thời gian
tvhson‣KMULT‣d2: 0.00
Chạy quá thời gian
tvhson‣KMULT‣d3: 0.00
Chạy quá thời gian
tvhson‣KMULT‣d4: 0.00
Chạy quá thời gian
