tvhson‣TALENT: 100.00
TALENT.cpp
Dịch thành công

tvhson‣TALENT‣test001: 10.00
Thời gian ≈ 0.014358406 giây
Kết quả khớp đáp án!
tvhson‣TALENT‣test002: 10.00
Thời gian ≈ 0.013520594 giây
Kết quả khớp đáp án!
tvhson‣TALENT‣test003: 10.00
Thời gian ≈ 0.013607562 giây
Kết quả khớp đáp án!
tvhson‣TALENT‣test004: 10.00
Thời gian ≈ 0.013554625 giây
Kết quả khớp đáp án!
tvhson‣TALENT‣test005: 10.00
Thời gian ≈ 0.014602026 giây
Kết quả khớp đáp án!
tvhson‣TALENT‣test006: 10.00
Thời gian ≈ 0.096791897 giây
Kết quả khớp đáp án!
tvhson‣TALENT‣test007: 10.00
Thời gian ≈ 0.470435652 giây
Kết quả khớp đáp án!
tvhson‣TALENT‣test008: 10.00
Thời gian ≈ 0.477209453 giây
Kết quả khớp đáp án!
tvhson‣TALENT‣test009: 10.00
Thời gian ≈ 0.508400810 giây
Kết quả khớp đáp án!
tvhson‣TALENT‣test010: 10.00
Thời gian ≈ 0.510510196 giây
Kết quả khớp đáp án!
