tvhson‣DMT: 50.00
DMT.cpp
Dịch thành công

tvhson‣DMT‣test01: 5.00
Thời gian ≈ 0.022255773 giây
Kết quả khớp đáp án!
tvhson‣DMT‣test02: 5.00
Thời gian ≈ 0.021672384 giây
Kết quả khớp đáp án!
tvhson‣DMT‣test03: 5.00
Thời gian ≈ 0.034071033 giây
Kết quả khớp đáp án!
tvhson‣DMT‣test04: 5.00
Thời gian ≈ 0.033970560 giây
Kết quả khớp đáp án!
tvhson‣DMT‣test05: 5.00
Thời gian ≈ 0.033740446 giây
Kết quả khớp đáp án!
tvhson‣DMT‣test06: 5.00
Thời gian ≈ 0.093666442 giây
Kết quả khớp đáp án!
tvhson‣DMT‣test07: 5.00
Thời gian ≈ 0.095294531 giây
Kết quả khớp đáp án!
tvhson‣DMT‣test08: 5.00
Thời gian ≈ 0.093184605 giây
Kết quả khớp đáp án!
tvhson‣DMT‣test09: 5.00
Thời gian ≈ 0.195701823 giây
Kết quả khớp đáp án!
tvhson‣DMT‣test10: 5.00
Thời gian ≈ 0.223106009 giây
Kết quả khớp đáp án!
tvhson‣DMT‣test11: 0.00
Chạy quá thời gian
tvhson‣DMT‣test12: 0.00
Chạy quá thời gian
tvhson‣DMT‣test13: 0.00
Chạy quá thời gian
tvhson‣DMT‣test14: 0.00
Chạy quá thời gian
tvhson‣DMT‣test15: 0.00
Chạy quá thời gian
tvhson‣DMT‣test16: 0.00
Chạy quá thời gian
tvhson‣DMT‣test17: 0.00
Chạy quá thời gian
tvhson‣DMT‣test18: 0.00
Chạy quá thời gian
tvhson‣DMT‣test19: 0.00
Chạy quá thời gian
tvhson‣DMT‣test20: 0.00
Chạy quá thời gian
