tvhson‣LAND: 100.00
LAND.cpp
Dịch thành công

tvhson‣LAND‣Test1: 10.00
Thời gian ≈ 0.055421771 giây
Kết quả khớp đáp án!
tvhson‣LAND‣Test10: 10.00
Thời gian ≈ 0.054526155 giây
Kết quả khớp đáp án!
tvhson‣LAND‣Test2: 10.00
Thời gian ≈ 0.030743178 giây
Kết quả khớp đáp án!
tvhson‣LAND‣Test3: 10.00
Thời gian ≈ 0.032164387 giây
Kết quả khớp đáp án!
tvhson‣LAND‣Test4: 10.00
Thời gian ≈ 0.034117132 giây
Kết quả khớp đáp án!
tvhson‣LAND‣Test5: 10.00
Thời gian ≈ 0.037842203 giây
Kết quả khớp đáp án!
tvhson‣LAND‣Test6: 10.00
Thời gian ≈ 0.038361855 giây
Kết quả khớp đáp án!
tvhson‣LAND‣Test7: 10.00
Thời gian ≈ 0.038737819 giây
Kết quả khớp đáp án!
tvhson‣LAND‣Test8: 10.00
Thời gian ≈ 0.039786846 giây
Kết quả khớp đáp án!
tvhson‣LAND‣Test9: 10.00
Thời gian ≈ 0.041629394 giây
Kết quả khớp đáp án!
