tvhson‣SAW: 100.00
SAW.cpp
Dịch thành công

tvhson‣SAW‣$SAW01: 5.00
Thời gian ≈ 0.032884445 giây
Kết quả khớp đáp án!
tvhson‣SAW‣$SAW02: 5.00
Thời gian ≈ 0.033605583 giây
Kết quả khớp đáp án!
tvhson‣SAW‣$SAW03: 5.00
Thời gian ≈ 0.035455695 giây
Kết quả khớp đáp án!
tvhson‣SAW‣$SAW04: 5.00
Thời gian ≈ 0.035432467 giây
Kết quả khớp đáp án!
tvhson‣SAW‣$SAW05: 5.00
Thời gian ≈ 0.034899311 giây
Kết quả khớp đáp án!
tvhson‣SAW‣$SAW06: 5.00
Thời gian ≈ 0.037964824 giây
Kết quả khớp đáp án!
tvhson‣SAW‣$SAW07: 5.00
Thời gian ≈ 0.114454096 giây
Kết quả khớp đáp án!
tvhson‣SAW‣$SAW08: 5.00
Thời gian ≈ 0.031025151 giây
Kết quả khớp đáp án!
tvhson‣SAW‣$SAW09: 5.00
Thời gian ≈ 0.035403837 giây
Kết quả khớp đáp án!
tvhson‣SAW‣$SAW10: 5.00
Thời gian ≈ 0.033622869 giây
Kết quả khớp đáp án!
tvhson‣SAW‣$SAW11: 5.00
Thời gian ≈ 0.486141721 giây
Kết quả khớp đáp án!
tvhson‣SAW‣$SAW12: 5.00
Thời gian ≈ 0.646480737 giây
Kết quả khớp đáp án!
tvhson‣SAW‣$SAW13: 5.00
Thời gian ≈ 0.397259134 giây
Kết quả khớp đáp án!
tvhson‣SAW‣$SAW14: 5.00
Thời gian ≈ 0.406073767 giây
Kết quả khớp đáp án!
tvhson‣SAW‣$SAW15: 5.00
Thời gian ≈ 0.506205030 giây
Kết quả khớp đáp án!
tvhson‣SAW‣$SAW16: 5.00
Thời gian ≈ 0.318579439 giây
Kết quả khớp đáp án!
tvhson‣SAW‣$SAW17: 5.00
Thời gian ≈ 0.389661524 giây
Kết quả khớp đáp án!
tvhson‣SAW‣$SAW18: 5.00
Thời gian ≈ 0.289752274 giây
Kết quả khớp đáp án!
tvhson‣SAW‣$SAW19: 5.00
Thời gian ≈ 0.254020548 giây
Kết quả khớp đáp án!
tvhson‣SAW‣$SAW20: 5.00
Thời gian ≈ 0.435962382 giây
Kết quả khớp đáp án!
