tvhson‣FLOODFILL: 100.00
FLOODFILL.cpp
Dịch thành công

tvhson‣FLOODFILL‣Test01: 5.00
Thời gian ≈ 0.052629049 giây
Kết quả khớp đáp án!
tvhson‣FLOODFILL‣Test02: 5.00
Thời gian ≈ 0.080088481 giây
Kết quả khớp đáp án!
tvhson‣FLOODFILL‣Test03: 5.00
Thời gian ≈ 0.031297941 giây
Kết quả khớp đáp án!
tvhson‣FLOODFILL‣Test04: 5.00
Thời gian ≈ 0.028886044 giây
Kết quả khớp đáp án!
tvhson‣FLOODFILL‣Test05: 5.00
Thời gian ≈ 0.029673084 giây
Kết quả khớp đáp án!
tvhson‣FLOODFILL‣Test06: 5.00
Thời gian ≈ 0.032814222 giây
Kết quả khớp đáp án!
tvhson‣FLOODFILL‣Test07: 5.00
Thời gian ≈ 0.040525270 giây
Kết quả khớp đáp án!
tvhson‣FLOODFILL‣Test08: 5.00
Thời gian ≈ 0.039510814 giây
Kết quả khớp đáp án!
tvhson‣FLOODFILL‣Test09: 5.00
Thời gian ≈ 0.045256693 giây
Kết quả khớp đáp án!
tvhson‣FLOODFILL‣Test10: 5.00
Thời gian ≈ 0.061174672 giây
Kết quả khớp đáp án!
tvhson‣FLOODFILL‣Test11: 5.00
Thời gian ≈ 0.203109267 giây
Kết quả khớp đáp án!
tvhson‣FLOODFILL‣Test12: 5.00
Thời gian ≈ 0.246536916 giây
Kết quả khớp đáp án!
tvhson‣FLOODFILL‣Test13: 5.00
Thời gian ≈ 0.131146151 giây
Kết quả khớp đáp án!
tvhson‣FLOODFILL‣Test14: 5.00
Thời gian ≈ 0.200500205 giây
Kết quả khớp đáp án!
tvhson‣FLOODFILL‣Test15: 5.00
Thời gian ≈ 0.324844429 giây
Kết quả khớp đáp án!
tvhson‣FLOODFILL‣Test16: 5.00
Thời gian ≈ 0.136737538 giây
Kết quả khớp đáp án!
tvhson‣FLOODFILL‣Test17: 5.00
Thời gian ≈ 0.107240012 giây
Kết quả khớp đáp án!
tvhson‣FLOODFILL‣Test18: 5.00
Thời gian ≈ 0.319891532 giây
Kết quả khớp đáp án!
tvhson‣FLOODFILL‣Test19: 5.00
Thời gian ≈ 0.362784944 giây
Kết quả khớp đáp án!
tvhson‣FLOODFILL‣Test20: 5.00
Thời gian ≈ 0.310582096 giây
Kết quả khớp đáp án!
