bvquoc‣FLOODFILL: 100.00
FLOODFILL.cpp
"C:\Program Files (x86)\Themis\gcc\bin\g++.exe" -std=c++14 "FLOODFILL.cpp" -pipe -O2 -s -static -lm -x c++ -o"FLOODFILL.exe" -Wl,--stack,66060288|@WorkDir=C:\ProgramData\ThemisWorkSpace\WaitRoom42759\
Dịch thành công.

bvquoc‣FLOODFILL‣Test01: 5.00
Thời gian ≈ 0.036583100 giây
Kết quả khớp đáp án!
bvquoc‣FLOODFILL‣Test02: 5.00
Thời gian ≈ 0.038694200 giây
Kết quả khớp đáp án!
bvquoc‣FLOODFILL‣Test03: 5.00
Thời gian ≈ 0.038100800 giây
Kết quả khớp đáp án!
bvquoc‣FLOODFILL‣Test04: 5.00
Thời gian ≈ 0.035969400 giây
Kết quả khớp đáp án!
bvquoc‣FLOODFILL‣Test05: 5.00
Thời gian ≈ 0.037339100 giây
Kết quả khớp đáp án!
bvquoc‣FLOODFILL‣Test06: 5.00
Thời gian ≈ 0.035895100 giây
Kết quả khớp đáp án!
bvquoc‣FLOODFILL‣Test07: 5.00
Thời gian ≈ 0.039406800 giây
Kết quả khớp đáp án!
bvquoc‣FLOODFILL‣Test08: 5.00
Thời gian ≈ 0.036930900 giây
Kết quả khớp đáp án!
bvquoc‣FLOODFILL‣Test09: 5.00
Thời gian ≈ 0.039393200 giây
Kết quả khớp đáp án!
bvquoc‣FLOODFILL‣Test10: 5.00
Thời gian ≈ 0.035616200 giây
Kết quả khớp đáp án!
bvquoc‣FLOODFILL‣Test11: 5.00
Thời gian ≈ 0.100818500 giây
Kết quả khớp đáp án!
bvquoc‣FLOODFILL‣Test12: 5.00
Thời gian ≈ 0.125674300 giây
Kết quả khớp đáp án!
bvquoc‣FLOODFILL‣Test13: 5.00
Thời gian ≈ 0.069884900 giây
Kết quả khớp đáp án!
bvquoc‣FLOODFILL‣Test14: 5.00
Thời gian ≈ 0.098941600 giây
Kết quả khớp đáp án!
bvquoc‣FLOODFILL‣Test15: 5.00
Thời gian ≈ 0.176575600 giây
Kết quả khớp đáp án!
bvquoc‣FLOODFILL‣Test16: 5.00
Thời gian ≈ 0.085090300 giây
Kết quả khớp đáp án!
bvquoc‣FLOODFILL‣Test17: 5.00
Thời gian ≈ 0.070648400 giây
Kết quả khớp đáp án!
bvquoc‣FLOODFILL‣Test18: 5.00
Thời gian ≈ 0.143855800 giây
Kết quả khớp đáp án!
bvquoc‣FLOODFILL‣Test19: 5.00
Thời gian ≈ 0.148862400 giây
Kết quả khớp đáp án!
bvquoc‣FLOODFILL‣Test20: 5.00
Thời gian ≈ 0.175383700 giây
Kết quả khớp đáp án!
