bvquoc‣NETCARD: 100.00
NETCARD.cpp
"C:\Program Files (x86)\Themis\gcc\bin\g++.exe" -std=c++14 "NETCARD.cpp" -pipe -O2 -s -static -lm -x c++ -o"NETCARD.exe" -Wl,--stack,66060288|@WorkDir=C:\ProgramData\ThemisWorkSpace\WaitRoom1887\
Dịch thành công.

bvquoc‣NETCARD‣Test01: 5.00
Thời gian ≈ 0.040200200 giây
Kết quả khớp đáp án!
bvquoc‣NETCARD‣Test02: 5.00
Thời gian ≈ 0.035795400 giây
Kết quả khớp đáp án!
bvquoc‣NETCARD‣Test03: 5.00
Thời gian ≈ 0.036458100 giây
Kết quả khớp đáp án!
bvquoc‣NETCARD‣Test04: 5.00
Thời gian ≈ 0.036006000 giây
Kết quả khớp đáp án!
bvquoc‣NETCARD‣Test05: 5.00
Thời gian ≈ 0.037212400 giây
Kết quả khớp đáp án!
bvquoc‣NETCARD‣Test06: 5.00
Thời gian ≈ 0.043768900 giây
Kết quả khớp đáp án!
bvquoc‣NETCARD‣Test07: 5.00
Thời gian ≈ 0.051260400 giây
Kết quả khớp đáp án!
bvquoc‣NETCARD‣Test08: 5.00
Thời gian ≈ 0.045853700 giây
Kết quả khớp đáp án!
bvquoc‣NETCARD‣Test09: 5.00
Thời gian ≈ 0.045672600 giây
Kết quả khớp đáp án!
bvquoc‣NETCARD‣Test10: 5.00
Thời gian ≈ 0.042201200 giây
Kết quả khớp đáp án!
bvquoc‣NETCARD‣Test11: 5.00
Thời gian ≈ 0.130816600 giây
Kết quả khớp đáp án!
bvquoc‣NETCARD‣Test12: 5.00
Thời gian ≈ 0.067635800 giây
Kết quả khớp đáp án!
bvquoc‣NETCARD‣Test13: 5.00
Thời gian ≈ 0.093450700 giây
Kết quả khớp đáp án!
bvquoc‣NETCARD‣Test14: 5.00
Thời gian ≈ 0.085375900 giây
Kết quả khớp đáp án!
bvquoc‣NETCARD‣Test15: 5.00
Thời gian ≈ 0.067396700 giây
Kết quả khớp đáp án!
bvquoc‣NETCARD‣Test16: 5.00
Thời gian ≈ 0.075559700 giây
Kết quả khớp đáp án!
bvquoc‣NETCARD‣Test17: 5.00
Thời gian ≈ 0.067775300 giây
Kết quả khớp đáp án!
bvquoc‣NETCARD‣Test18: 5.00
Thời gian ≈ 0.114488900 giây
Kết quả khớp đáp án!
bvquoc‣NETCARD‣Test19: 5.00
Thời gian ≈ 0.075929900 giây
Kết quả khớp đáp án!
bvquoc‣NETCARD‣Test20: 5.00
Thời gian ≈ 0.138684500 giây
Kết quả khớp đáp án!
