tvhson‣BONUS: 200.00
BONUS.cpp
"C:\Program Files (x86)\Themis\gcc\bin\g++.exe" -std=c++14 "BONUS.cpp" -pipe -O2 -s -static -lm -x c++ -o"BONUS.exe" -Wl,--stack,66060288|@WorkDir=C:\ProgramData\ThemisWorkSpace\WaitRoom20211\
Dịch thành công.

tvhson‣BONUS‣$BONUS01: 10.00
Thời gian ≈ 0.036341300 giây
Kết quả khớp đáp án!
tvhson‣BONUS‣$BONUS02: 10.00
Thời gian ≈ 0.036909900 giây
Kết quả khớp đáp án!
tvhson‣BONUS‣$BONUS03: 10.00
Thời gian ≈ 0.035016600 giây
Kết quả khớp đáp án!
tvhson‣BONUS‣$BONUS04: 10.00
Thời gian ≈ 0.034916800 giây
Kết quả khớp đáp án!
tvhson‣BONUS‣$BONUS05: 10.00
Thời gian ≈ 0.036435400 giây
Kết quả khớp đáp án!
tvhson‣BONUS‣$BONUS06: 10.00
Thời gian ≈ 0.034871300 giây
Kết quả khớp đáp án!
tvhson‣BONUS‣$BONUS07: 10.00
Thời gian ≈ 0.036187200 giây
Kết quả khớp đáp án!
tvhson‣BONUS‣$BONUS08: 10.00
Thời gian ≈ 0.036566500 giây
Kết quả khớp đáp án!
tvhson‣BONUS‣$BONUS09: 10.00
Thời gian ≈ 0.059807100 giây
Kết quả khớp đáp án!
tvhson‣BONUS‣$BONUS10: 10.00
Thời gian ≈ 0.065220800 giây
Kết quả khớp đáp án!
tvhson‣BONUS‣$BONUS11: 10.00
Thời gian ≈ 0.044557500 giây
Kết quả khớp đáp án!
tvhson‣BONUS‣$BONUS12: 10.00
Thời gian ≈ 0.060535900 giây
Kết quả khớp đáp án!
tvhson‣BONUS‣$BONUS13: 10.00
Thời gian ≈ 0.054312600 giây
Kết quả khớp đáp án!
tvhson‣BONUS‣$BONUS14: 10.00
Thời gian ≈ 0.074552100 giây
Kết quả khớp đáp án!
tvhson‣BONUS‣$BONUS15: 10.00
Thời gian ≈ 0.053524700 giây
Kết quả khớp đáp án!
tvhson‣BONUS‣$BONUS16: 10.00
Thời gian ≈ 0.073715300 giây
Kết quả khớp đáp án!
tvhson‣BONUS‣$BONUS17: 10.00
Thời gian ≈ 0.055288100 giây
Kết quả khớp đáp án!
tvhson‣BONUS‣$BONUS18: 10.00
Thời gian ≈ 0.065930500 giây
Kết quả khớp đáp án!
tvhson‣BONUS‣$BONUS19: 10.00
Thời gian ≈ 0.057226200 giây
Kết quả khớp đáp án!
tvhson‣BONUS‣$BONUS20: 10.00
Thời gian ≈ 0.084039000 giây
Kết quả khớp đáp án!
tvhson‣BONUS‣test01: 0.00
Thời gian ≈ 0.039133000 giây
Kết quả KHÁC đáp án!
tvhson‣BONUS‣test02: 0.00
Thời gian ≈ 0.042432000 giây
Kết quả KHÁC đáp án!
tvhson‣BONUS‣test03: 0.00
Thời gian ≈ 0.035800700 giây
Kết quả KHÁC đáp án!
tvhson‣BONUS‣test04: 0.00
Thời gian ≈ 0.035497100 giây
Kết quả KHÁC đáp án!
tvhson‣BONUS‣test05: 0.00
Thời gian ≈ 0.081598200 giây
Kết quả KHÁC đáp án!
tvhson‣BONUS‣test06: 0.00
Thời gian ≈ 0.039760900 giây
Kết quả KHÁC đáp án!
tvhson‣BONUS‣test07: 0.00
Thời gian ≈ 0.039825000 giây
Kết quả KHÁC đáp án!
tvhson‣BONUS‣test08: 0.00
Thời gian ≈ 0.110100100 giây
Kết quả KHÁC đáp án!
tvhson‣BONUS‣test09: 0.00
Thời gian ≈ 0.062546000 giây
Kết quả KHÁC đáp án!
tvhson‣BONUS‣test10: 0.00
Thời gian ≈ 0.065162400 giây
Kết quả KHÁC đáp án!
