lxnam‣NETCARD: 50.00
NETCARD.cpp
"C:\Program Files (x86)\Themis\gcc\bin\g++.exe" -std=c++14 "NETCARD.cpp" -pipe -O2 -s -static -lm -x c++ -o"NETCARD.exe" -Wl,--stack,66060288|@WorkDir=C:\ProgramData\ThemisWorkSpace\WaitRoom34758\
Dịch thành công.

lxnam‣NETCARD‣Test01: 5.00
Thời gian ≈ 0.084559100 giây
Kết quả khớp đáp án!
lxnam‣NETCARD‣Test02: 5.00
Thời gian ≈ 0.035884700 giây
Kết quả khớp đáp án!
lxnam‣NETCARD‣Test03: 5.00
Thời gian ≈ 0.036014400 giây
Kết quả khớp đáp án!
lxnam‣NETCARD‣Test04: 5.00
Thời gian ≈ 0.036529200 giây
Kết quả khớp đáp án!
lxnam‣NETCARD‣Test05: 5.00
Thời gian ≈ 0.036510000 giây
Kết quả khớp đáp án!
lxnam‣NETCARD‣Test06: 5.00
Thời gian ≈ 0.133400500 giây
Kết quả khớp đáp án!
lxnam‣NETCARD‣Test07: 5.00
Thời gian ≈ 0.098844300 giây
Kết quả khớp đáp án!
lxnam‣NETCARD‣Test08: 5.00
Thời gian ≈ 0.050733400 giây
Kết quả khớp đáp án!
lxnam‣NETCARD‣Test09: 5.00
Thời gian ≈ 0.070777400 giây
Kết quả khớp đáp án!
lxnam‣NETCARD‣Test10: 0.00
Thời gian ≈ 0.048357700 giây
Kết quả KHÁC đáp án!
lxnam‣NETCARD‣Test11: 0.00
Thời gian ≈ 0.192437200 giây
Kết quả KHÁC đáp án!
lxnam‣NETCARD‣Test12: 5.00
Thời gian ≈ 0.144382100 giây
Kết quả khớp đáp án!
lxnam‣NETCARD‣Test13: 0.00
Thời gian ≈ 0.154095500 giây
Kết quả KHÁC đáp án!
lxnam‣NETCARD‣Test14: 0.00
Thời gian ≈ 0.184210500 giây
Kết quả KHÁC đáp án!
lxnam‣NETCARD‣Test15: 0.00
Thời gian ≈ 0.086885600 giây
Kết quả KHÁC đáp án!
lxnam‣NETCARD‣Test16: 0.00
Thời gian ≈ 0.124959400 giây
Kết quả KHÁC đáp án!
lxnam‣NETCARD‣Test17: 0.00
Thời gian ≈ 0.105726700 giây
Kết quả KHÁC đáp án!
lxnam‣NETCARD‣Test18: 0.00
Thời gian ≈ 0.212931100 giây
Kết quả KHÁC đáp án!
lxnam‣NETCARD‣Test19: 0.00
Thời gian ≈ 0.110996400 giây
Kết quả KHÁC đáp án!
lxnam‣NETCARD‣Test20: 0.00
Thời gian ≈ 0.274803800 giây
Kết quả KHÁC đáp án!
